gpasm-0.13.7 beta               pc_to_bus_wakeup_tx-enable/main.asm6-24-2012  02:40:53          PAGE  1


LOC  OBJECT CODE     LINE SOURCE TEXT
  VALUE
 
               00001 List      P=16f690              ; list directive to define processor
               00002 #include <p16f690.inc>
               00001         LIST
               00002 ; P16F690.INC  Standard Header File, Version 1.00    Microchip Technology, Inc.
               00607         LIST
               00003              errorlevel -302
002007 30D4    00004                 __config (_INTRC_OSC_NOCLKOUT & _WDT_OFF & _PWRTE_OFF & _MCLRE_OFF & _CP_OFF & _BOR_OFF & _IESO_OFF & _FCMEN_OFF)
               00005 
               00006 ;;;       __config  _FCMEN_OFF& _IESO_OFF& _MCLRE_OFF& _WDT_OFF& _INTOSCIO
               00007 ;;; ;
               00008 ;;; ;    _FCMEN_OFF           ; -- fail safe clock monitor enable off
               00009 ;;; ;    _IESO_OFF            ; -- int/ext switch over enable off
               00010 ;;; ;    _BOR_ON              ; default, brown out reset on
               00011 ;;; ;    _CPD_OFF             ; default, data eeprom protection off
               00012 ;;; ;    _CP_OFF              ; default, program code protection off
               00013 ;;; ;    _MCLR_OFF            ; -- use MCLR pin as digital input
               00014 ;;; ;    _PWRTE_OFF           ; default, power up timer off
               00015 ;;; ;    _WDT_OFF             ; -- watch dog timer off
               00016 ;;; ;    _INTOSCIO            ; -- internal osc, RA6 and RA7 I/O
               00017 ;;; ;
               00018 
               00019 ;;; ;  --< constants >---------------------------------------------------
               00020 
               00021         radix dec
               00022 
  00000008     00023 clock   equ     8               ; 8 MHz
  00004B00     00024 baud    equ     19200   ; 19200, 57600, or 115200
  00000004     00025 brgdiv  equ     4       ; divider value for BRG16 = 1
  00000067     00026 brgval  equ     (clock*10000000/baud/brgdiv+5)/10-1
               00027         
               00028 
               00029         cblock  0x20
               00030                      d1         ; Define three file registers for the
               00031                      d2         ; delay loop
               00032                      d3
               00033                      d4
               00034         endc
               00035         
0000           00036         org     0x000
0000 2805      00037         goto    Init
0004           00038         org     0x004
0004 2826      00039         goto    intserv
               00040 
0005 00041 Init:   
0005 1703      00042                         bsf     STATUS,RP1 ; bank 2                          |B2
0006 019E      00043                         clrf    ANSEL      ; turn off ADC pins               |B2
0007 019F      00044                         clrf    ANSELH     ; turn off ADC pins               |B2
               00045 ;;;
               00046 ;;;    setup 8 MHz INTOSC
               00047 ;;;
0008 1303      00048                         bcf     STATUS,RP1 ; bank 0                          |B0
0009 1683      00049                         bsf     STATUS,RP0 ; bank 1                          |B1
000A 3070      00050                         movlw   b'01110000' ; '01110000'                      |B1
000B 008F      00051                         movwf   OSCCON      ;                                 |B1
gpasm-0.13.7 beta               pc_to_bus_wakeup_tx-enable/main.asm6-24-2012  02:40:53          PAGE  2


LOC  OBJECT CODE     LINE SOURCE TEXT
  VALUE
 
000C 00052 Stable:                 
000C 1D0F      00053                         btfss   OSCCON,HTS ; osc stable? yes, skip, else     |B1
000D 280C      00054                         goto    Stable     ; test again                      |B1
               00055 ;;;
               00056 ;;;    setup ports
               00057 ;;;
000E 30FF      00058                         movlw 0xFF
000F 0085      00059                         movwf TRISA ; Make PortA all input
0010 0186      00060                         clrf    TRISB ; setup PORT B all outputs        |B1
0011 0187      00061                         clrf    TRISC ; setup PORT C all outputs        |B1
               00062 ;;;
               00063 ;;;  Set interupts
               00064 ;;;
               00065 
0012 3020      00066                         movlw   b'00100000'
0013 008C      00067                         movwf   PIE1
               00068 
               00069 ;;;
               00070 ;;;    setup UART module for 19200 baud (8 MHz Clock)
               00071 ;;;
0014 3067      00072                         movlw   low(brgval) ;                                 |B1
0015 0099      00073                         movwf   SPBRG       ;                                 |B1
0016 3000      00074                         movlw   high(brgval) ;                                 |B1
0017 009A      00075                         movwf   SPBRGH       ;                                 |B1
0018 159B      00076                         bsf     BAUDCTL,BRG16 ; select 16 bit BRG               |B1
0019 3024      00077                         movlw   b'00100100'   ; '0-------' CSRC, n/a (async)    |B1
               00078 ;;;   '-0------' TX9 off, 8 bits      |B1
               00079 ;;;   '--1-----' TXEN, tx enabled     |B1
               00080 ;;;   '---0----' SYNC, async mode     |B1
               00081 ;;;   '----0---' SENDB, send brk      |B1
               00082 ;;;   '-----1--' BRGH, high speed     |B1
               00083 ;;;   '------00' TRMT, TX9D           |B1
001A 0098      00084                         movwf   TXSTA ;                                 |B1
001B 1283      00085                         bcf     STATUS,RP0 ; bank 0                          |B0
001C 3090      00086                         movlw   b'10010000' ; '1-------' SPEN, port enabled   |B0
               00087 ;;;   '-0------' RX9 off, 8 bits      |B0
               00088 ;;;   '--0-----' SREN, n/a (async)    |B0
               00089 ;;;   '---1----' CREN, rx enabled     |B0
               00090 ;;;   '----0---' ADDEN off            |B0
               00091 ;;;   '-----000' FERR, OERR, RX9D     |B0
001D 0098      00092                         movwf   RCSTA ;                                 |B0
001E 081A      00093                         movf    RCREG,W ; flush Rx Buffer                 |B0
001F 081A      00094                         movf    RCREG,W ;                                 |B0         
               00095 ;;;
               00096 ;;;  Set Interrupts
               00097 ;;;
               00098 
0020 178B      00099                         bsf     INTCON, GIE
0021 170B      00100                         bsf     INTCON, PEIE
               00101 ;;;
               00102 ;;;  SET RX/TX parameters
               00103 ;;;
               00104 
               00105 ;;;       Do not clear the adress:es, use the one that is set, read the speedbus text, "Adress handeling system!"
gpasm-0.13.7 beta               pc_to_bus_wakeup_tx-enable/main.asm6-24-2012  02:40:53          PAGE  3


LOC  OBJECT CODE     LINE SOURCE TEXT
  VALUE
 
               00106 ;;;       clrf    adress1
               00107 ;;;       clrf    adress2
0022 1206      00108                         bcf     PORTB,4
               00109         
0023 00110 start:
0023 1898      00111                         btfsc   RCSTA,OERR
0024 2034      00112                         call    recerror
0025 2823      00113                         goto    start
               00114 
0026 00115 intserv:
0026 138B      00116                         bcf     INTCON, GIE
0027 1606      00117                         bsf     PORTB,4
0028 1407      00118                         bsf     PORTC,0
0029 1587      00119                         bsf     PORTC,3
002A 019A      00120                         clrf    RCREG
               00121                         
002B 1898      00122                         btfsc   RCSTA,OERR
002C 2034      00123                         call    recerror
002D 3002      00124                         movlw   2
002E 2037      00125                         call    Delay
002F 1A8C      00126                         btfsc   PIR1,RCIF               ;       Check if the recived data bit is set
0030 2826      00127                         goto    intserv
0031 1206      00128                         bcf     PORTB,4
0032 1187      00129                         bcf     PORTC,3
0033 0009      00130                         retfie
               00131 
0034 00132 recerror:
               00133 ;;;  Do somthing
0034 1218      00134                 bcf     RCSTA,CREN
0035 1618      00135                 bsf     RCSTA,CREN
0036 0008      00136                 return
               00137         
               00138         
0037 00139 Delay:
               00140 ;;;  499994 cycles
0037 00A2      00141                 movwf   d3
0038 30FF      00142                 movlw   0xFF
0039 00A1      00143                 movwf   d2
003A 3032      00144                 movlw   50
003B 00A0      00145                 movwf   d1
003C 00146 Delay_0:
003C 0BA0      00147                 decfsz  d1, f
003D 283C      00148                 goto    $-1
003E 3014      00149                 movlw   20      ; Need this for tuning
003F 00A0      00150                 movwf   d1
0040 0BA1      00151                 decfsz  d2, f
0041 283B      00152                 goto    $-6
0042 3064      00153                 movlw   100
0043 00A1      00154                 movwf   d2
0044 0BA2      00155                 decfsz  d3, f
0045 283C      00156                 goto    Delay_0
0046 0008      00157                 return
gpasm-0.13.7 beta               pc_to_bus_wakeup_tx-enable/main.asm6-24-2012  02:40:53          PAGE  4


SYMBOL TABLE
  LABEL                             VALUE 

ABDEN                             00000000
ABDOVF                            00000007
ADCON0                            0000001F
ADCON1                            0000009F
ADCS0                             00000004
ADCS1                             00000005
ADCS2                             00000006
ADDEN                             00000003
ADFM                              00000007
ADIE                              00000006
ADIF                              00000006
ADON                              00000000
ADRESH                            0000001E
ADRESL                            0000009E
ANS0                              00000000
ANS1                              00000001
ANS10                             00000002
ANS11                             00000003
ANS2                              00000002
ANS3                              00000003
ANS4                              00000004
ANS5                              00000005
ANS6                              00000006
ANS7                              00000007
ANS8                              00000000
ANS9                              00000001
ANSEL                             0000011E
ANSELH                            0000011F
BAUDCTL                           0000009B
BF                                00000000
BRG0                              00000000
BRG1                              00000001
BRG10                             00000002
BRG11                             00000003
BRG12                             00000004
BRG13                             00000005
BRG14                             00000006
BRG15                             00000007
BRG16                             00000003
BRG2                              00000002
BRG3                              00000003
BRG4                              00000004
BRG5                              00000005
BRG6                              00000006
BRG7                              00000007
BRG8                              00000000
BRG9                              00000001
BRGH                              00000002
C                                 00000000
C1CH0                             00000000
C1CH1                             00000001
C1IE                              00000005
C1IF                              00000005
gpasm-0.13.7 beta               pc_to_bus_wakeup_tx-enable/main.asm6-24-2012  02:40:53          PAGE  5


LOC  OBJECT CODE     LINE SOURCE TEXT
  VALUE
 
C1OE                              00000005
C1ON                              00000007
C1OUT                             00000006
C1POL                             00000004
C1R                               00000002
C1SEN                             00000005
C1VREN                            00000007
C2CH0                             00000000
C2CH1                             00000001
C2IE                              00000006
C2IF                              00000006
C2OE                              00000005
C2ON                              00000007
C2OUT                             00000006
C2POL                             00000004
C2R                               00000002
C2REN                             00000004
C2SYNC                            00000000
C2VREN                            00000006
CCP1CON                           00000017
CCP1IE                            00000002
CCP1IF                            00000002
CCP1M0                            00000000
CCP1M1                            00000001
CCP1M2                            00000002
CCP1M3                            00000003
CCPR1H                            00000016
CCPR1L                            00000015
CHS0                              00000002
CHS1                              00000003
CHS2                              00000004
CHS3                              00000005
CKE                               00000006
CKP                               00000004
CM1CON0                           00000119
CM2CON0                           0000011A
CM2CON1                           0000011B
CREN                              00000004
CSRC                              00000007
D                                 00000005
DATA_ADDRESS                      00000005
DC                                00000001
DC1B0                             00000004
DC1B1                             00000005
D_A                               00000005
Delay                             00000037
Delay_0                           0000003C
ECCPAS                            0000001D
ECCPAS0                           00000004
ECCPAS1                           00000005
ECCPAS2                           00000006
ECCPASE                           00000007
EEADR                             0000010D
EEADRH                            0000010F
gpasm-0.13.7 beta               pc_to_bus_wakeup_tx-enable/main.asm6-24-2012  02:40:53          PAGE  6


LOC  OBJECT CODE     LINE SOURCE TEXT
  VALUE
 
EECON1                            0000018C
EECON2                            0000018D
EEDAT                             0000010C
EEDATA                            0000010C
EEDATH                            0000010E
EEIE                              00000004
EEIF                              00000004
EEPGD                             00000007
F                                 00000001
FERR                              00000002
FSR                               00000004
GIE                               00000007
GO                                00000001
GO_DONE                           00000001
HTS                               00000002
I2C_DATA                          00000005
I2C_READ                          00000002
I2C_START                         00000003
I2C_STOP                          00000004
INDF                              00000000
INTCON                            0000000B
INTE                              00000004
INTEDG                            00000006
INTF                              00000001
IOC                               00000096
IOC0                              00000000
IOC1                              00000001
IOC2                              00000002
IOC3                              00000003
IOC4                              00000004
IOC5                              00000005
IOCA                              00000096
IOCA0                             00000000
IOCA1                             00000001
IOCA2                             00000002
IOCA3                             00000003
IOCA4                             00000004
IOCA5                             00000005
IOCB                              00000116
IOCB4                             00000004
IOCB5                             00000005
IOCB6                             00000006
IOCB7                             00000007
IRCF0                             00000004
IRCF1                             00000005
IRCF2                             00000006
IRP                               00000007
Init                              00000005
LTS                               00000001
MC1OUT                            00000007
MC2OUT                            00000006
MSK                               00000093
NOT_A                             00000005
NOT_ADDRESS                       00000005
gpasm-0.13.7 beta               pc_to_bus_wakeup_tx-enable/main.asm6-24-2012  02:40:53          PAGE  7


LOC  OBJECT CODE     LINE SOURCE TEXT
  VALUE
 
NOT_BOR                           00000000
NOT_DONE                          00000001
NOT_PD                            00000003
NOT_POR                           00000001
NOT_RABPU                         00000007
NOT_T1SYNC                        00000002
NOT_TO                            00000004
NOT_W                             00000002
NOT_WRITE                         00000002
OERR                              00000001
OPTION_REG                        00000081
OSCCON                            0000008F
OSCTUNE                           00000090
OSFIE                             00000007
OSFIF                             00000007
OSTS                              00000003
P                                 00000004
P1M0                              00000006
P1M1                              00000007
PCL                               00000002
PCLATH                            0000000A
PCON                              0000008E
PDC0                              00000000
PDC1                              00000001
PDC2                              00000002
PDC3                              00000003
PDC4                              00000004
PDC5                              00000005
PDC6                              00000006
PEIE                              00000006
PIE1                              0000008C
PIE2                              0000008D
PIR1                              0000000C
PIR2                              0000000D
PORTA                             00000005
PORTB                             00000006
PORTC                             00000007
PR2                               00000092
PRSEN                             00000007
PS0                               00000000
PS1                               00000001
PS2                               00000002
PSA                               00000003
PSSAC0                            00000002
PSSAC1                            00000003
PSSBD0                            00000000
PSSBD1                            00000001
PSTRCON                           0000019D
PULSR                             00000002
PULSS                             00000003
PWM1CON                           0000001C
R                                 00000002
RABIE                             00000003
RABIF                             00000000
gpasm-0.13.7 beta               pc_to_bus_wakeup_tx-enable/main.asm6-24-2012  02:40:53          PAGE  8


LOC  OBJECT CODE     LINE SOURCE TEXT
  VALUE
 
RCIDL                             00000006
RCIE                              00000005
RCIF                              00000005
RCREG                             0000001A
RCSTA                             00000018
RD                                00000000
READ_WRITE                        00000002
RP0                               00000005
RP1                               00000006
RX9                               00000006
RX9D                              00000000
R_W                               00000002
S                                 00000003
SBOREN                            00000004
SCKP                              00000004
SCS                               00000000
SENB                              00000003
SMP                               00000007
SPBRG                             00000099
SPBRGH                            0000009A
SPEN                              00000007
SR0                               00000006
SR1                               00000007
SRCON                             0000019E
SREN                              00000005
SSPADD                            00000093
SSPBUF                            00000013
SSPCON                            00000014
SSPEN                             00000005
SSPIE                             00000003
SSPIF                             00000003
SSPM0                             00000000
SSPM1                             00000001
SSPM2                             00000002
SSPM3                             00000003
SSPMSK                            00000093
SSPOV                             00000006
SSPSTAT                           00000094
STATUS                            00000003
STRA                              00000000
STRB                              00000001
STRC                              00000002
STRD                              00000003
STRSYNC                           00000004
SWDTEN                            00000000
SYNC                              00000004
Stable                            0000000C
T0CS                              00000005
T0IE                              00000005
T0IF                              00000002
T0SE                              00000004
T1CKPS0                           00000004
T1CKPS1                           00000005
T1CON                             00000010
gpasm-0.13.7 beta               pc_to_bus_wakeup_tx-enable/main.asm6-24-2012  02:40:53          PAGE  9


LOC  OBJECT CODE     LINE SOURCE TEXT
  VALUE
 
T1GINV                            00000007
T1GSS                             00000001
T1IE                              00000000
T1IF                              00000000
T1OSCEN                           00000003
T2CKPS0                           00000000
T2CKPS1                           00000001
T2CON                             00000012
T2IE                              00000001
T2IF                              00000001
TMR0                              00000001
TMR1CS                            00000001
TMR1GE                            00000006
TMR1H                             0000000F
TMR1IE                            00000000
TMR1IF                            00000000
TMR1L                             0000000E
TMR1ON                            00000000
TMR2                              00000011
TMR2IE                            00000001
TMR2IF                            00000001
TMR2ON                            00000002
TOUTPS0                           00000003
TOUTPS1                           00000004
TOUTPS2                           00000005
TOUTPS3                           00000006
TRISA                             00000085
TRISA0                            00000000
TRISA1                            00000001
TRISA2                            00000002
TRISA3                            00000003
TRISA4                            00000004
TRISA5                            00000005
TRISB                             00000086
TRISB4                            00000004
TRISB5                            00000005
TRISB6                            00000006
TRISB7                            00000007
TRISC                             00000087
TRISC0                            00000000
TRISC1                            00000001
TRISC2                            00000002
TRISC3                            00000003
TRISC4                            00000004
TRISC5                            00000005
TRISC6                            00000006
TRISC7                            00000007
TRMT                              00000001
TUN0                              00000000
TUN1                              00000001
TUN2                              00000002
TUN3                              00000003
TUN4                              00000004
TX9                               00000006
gpasm-0.13.7 beta               pc_to_bus_wakeup_tx-enable/main.asm6-24-2012  02:40:53          PAGE 10


LOC  OBJECT CODE     LINE SOURCE TEXT
  VALUE
 
TX9D                              00000000
TXEN                              00000005
TXIE                              00000004
TXIF                              00000004
TXREG                             00000019
TXSTA                             00000098
UA                                00000001
ULPWUE                            00000005
VCFG                              00000006
VP6EN                             00000004
VR0                               00000000
VR1                               00000001
VR2                               00000002
VR3                               00000003
VRCON                             00000118
VRR                               00000005
W                                 00000000
WCOL                              00000007
WDTCON                            00000097
WDTPS0                            00000001
WDTPS1                            00000002
WDTPS2                            00000003
WDTPS3                            00000004
WPU                               00000095
WPUA                              00000095
WPUA0                             00000000
WPUA1                             00000001
WPUA2                             00000002
WPUA4                             00000004
WPUA5                             00000005
WPUB                              00000115
WPUB4                             00000004
WPUB5                             00000005
WPUB6                             00000006
WPUB7                             00000007
WR                                00000001
WREN                              00000002
WRERR                             00000003
WUE                               00000001
Z                                 00000002
_BOR_NSLEEP                       00003EFF
_BOR_OFF                          00003CFF
_BOR_ON                           00003FFF
_BOR_SBODEN                       00003DFF
_CPD_OFF                          00003FFF
_CPD_ON                           00003F7F
_CP_OFF                           00003FFF
_CP_ON                            00003FBF
_EC_OSC                           00003FFB
_EXTRC                            00003FFF
_EXTRCIO                          00003FFE
_EXTRC_OSC_CLKOUT                 00003FFF
_EXTRC_OSC_NOCLKOUT               00003FFE
_FCMEN_OFF                        000037FF
gpasm-0.13.7 beta               pc_to_bus_wakeup_tx-enable/main.asm6-24-2012  02:40:53          PAGE 11


LOC  OBJECT CODE     LINE SOURCE TEXT
  VALUE
 
_FCMEN_ON                         00003FFF
_HS_OSC                           00003FFA
_IESO_OFF                         00003BFF
_IESO_ON                          00003FFF
_INTOSC                           00003FFD
_INTOSCIO                         00003FFC
_INTRC_OSC_CLKOUT                 00003FFD
_INTRC_OSC_NOCLKOUT               00003FFC
_LP_OSC                           00003FF8
_MCLRE_OFF                        00003FDF
_MCLRE_ON                         00003FFF
_PWRTE_OFF                        00003FFF
_PWRTE_ON                         00003FEF
_WDT_OFF                          00003FF7
_WDT_ON                           00003FFF
_XT_OSC                           00003FF9
__16F690                          00000001
baud                              00004B00
brgdiv                            00000004
brgval                            00000067
clock                             00000008
d1                                00000020
d2                                00000021
d3                                00000022
d4                                00000023
intserv                           00000026
recerror                          00000034
start                             00000023


MEMORY USAGE MAP ('X' = Used,  '-' = Unused)

00000000 : X---XXXXXXXXXXXX XXXXXXXXXXXXXXXX XXXXXXXXXXXXXXXX XXXXXXXXXXXXXXXX
00000040 : XXXXXXX--------- ---------------- ---------------- ----------------
00002000 : -------X-------- ---------------- ---------------- ----------------

All other memory blocks unused.

Program Memory Words Used: 69


Errors   :       0
Warnings :       0 reported,       0 suppressed
Messages :       0 reported,      12 suppressed

