Error[113]   /home/oscar/speedbus/pic/mplabx.proj/speedlib/SpeedBus.PIC.Lib.X/speedlib_main.asm 91 : Symbol not previously defined (PORTB)
Error[113]   /home/oscar/speedbus/pic/mplabx.proj/speedlib/SpeedBus.PIC.Lib.X/speedlib_main.asm 111 : Symbol not previously defined (STATUS)
Error[113]   /home/oscar/speedbus/pic/mplabx.proj/speedlib/SpeedBus.PIC.Lib.X/speedlib_main.asm 111 : Symbol not previously defined (Z)
Error[113]   /home/oscar/speedbus/pic/mplabx.proj/speedlib/SpeedBus.PIC.Lib.X/speedlib_main.asm 115 : Symbol not previously defined (STATUS)
Error[113]   /home/oscar/speedbus/pic/mplabx.proj/speedlib/SpeedBus.PIC.Lib.X/speedlib_main.asm 115 : Symbol not previously defined (Z)
Error[113]   /home/oscar/speedbus/pic/mplabx.proj/speedlib/SpeedBus.PIC.Lib.X/speedlib_main.asm 264 : Symbol not previously defined (PIR1)
Error[113]   /home/oscar/speedbus/pic/mplabx.proj/speedlib/SpeedBus.PIC.Lib.X/speedlib_main.asm 264 : Symbol not previously defined (RCIF)
Error[113]   /home/oscar/speedbus/pic/mplabx.proj/speedlib/SpeedBus.PIC.Lib.X/speedlib_main.asm 270 : Symbol not previously defined (STATUS)
Error[113]   /home/oscar/speedbus/pic/mplabx.proj/speedlib/SpeedBus.PIC.Lib.X/speedlib_main.asm 271 : Symbol not previously defined (STATUS)
Error[113]   /home/oscar/speedbus/pic/mplabx.proj/speedlib/SpeedBus.PIC.Lib.X/speedlib_main.asm 273 : Symbol not previously defined (PCLATH)
Error[113]   /home/oscar/speedbus/pic/mplabx.proj/speedlib/SpeedBus.PIC.Lib.X/speedlib_main.asm 287 : Symbol not previously defined (PIR1)
Error[113]   /home/oscar/speedbus/pic/mplabx.proj/speedlib/SpeedBus.PIC.Lib.X/speedlib_main.asm 287 : Symbol not previously defined (RCIF)
Error[113]   /home/oscar/speedbus/pic/mplabx.proj/speedlib/SpeedBus.PIC.Lib.X/speedlib_main.asm 313 : Symbol not previously defined (PCLATH)
Error[113]   /home/oscar/speedbus/pic/mplabx.proj/speedlib/SpeedBus.PIC.Lib.X/speedlib_main.asm 315 : Symbol not previously defined (STATUS)
Error[113]   /home/oscar/speedbus/pic/mplabx.proj/speedlib/SpeedBus.PIC.Lib.X/speedlib_main.asm 328 : Symbol not previously defined (RCREG)
Error[113]   /home/oscar/speedbus/pic/mplabx.proj/speedlib/SpeedBus.PIC.Lib.X/speedlib_main.asm 329 : Symbol not previously defined (STATUS)
Error[113]   /home/oscar/speedbus/pic/mplabx.proj/speedlib/SpeedBus.PIC.Lib.X/speedlib_main.asm 329 : Symbol not previously defined (Z)
Error[113]   /home/oscar/speedbus/pic/mplabx.proj/speedlib/SpeedBus.PIC.Lib.X/speedlib_main.asm 333 : Symbol not previously defined (PORTC)
Error[113]   /home/oscar/speedbus/pic/mplabx.proj/speedlib/SpeedBus.PIC.Lib.X/speedlib_main.asm 339 : Symbol not previously defined (RCREG)
Error[113]   /home/oscar/speedbus/pic/mplabx.proj/speedlib/SpeedBus.PIC.Lib.X/speedlib_main.asm 340 : Symbol not previously defined (STATUS)
Error[113]   /home/oscar/speedbus/pic/mplabx.proj/speedlib/SpeedBus.PIC.Lib.X/speedlib_main.asm 340 : Symbol not previously defined (Z)
Error[113]   /home/oscar/speedbus/pic/mplabx.proj/speedlib/SpeedBus.PIC.Lib.X/speedlib_main.asm 358 : Symbol not previously defined (RCREG)
Error[113]   /home/oscar/speedbus/pic/mplabx.proj/speedlib/SpeedBus.PIC.Lib.X/speedlib_main.asm 359 : Symbol not previously defined (STATUS)
Error[113]   /home/oscar/speedbus/pic/mplabx.proj/speedlib/SpeedBus.PIC.Lib.X/speedlib_main.asm 359 : Symbol not previously defined (Z)
Error[113]   /home/oscar/speedbus/pic/mplabx.proj/speedlib/SpeedBus.PIC.Lib.X/speedlib_main.asm 364 : Symbol not previously defined (RCREG)
Error[113]   /home/oscar/speedbus/pic/mplabx.proj/speedlib/SpeedBus.PIC.Lib.X/speedlib_main.asm 374 : Symbol not previously defined (RCREG)
Error[113]   /home/oscar/speedbus/pic/mplabx.proj/speedlib/SpeedBus.PIC.Lib.X/speedlib_main.asm 375 : Symbol not previously defined (STATUS)
Error[113]   /home/oscar/speedbus/pic/mplabx.proj/speedlib/SpeedBus.PIC.Lib.X/speedlib_main.asm 375 : Symbol not previously defined (Z)
Error[113]   /home/oscar/speedbus/pic/mplabx.proj/speedlib/SpeedBus.PIC.Lib.X/speedlib_main.asm 378 : Symbol not previously defined (RCREG)
Error[113]   /home/oscar/speedbus/pic/mplabx.proj/speedlib/SpeedBus.PIC.Lib.X/speedlib_main.asm 379 : Symbol not previously defined (STATUS)
Error[113]   /home/oscar/speedbus/pic/mplabx.proj/speedlib/SpeedBus.PIC.Lib.X/speedlib_main.asm 379 : Symbol not previously defined (Z)
Error[113]   /home/oscar/speedbus/pic/mplabx.proj/speedlib/SpeedBus.PIC.Lib.X/speedlib_main.asm 394 : Symbol not previously defined (FSR)
Error[113]   /home/oscar/speedbus/pic/mplabx.proj/speedlib/SpeedBus.PIC.Lib.X/speedlib_main.asm 396 : Symbol not previously defined (INDF)
Error[113]   /home/oscar/speedbus/pic/mplabx.proj/speedlib/SpeedBus.PIC.Lib.X/speedlib_main.asm 406 : Symbol not previously defined (FSR)
Error[113]   /home/oscar/speedbus/pic/mplabx.proj/speedlib/SpeedBus.PIC.Lib.X/speedlib_main.asm 414 : Symbol not previously defined (FSR)
Error[113]   /home/oscar/speedbus/pic/mplabx.proj/speedlib/SpeedBus.PIC.Lib.X/speedlib_main.asm 416 : Symbol not previously defined (INDF)
Error[113]   /home/oscar/speedbus/pic/mplabx.proj/speedlib/SpeedBus.PIC.Lib.X/speedlib_main.asm 418 : Symbol not previously defined (STATUS)
Error[113]   /home/oscar/speedbus/pic/mplabx.proj/speedlib/SpeedBus.PIC.Lib.X/speedlib_main.asm 418 : Symbol not previously defined (Z)
Error[113]   /home/oscar/speedbus/pic/mplabx.proj/speedlib/SpeedBus.PIC.Lib.X/speedlib_main.asm 421 : Symbol not previously defined (FSR)
Error[113]   /home/oscar/speedbus/pic/mplabx.proj/speedlib/SpeedBus.PIC.Lib.X/speedlib_main.asm 422 : Symbol not previously defined (FSR)
Error[113]   /home/oscar/speedbus/pic/mplabx.proj/speedlib/SpeedBus.PIC.Lib.X/speedlib_main.asm 424 : Symbol not previously defined (INDF)
Error[113]   /home/oscar/speedbus/pic/mplabx.proj/speedlib/SpeedBus.PIC.Lib.X/speedlib_main.asm 426 : Symbol not previously defined (STATUS)
Error[113]   /home/oscar/speedbus/pic/mplabx.proj/speedlib/SpeedBus.PIC.Lib.X/speedlib_main.asm 426 : Symbol not previously defined (Z)
Error[113]   /home/oscar/speedbus/pic/mplabx.proj/speedlib/SpeedBus.PIC.Lib.X/speedlib_main.asm 436 : Symbol not previously defined (FSR)
Error[113]   /home/oscar/speedbus/pic/mplabx.proj/speedlib/SpeedBus.PIC.Lib.X/speedlib_main.asm 444 : Symbol not previously defined (INDF)
Error[113]   /home/oscar/speedbus/pic/mplabx.proj/speedlib/SpeedBus.PIC.Lib.X/speedlib_main.asm 445 : Symbol not previously defined (STATUS)
Error[113]   /home/oscar/speedbus/pic/mplabx.proj/speedlib/SpeedBus.PIC.Lib.X/speedlib_main.asm 445 : Symbol not previously defined (Z)
Error[113]   /home/oscar/speedbus/pic/mplabx.proj/speedlib/SpeedBus.PIC.Lib.X/speedlib_main.asm 451 : Symbol not previously defined (FSR)
Error[113]   /home/oscar/speedbus/pic/mplabx.proj/speedlib/SpeedBus.PIC.Lib.X/speedlib_main.asm 452 : Symbol not previously defined (INDF)
Error[113]   /home/oscar/speedbus/pic/mplabx.proj/speedlib/SpeedBus.PIC.Lib.X/speedlib_main.asm 454 : Symbol not previously defined (STATUS)
Error[113]   /home/oscar/speedbus/pic/mplabx.proj/speedlib/SpeedBus.PIC.Lib.X/speedlib_main.asm 454 : Symbol not previously defined (Z)
Error[113]   /home/oscar/speedbus/pic/mplabx.proj/speedlib/SpeedBus.PIC.Lib.X/speedlib_main.asm 456 : Symbol not previously defined (FSR)
Error[113]   /home/oscar/speedbus/pic/mplabx.proj/speedlib/SpeedBus.PIC.Lib.X/speedlib_main.asm 457 : Symbol not previously defined (FSR)
Error[113]   /home/oscar/speedbus/pic/mplabx.proj/speedlib/SpeedBus.PIC.Lib.X/speedlib_main.asm 458 : Symbol not previously defined (INDF)
Error[113]   /home/oscar/speedbus/pic/mplabx.proj/speedlib/SpeedBus.PIC.Lib.X/speedlib_main.asm 460 : Symbol not previously defined (STATUS)
Error[113]   /home/oscar/speedbus/pic/mplabx.proj/speedlib/SpeedBus.PIC.Lib.X/speedlib_main.asm 460 : Symbol not previously defined (Z)
Error[113]   /home/oscar/speedbus/pic/mplabx.proj/speedlib/SpeedBus.PIC.Lib.X/speedlib_main.asm 464 : Symbol not previously defined (FSR)
Error[113]   /home/oscar/speedbus/pic/mplabx.proj/speedlib/SpeedBus.PIC.Lib.X/speedlib_main.asm 467 : Symbol not previously defined (INDF)
Error[113]   /home/oscar/speedbus/pic/mplabx.proj/speedlib/SpeedBus.PIC.Lib.X/speedlib_main.asm 468 : Symbol not previously defined (STATUS)
Error[113]   /home/oscar/speedbus/pic/mplabx.proj/speedlib/SpeedBus.PIC.Lib.X/speedlib_main.asm 468 : Symbol not previously defined (Z)
Error[113]   /home/oscar/speedbus/pic/mplabx.proj/speedlib/SpeedBus.PIC.Lib.X/speedlib_main.asm 476 : Symbol not previously defined (STATUS)
Error[113]   /home/oscar/speedbus/pic/mplabx.proj/speedlib/SpeedBus.PIC.Lib.X/speedlib_main.asm 476 : Symbol not previously defined (Z)
Error[113]   /home/oscar/speedbus/pic/mplabx.proj/speedlib/SpeedBus.PIC.Lib.X/speedlib_main.asm 485 : Symbol not previously defined (FSR)
Error[113]   /home/oscar/speedbus/pic/mplabx.proj/speedlib/SpeedBus.PIC.Lib.X/speedlib_main.asm 488 : Symbol not previously defined (INDF)
Error[113]   /home/oscar/speedbus/pic/mplabx.proj/speedlib/SpeedBus.PIC.Lib.X/speedlib_main.asm 489 : Symbol not previously defined (STATUS)
Error[113]   /home/oscar/speedbus/pic/mplabx.proj/speedlib/SpeedBus.PIC.Lib.X/speedlib_main.asm 489 : Symbol not previously defined (Z)
Error[113]   /home/oscar/speedbus/pic/mplabx.proj/speedlib/SpeedBus.PIC.Lib.X/speedlib_main.asm 493 : Symbol not previously defined (INDF)
Error[113]   /home/oscar/speedbus/pic/mplabx.proj/speedlib/SpeedBus.PIC.Lib.X/speedlib_main.asm 494 : Symbol not previously defined (STATUS)
Error[113]   /home/oscar/speedbus/pic/mplabx.proj/speedlib/SpeedBus.PIC.Lib.X/speedlib_main.asm 494 : Symbol not previously defined (Z)
Error[113]   /home/oscar/speedbus/pic/mplabx.proj/speedlib/SpeedBus.PIC.Lib.X/speedlib_main.asm 498 : Symbol not previously defined (INDF)
Error[113]   /home/oscar/speedbus/pic/mplabx.proj/speedlib/SpeedBus.PIC.Lib.X/speedlib_main.asm 499 : Symbol not previously defined (STATUS)
Error[113]   /home/oscar/speedbus/pic/mplabx.proj/speedlib/SpeedBus.PIC.Lib.X/speedlib_main.asm 499 : Symbol not previously defined (Z)
Error[113]   /home/oscar/speedbus/pic/mplabx.proj/speedlib/SpeedBus.PIC.Lib.X/speedlib_main.asm 510 : Symbol not previously defined (STATUS)
Error[113]   /home/oscar/speedbus/pic/mplabx.proj/speedlib/SpeedBus.PIC.Lib.X/speedlib_main.asm 510 : Symbol not previously defined (Z)
Error[113]   /home/oscar/speedbus/pic/mplabx.proj/speedlib/SpeedBus.PIC.Lib.X/speedlib_main.asm 513 : Symbol not previously defined (STATUS)
Error[113]   /home/oscar/speedbus/pic/mplabx.proj/speedlib/SpeedBus.PIC.Lib.X/speedlib_main.asm 513 : Symbol not previously defined (C)
Error[113]   /home/oscar/speedbus/pic/mplabx.proj/speedlib/SpeedBus.PIC.Lib.X/speedlib_main.asm 519 : Symbol not previously defined (FSR)
Error[113]   /home/oscar/speedbus/pic/mplabx.proj/speedlib/SpeedBus.PIC.Lib.X/speedlib_main.asm 521 : Symbol not previously defined (INDF)
Error[113]   /home/oscar/speedbus/pic/mplabx.proj/speedlib/SpeedBus.PIC.Lib.X/speedlib_main.asm 522 : Symbol not previously defined (STATUS)
Error[113]   /home/oscar/speedbus/pic/mplabx.proj/speedlib/SpeedBus.PIC.Lib.X/speedlib_main.asm 522 : Symbol not previously defined (Z)
Error[113]   /home/oscar/speedbus/pic/mplabx.proj/speedlib/SpeedBus.PIC.Lib.X/speedlib_main.asm 525 : Symbol not previously defined (INDF)
Error[113]   /home/oscar/speedbus/pic/mplabx.proj/speedlib/SpeedBus.PIC.Lib.X/speedlib_main.asm 526 : Symbol not previously defined (STATUS)
Error[113]   /home/oscar/speedbus/pic/mplabx.proj/speedlib/SpeedBus.PIC.Lib.X/speedlib_main.asm 526 : Symbol not previously defined (Z)
Error[113]   /home/oscar/speedbus/pic/mplabx.proj/speedlib/SpeedBus.PIC.Lib.X/speedlib_main.asm 534 : Symbol not previously defined (STATUS)
Error[113]   /home/oscar/speedbus/pic/mplabx.proj/speedlib/SpeedBus.PIC.Lib.X/speedlib_main.asm 534 : Symbol not previously defined (C)
Error[113]   /home/oscar/speedbus/pic/mplabx.proj/speedlib/SpeedBus.PIC.Lib.X/speedlib_main.asm 541 : Symbol not previously defined (FSR)
Error[113]   /home/oscar/speedbus/pic/mplabx.proj/speedlib/SpeedBus.PIC.Lib.X/speedlib_main.asm 542 : Symbol not previously defined (INDF)
Error[113]   /home/oscar/speedbus/pic/mplabx.proj/speedlib/SpeedBus.PIC.Lib.X/speedlib_main.asm 544 : Symbol not previously defined (FSR)
Error[113]   /home/oscar/speedbus/pic/mplabx.proj/speedlib/SpeedBus.PIC.Lib.X/speedlib_main.asm 545 : Symbol not previously defined (INDF)
Error[113]   /home/oscar/speedbus/pic/mplabx.proj/speedlib/SpeedBus.PIC.Lib.X/speedlib_main.asm 571 : Symbol not previously defined (FSR)
Error[113]   /home/oscar/speedbus/pic/mplabx.proj/speedlib/SpeedBus.PIC.Lib.X/speedlib_main.asm 572 : Symbol not previously defined (INDF)
Error[113]   /home/oscar/speedbus/pic/mplabx.proj/speedlib/SpeedBus.PIC.Lib.X/speedlib_main.asm 576 : Symbol not previously defined (FSR)
Error[113]   /home/oscar/speedbus/pic/mplabx.proj/speedlib/SpeedBus.PIC.Lib.X/speedlib_main.asm 577 : Symbol not previously defined (INDF)
Error[113]   /home/oscar/speedbus/pic/mplabx.proj/speedlib/SpeedBus.PIC.Lib.X/speedlib_main.asm 614 : Symbol not previously defined (FSR)
Error[113]   /home/oscar/speedbus/pic/mplabx.proj/speedlib/SpeedBus.PIC.Lib.X/speedlib_main.asm 615 : Symbol not previously defined (INDF)
Error[113]   /home/oscar/speedbus/pic/mplabx.proj/speedlib/SpeedBus.PIC.Lib.X/speedlib_main.asm 619 : Symbol not previously defined (FSR)
Error[113]   /home/oscar/speedbus/pic/mplabx.proj/speedlib/SpeedBus.PIC.Lib.X/speedlib_main.asm 620 : Symbol not previously defined (INDF)
Warning[208] /home/oscar/speedbus/pic/mplabx.proj/speedlib/SpeedBus.PIC.Lib.X/speedlib_main.asm 661 : Label truncated at 32 characters. (func_is_ocupied_send_response_got_resp)
Warning[208] /home/oscar/speedbus/pic/mplabx.proj/speedlib/SpeedBus.PIC.Lib.X/speedlib_main.asm 665 : Label truncated at 32 characters. (func_is_ocupied_send_response_pack)
Error[113]   /home/oscar/speedbus/pic/mplabx.proj/speedlib/SpeedBus.PIC.Lib.X/speedlib_main.asm 670 : Symbol not previously defined (FSR)
Error[113]   /home/oscar/speedbus/pic/mplabx.proj/speedlib/SpeedBus.PIC.Lib.X/speedlib_main.asm 671 : Symbol not previously defined (INDF)
Error[113]   /home/oscar/speedbus/pic/mplabx.proj/speedlib/SpeedBus.PIC.Lib.X/speedlib_main.asm 675 : Symbol not previously defined (FSR)
Error[113]   /home/oscar/speedbus/pic/mplabx.proj/speedlib/SpeedBus.PIC.Lib.X/speedlib_main.asm 676 : Symbol not previously defined (INDF)
Error[113]   /home/oscar/speedbus/pic/mplabx.proj/speedlib/SpeedBus.PIC.Lib.X/speedlib_main.asm 713 : Symbol not previously defined (FSR)
Error[113]   /home/oscar/speedbus/pic/mplabx.proj/speedlib/SpeedBus.PIC.Lib.X/speedlib_main.asm 716 : Symbol not previously defined (INDF)
Error[113]   /home/oscar/speedbus/pic/mplabx.proj/speedlib/SpeedBus.PIC.Lib.X/speedlib_main.asm 717 : Symbol not previously defined (STATUS)
Error[113]   /home/oscar/speedbus/pic/mplabx.proj/speedlib/SpeedBus.PIC.Lib.X/speedlib_main.asm 717 : Symbol not previously defined (Z)
Error[113]   /home/oscar/speedbus/pic/mplabx.proj/speedlib/SpeedBus.PIC.Lib.X/speedlib_main.asm 720 : Symbol not previously defined (FSR)
Error[113]   /home/oscar/speedbus/pic/mplabx.proj/speedlib/SpeedBus.PIC.Lib.X/speedlib_main.asm 721 : Symbol not previously defined (FSR)
Error[113]   /home/oscar/speedbus/pic/mplabx.proj/speedlib/SpeedBus.PIC.Lib.X/speedlib_main.asm 724 : Symbol not previously defined (INDF)
Error[113]   /home/oscar/speedbus/pic/mplabx.proj/speedlib/SpeedBus.PIC.Lib.X/speedlib_main.asm 725 : Symbol not previously defined (STATUS)
Error[113]   /home/oscar/speedbus/pic/mplabx.proj/speedlib/SpeedBus.PIC.Lib.X/speedlib_main.asm 725 : Symbol not previously defined (Z)
Error[113]   /home/oscar/speedbus/pic/mplabx.proj/speedlib/SpeedBus.PIC.Lib.X/speedlib_main.asm 729 : Symbol not previously defined (FSR)
Error[113]   /home/oscar/speedbus/pic/mplabx.proj/speedlib/SpeedBus.PIC.Lib.X/speedlib_main.asm 731 : Symbol not previously defined (INDF)
Error[113]   /home/oscar/speedbus/pic/mplabx.proj/speedlib/SpeedBus.PIC.Lib.X/speedlib_main.asm 732 : Symbol not previously defined (STATUS)
Error[113]   /home/oscar/speedbus/pic/mplabx.proj/speedlib/SpeedBus.PIC.Lib.X/speedlib_main.asm 732 : Symbol not previously defined (Z)
Error[113]   /home/oscar/speedbus/pic/mplabx.proj/speedlib/SpeedBus.PIC.Lib.X/speedlib_main.asm 780 : Symbol not previously defined (STATUS)
Error[113]   /home/oscar/speedbus/pic/mplabx.proj/speedlib/SpeedBus.PIC.Lib.X/speedlib_main.asm 780 : Symbol not previously defined (Z)
Error[113]   /home/oscar/speedbus/pic/mplabx.proj/speedlib/SpeedBus.PIC.Lib.X/speedlib_main.asm 790 : Symbol not previously defined (FSR)
Error[113]   /home/oscar/speedbus/pic/mplabx.proj/speedlib/SpeedBus.PIC.Lib.X/speedlib_main.asm 791 : Symbol not previously defined (INDF)
Error[113]   /home/oscar/speedbus/pic/mplabx.proj/speedlib/SpeedBus.PIC.Lib.X/speedlib_main.asm 792 : Symbol not previously defined (PORTC)
Error[113]   /home/oscar/speedbus/pic/mplabx.proj/speedlib/SpeedBus.PIC.Lib.X/speedlib_main.asm 798 : Symbol not previously defined (FSR)
Error[113]   /home/oscar/speedbus/pic/mplabx.proj/speedlib/SpeedBus.PIC.Lib.X/speedlib_main.asm 799 : Symbol not previously defined (INDF)
Error[113]   /home/oscar/speedbus/pic/mplabx.proj/speedlib/SpeedBus.PIC.Lib.X/speedlib_main.asm 802 : Symbol not previously defined (FSR)
Error[113]   /home/oscar/speedbus/pic/mplabx.proj/speedlib/SpeedBus.PIC.Lib.X/speedlib_main.asm 803 : Symbol not previously defined (INDF)
Error[113]   /home/oscar/speedbus/pic/mplabx.proj/speedlib/SpeedBus.PIC.Lib.X/speedlib_main.asm 818 : Symbol not previously defined (INTCON)
Error[113]   /home/oscar/speedbus/pic/mplabx.proj/speedlib/SpeedBus.PIC.Lib.X/speedlib_main.asm 818 : Symbol not previously defined (GIE)
Error[113]   /home/oscar/speedbus/pic/mplabx.proj/speedlib/SpeedBus.PIC.Lib.X/speedlib_main.asm 820 : Symbol not previously defined (RCREG)
Error[113]   /home/oscar/speedbus/pic/mplabx.proj/speedlib/SpeedBus.PIC.Lib.X/speedlib_main.asm 821 : Symbol not previously defined (RCREG)
Error[113]   /home/oscar/speedbus/pic/mplabx.proj/speedlib/SpeedBus.PIC.Lib.X/speedlib_main.asm 822 : Symbol not previously defined (RCREG)
Error[113]   /home/oscar/speedbus/pic/mplabx.proj/speedlib/SpeedBus.PIC.Lib.X/speedlib_main.asm 823 : Symbol not previously defined (INTCON)
Error[113]   /home/oscar/speedbus/pic/mplabx.proj/speedlib/SpeedBus.PIC.Lib.X/speedlib_main.asm 823 : Symbol not previously defined (GIE)
Error[113]   /home/oscar/speedbus/pic/mplabx.proj/speedlib/SpeedBus.PIC.Lib.X/speedlib_main.asm 828 : Symbol not previously defined (RCSTA)
Error[113]   /home/oscar/speedbus/pic/mplabx.proj/speedlib/SpeedBus.PIC.Lib.X/speedlib_main.asm 828 : Symbol not previously defined (OERR)
Error[113]   /home/oscar/speedbus/pic/mplabx.proj/speedlib/SpeedBus.PIC.Lib.X/speedlib_main.asm 846 : Symbol not previously defined (PORTC)
Error[113]   /home/oscar/speedbus/pic/mplabx.proj/speedlib/SpeedBus.PIC.Lib.X/speedlib_main.asm 851 : Symbol not previously defined (RCSTA)
Error[113]   /home/oscar/speedbus/pic/mplabx.proj/speedlib/SpeedBus.PIC.Lib.X/speedlib_main.asm 851 : Symbol not previously defined (CREN)
Error[113]   /home/oscar/speedbus/pic/mplabx.proj/speedlib/SpeedBus.PIC.Lib.X/speedlib_main.asm 852 : Symbol not previously defined (RCSTA)
Error[113]   /home/oscar/speedbus/pic/mplabx.proj/speedlib/SpeedBus.PIC.Lib.X/speedlib_main.asm 852 : Symbol not previously defined (CREN)
Error[113]   /home/oscar/speedbus/pic/mplabx.proj/speedlib/SpeedBus.PIC.Lib.X/speedlib_main.asm 865 : Symbol not previously defined (STATUS)
Error[113]   /home/oscar/speedbus/pic/mplabx.proj/speedlib/SpeedBus.PIC.Lib.X/speedlib_main.asm 865 : Symbol not previously defined (Z)
Error[113]   /home/oscar/speedbus/pic/mplabx.proj/speedlib/SpeedBus.PIC.Lib.X/speedlib_main.asm 870 : Symbol not previously defined (STATUS)
Error[113]   /home/oscar/speedbus/pic/mplabx.proj/speedlib/SpeedBus.PIC.Lib.X/speedlib_main.asm 870 : Symbol not previously defined (Z)
Error[113]   /home/oscar/speedbus/pic/mplabx.proj/speedlib/SpeedBus.PIC.Lib.X/speedlib_main.asm 876 : Symbol not previously defined (STATUS)
Error[113]   /home/oscar/speedbus/pic/mplabx.proj/speedlib/SpeedBus.PIC.Lib.X/speedlib_main.asm 876 : Symbol not previously defined (RP0)
Error[113]   /home/oscar/speedbus/pic/mplabx.proj/speedlib/SpeedBus.PIC.Lib.X/speedlib_main.asm 877 : Symbol not previously defined (TXSTA)
Error[113]   /home/oscar/speedbus/pic/mplabx.proj/speedlib/SpeedBus.PIC.Lib.X/speedlib_main.asm 877 : Symbol not previously defined (TRMT)
Error[113]   /home/oscar/speedbus/pic/mplabx.proj/speedlib/SpeedBus.PIC.Lib.X/speedlib_main.asm 879 : Symbol not previously defined (STATUS)
Error[113]   /home/oscar/speedbus/pic/mplabx.proj/speedlib/SpeedBus.PIC.Lib.X/speedlib_main.asm 879 : Symbol not previously defined (RP0)
Error[113]   /home/oscar/speedbus/pic/mplabx.proj/speedlib/SpeedBus.PIC.Lib.X/speedlib_main.asm 884 : Symbol not previously defined (W)
Error[113]   /home/oscar/speedbus/pic/mplabx.proj/speedlib/SpeedBus.PIC.Lib.X/speedlib_main.asm 892 : Symbol not previously defined (TXREG)
Error[113]   /home/oscar/speedbus/pic/mplabx.proj/speedlib/SpeedBus.PIC.Lib.X/speedlib_main.asm 897 : Symbol not previously defined (W)
Error[113]   /home/oscar/speedbus/pic/mplabx.proj/speedlib/SpeedBus.PIC.Lib.X/speedlib_main.asm 923 : Symbol not previously defined (PORTB)
Error[113]   /home/oscar/speedbus/pic/mplabx.proj/speedlib/SpeedBus.PIC.Lib.X/speedlib_main.asm 928 : Symbol not previously defined (FSR)
Error[113]   /home/oscar/speedbus/pic/mplabx.proj/speedlib/SpeedBus.PIC.Lib.X/speedlib_main.asm 939 : Symbol not previously defined (INDF)
Error[113]   /home/oscar/speedbus/pic/mplabx.proj/speedlib/SpeedBus.PIC.Lib.X/speedlib_main.asm 961 : Symbol not previously defined (FSR)
Error[113]   /home/oscar/speedbus/pic/mplabx.proj/speedlib/SpeedBus.PIC.Lib.X/speedlib_main.asm 962 : Symbol not previously defined (FSR)
Error[113]   /home/oscar/speedbus/pic/mplabx.proj/speedlib/SpeedBus.PIC.Lib.X/speedlib_main.asm 969 : Symbol not previously defined (FSR)
Error[113]   /home/oscar/speedbus/pic/mplabx.proj/speedlib/SpeedBus.PIC.Lib.X/speedlib_main.asm 977 : Symbol not previously defined (INDF)
Error[113]   /home/oscar/speedbus/pic/mplabx.proj/speedlib/SpeedBus.PIC.Lib.X/speedlib_main.asm 979 : Symbol not previously defined (FSR)
Error[113]   /home/oscar/speedbus/pic/mplabx.proj/speedlib/SpeedBus.PIC.Lib.X/speedlib_main.asm 980 : Symbol not previously defined (FSR)
Error[113]   /home/oscar/speedbus/pic/mplabx.proj/speedlib/SpeedBus.PIC.Lib.X/speedlib_main.asm 994 : Symbol not previously defined (PORTB)
Error[113]   /home/oscar/speedbus/pic/mplabx.proj/speedlib/SpeedBus.PIC.Lib.X/speedlib_main.asm 1043 : Symbol not previously defined (STATUS)
Error[113]   /home/oscar/speedbus/pic/mplabx.proj/speedlib/SpeedBus.PIC.Lib.X/speedlib_main.asm 1043 : Symbol not previously defined (RP1)
Error[113]   /home/oscar/speedbus/pic/mplabx.proj/speedlib/SpeedBus.PIC.Lib.X/speedlib_main.asm 1045 : Symbol not previously defined (EEADR)
Error[113]   /home/oscar/speedbus/pic/mplabx.proj/speedlib/SpeedBus.PIC.Lib.X/speedlib_main.asm 1046 : Symbol not previously defined (STATUS)
Error[113]   /home/oscar/speedbus/pic/mplabx.proj/speedlib/SpeedBus.PIC.Lib.X/speedlib_main.asm 1046 : Symbol not previously defined (RP0)
Error[113]   /home/oscar/speedbus/pic/mplabx.proj/speedlib/SpeedBus.PIC.Lib.X/speedlib_main.asm 1047 : Symbol not previously defined (EECON1)
Error[113]   /home/oscar/speedbus/pic/mplabx.proj/speedlib/SpeedBus.PIC.Lib.X/speedlib_main.asm 1047 : Symbol not previously defined (EEPGD)
Error[113]   /home/oscar/speedbus/pic/mplabx.proj/speedlib/SpeedBus.PIC.Lib.X/speedlib_main.asm 1048 : Symbol not previously defined (EECON1)
Error[113]   /home/oscar/speedbus/pic/mplabx.proj/speedlib/SpeedBus.PIC.Lib.X/speedlib_main.asm 1048 : Symbol not previously defined (RD)
Error[113]   /home/oscar/speedbus/pic/mplabx.proj/speedlib/SpeedBus.PIC.Lib.X/speedlib_main.asm 1049 : Symbol not previously defined (STATUS)
Error[113]   /home/oscar/speedbus/pic/mplabx.proj/speedlib/SpeedBus.PIC.Lib.X/speedlib_main.asm 1049 : Symbol not previously defined (RP0)
Error[113]   /home/oscar/speedbus/pic/mplabx.proj/speedlib/SpeedBus.PIC.Lib.X/speedlib_main.asm 1051 : Symbol not previously defined (EEDAT)
Error[113]   /home/oscar/speedbus/pic/mplabx.proj/speedlib/SpeedBus.PIC.Lib.X/speedlib_main.asm 1052 : Symbol not previously defined (STATUS)
Error[113]   /home/oscar/speedbus/pic/mplabx.proj/speedlib/SpeedBus.PIC.Lib.X/speedlib_main.asm 1052 : Symbol not previously defined (RP1)
Error[113]   /home/oscar/speedbus/pic/mplabx.proj/speedlib/SpeedBus.PIC.Lib.X/speedlib_main.asm 1056 : Symbol not previously defined (STATUS)
Error[113]   /home/oscar/speedbus/pic/mplabx.proj/speedlib/SpeedBus.PIC.Lib.X/speedlib_main.asm 1056 : Symbol not previously defined (RP1)
Error[113]   /home/oscar/speedbus/pic/mplabx.proj/speedlib/SpeedBus.PIC.Lib.X/speedlib_main.asm 1057 : Symbol not previously defined (EEDAT)
Error[113]   /home/oscar/speedbus/pic/mplabx.proj/speedlib/SpeedBus.PIC.Lib.X/speedlib_main.asm 1058 : Symbol not previously defined (STATUS)
Error[113]   /home/oscar/speedbus/pic/mplabx.proj/speedlib/SpeedBus.PIC.Lib.X/speedlib_main.asm 1058 : Symbol not previously defined (RP1)
Error[113]   /home/oscar/speedbus/pic/mplabx.proj/speedlib/SpeedBus.PIC.Lib.X/speedlib_main.asm 1060 : Symbol not previously defined (STATUS)
Error[113]   /home/oscar/speedbus/pic/mplabx.proj/speedlib/SpeedBus.PIC.Lib.X/speedlib_main.asm 1060 : Symbol not previously defined (RP1)
Error[113]   /home/oscar/speedbus/pic/mplabx.proj/speedlib/SpeedBus.PIC.Lib.X/speedlib_main.asm 1061 : Symbol not previously defined (EEADR)
Error[113]   /home/oscar/speedbus/pic/mplabx.proj/speedlib/SpeedBus.PIC.Lib.X/speedlib_main.asm 1062 : Symbol not previously defined (STATUS)
Error[113]   /home/oscar/speedbus/pic/mplabx.proj/speedlib/SpeedBus.PIC.Lib.X/speedlib_main.asm 1062 : Symbol not previously defined (RP0)
Error[113]   /home/oscar/speedbus/pic/mplabx.proj/speedlib/SpeedBus.PIC.Lib.X/speedlib_main.asm 1063 : Symbol not previously defined (EECON1)
Error[113]   /home/oscar/speedbus/pic/mplabx.proj/speedlib/SpeedBus.PIC.Lib.X/speedlib_main.asm 1063 : Symbol not previously defined (EEPGD)
Error[113]   /home/oscar/speedbus/pic/mplabx.proj/speedlib/SpeedBus.PIC.Lib.X/speedlib_main.asm 1064 : Symbol not previously defined (EECON1)
Error[113]   /home/oscar/speedbus/pic/mplabx.proj/speedlib/SpeedBus.PIC.Lib.X/speedlib_main.asm 1064 : Symbol not previously defined (WREN)
Error[113]   /home/oscar/speedbus/pic/mplabx.proj/speedlib/SpeedBus.PIC.Lib.X/speedlib_main.asm 1068 : Symbol not previously defined (EECON2)
Error[113]   /home/oscar/speedbus/pic/mplabx.proj/speedlib/SpeedBus.PIC.Lib.X/speedlib_main.asm 1070 : Symbol not previously defined (EECON2)
Error[113]   /home/oscar/speedbus/pic/mplabx.proj/speedlib/SpeedBus.PIC.Lib.X/speedlib_main.asm 1071 : Symbol not previously defined (EECON1)
Error[113]   /home/oscar/speedbus/pic/mplabx.proj/speedlib/SpeedBus.PIC.Lib.X/speedlib_main.asm 1071 : Symbol not previously defined (WR)
Error[113]   /home/oscar/speedbus/pic/mplabx.proj/speedlib/SpeedBus.PIC.Lib.X/speedlib_main.asm 1074 : Symbol not previously defined (EECON1)
Error[113]   /home/oscar/speedbus/pic/mplabx.proj/speedlib/SpeedBus.PIC.Lib.X/speedlib_main.asm 1074 : Symbol not previously defined (WR)
Error[113]   /home/oscar/speedbus/pic/mplabx.proj/speedlib/SpeedBus.PIC.Lib.X/speedlib_main.asm 1078 : Symbol not previously defined (EECON1)
Error[113]   /home/oscar/speedbus/pic/mplabx.proj/speedlib/SpeedBus.PIC.Lib.X/speedlib_main.asm 1078 : Symbol not previously defined (WREN)
Error[113]   /home/oscar/speedbus/pic/mplabx.proj/speedlib/SpeedBus.PIC.Lib.X/speedlib_main.asm 1079 : Symbol not previously defined (STATUS)
Error[113]   /home/oscar/speedbus/pic/mplabx.proj/speedlib/SpeedBus.PIC.Lib.X/speedlib_main.asm 1079 : Symbol not previously defined (RP0)
Error[113]   /home/oscar/speedbus/pic/mplabx.proj/speedlib/SpeedBus.PIC.Lib.X/speedlib_main.asm 1080 : Symbol not previously defined (STATUS)
Error[113]   /home/oscar/speedbus/pic/mplabx.proj/speedlib/SpeedBus.PIC.Lib.X/speedlib_main.asm 1080 : Symbol not previously defined (RP1)
Error[129]   /home/oscar/speedbus/pic/mplabx.proj/speedlib/SpeedBus.PIC.Lib.X/speedlib_main.asm 1082 : Expected (END)
