Warning[205] /home/moonshine/speedbus/pic/mplabx.proj/speedlib/SpeedBusV2.Sample.X/main.asm 1 : Found directive in column 1. (List)
Warning[205] /home/moonshine/speedbus/pic/mplabx.proj/speedlib/SpeedBusV2.Sample.X/main.asm 2 : Found directive in column 1. (radix)
Warning[205] ../SpeedBus.PIC.LibV2.X/speedlibV2_main.asm 50 : Found directive in column 1. (radix)
Message[302] ../SpeedBus.PIC.LibV2.X/speedlibV2_main.asm 140 : Register in operand not in bank 0.  Ensure that bank bits are correct.
Message[302] ../SpeedBus.PIC.LibV2.X/speedlibV2_main.asm 141 : Register in operand not in bank 0.  Ensure that bank bits are correct.
Message[302] ../SpeedBus.PIC.LibV2.X/speedlibV2_main.asm 142 : Register in operand not in bank 0.  Ensure that bank bits are correct.
Message[302] ../SpeedBus.PIC.LibV2.X/speedlibV2_main.asm 144 : Register in operand not in bank 0.  Ensure that bank bits are correct.
Message[302] ../SpeedBus.PIC.LibV2.X/speedlibV2_main.asm 151 : Register in operand not in bank 0.  Ensure that bank bits are correct.
Message[302] ../SpeedBus.PIC.LibV2.X/speedlibV2_main.asm 155 : Register in operand not in bank 0.  Ensure that bank bits are correct.
Message[302] ../SpeedBus.PIC.LibV2.X/speedlibV2_main.asm 159 : Register in operand not in bank 0.  Ensure that bank bits are correct.
Message[302] ../SpeedBus.PIC.LibV2.X/speedlibV2_main.asm 165 : Register in operand not in bank 0.  Ensure that bank bits are correct.
Message[302] ../SpeedBus.PIC.LibV2.X/speedlibV2_main.asm 170 : Register in operand not in bank 0.  Ensure that bank bits are correct.
Message[302] ../SpeedBus.PIC.LibV2.X/speedlibV2_main.asm 175 : Register in operand not in bank 0.  Ensure that bank bits are correct.
Message[302] ../SpeedBus.PIC.LibV2.X/speedlibV2_main.asm 177 : Register in operand not in bank 0.  Ensure that bank bits are correct.
Message[302] ../SpeedBus.PIC.LibV2.X/speedlibV2_main.asm 182 : Register in operand not in bank 0.  Ensure that bank bits are correct.
Message[302] ../SpeedBus.PIC.LibV2.X/speedlibV2_main.asm 184 : Register in operand not in bank 0.  Ensure that bank bits are correct.
Message[302] ../SpeedBus.PIC.LibV2.X/speedlibV2_main.asm 188 : Register in operand not in bank 0.  Ensure that bank bits are correct.
Message[302] ../SpeedBus.PIC.LibV2.X/speedlibV2_main.asm 190 : Register in operand not in bank 0.  Ensure that bank bits are correct.
Message[302] ../SpeedBus.PIC.LibV2.X/speedlibV2_main.asm 218 : Register in operand not in bank 0.  Ensure that bank bits are correct.
Message[302] ../SpeedBus.PIC.LibV2.X/speedlibV2_main.asm 221 : Register in operand not in bank 0.  Ensure that bank bits are correct.
Message[302] ../SpeedBus.PIC.LibV2.X/speedlibV2_main.asm 224 : Register in operand not in bank 0.  Ensure that bank bits are correct.
Message[302] ../SpeedBus.PIC.LibV2.X/speedlibV2_main.asm 250 : Register in operand not in bank 0.  Ensure that bank bits are correct.
Message[302] ../SpeedBus.PIC.LibV2.X/speedlibV2_main.asm 253 : Register in operand not in bank 0.  Ensure that bank bits are correct.
Message[302] ../SpeedBus.PIC.LibV2.X/speedlibV2_main.asm 256 : Register in operand not in bank 0.  Ensure that bank bits are correct.
Message[302] ../SpeedBus.PIC.LibV2.X/speedlibV2_main.asm 264 : Register in operand not in bank 0.  Ensure that bank bits are correct.
Message[302] ../SpeedBus.PIC.LibV2.X/speedlibV2_main.asm 267 : Register in operand not in bank 0.  Ensure that bank bits are correct.
Message[302] ../SpeedBus.PIC.LibV2.X/speedlibV2_main.asm 269 : Register in operand not in bank 0.  Ensure that bank bits are correct.
Message[302] ../SpeedBus.PIC.LibV2.X/speedlibV2_main.asm 278 : Register in operand not in bank 0.  Ensure that bank bits are correct.
Message[302] ../SpeedBus.PIC.LibV2.X/speedlibV2_main.asm 288 : Register in operand not in bank 0.  Ensure that bank bits are correct.
Message[302] ../SpeedBus.PIC.LibV2.X/speedlibV2_main.asm 294 : Register in operand not in bank 0.  Ensure that bank bits are correct.
Message[302] ../SpeedBus.PIC.LibV2.X/speedlibV2_main.asm 296 : Register in operand not in bank 0.  Ensure that bank bits are correct.
Message[302] ../SpeedBus.PIC.LibV2.X/speedlibV2_main.asm 298 : Register in operand not in bank 0.  Ensure that bank bits are correct.
Message[302] ../SpeedBus.PIC.LibV2.X/speedlibV2_main.asm 308 : Register in operand not in bank 0.  Ensure that bank bits are correct.
Message[302] ../SpeedBus.PIC.LibV2.X/speedlibV2_main.asm 317 : Register in operand not in bank 0.  Ensure that bank bits are correct.
Message[302] ../SpeedBus.PIC.LibV2.X/speedlibV2_main.asm 322 : Register in operand not in bank 0.  Ensure that bank bits are correct.
Message[302] ../SpeedBus.PIC.LibV2.X/speedlibV2_main.asm 343 : Register in operand not in bank 0.  Ensure that bank bits are correct.
Message[302] ../SpeedBus.PIC.LibV2.X/speedlibV2_main.asm 346 : Register in operand not in bank 0.  Ensure that bank bits are correct.
Message[302] ../SpeedBus.PIC.LibV2.X/speedlibV2_main.asm 349 : Register in operand not in bank 0.  Ensure that bank bits are correct.
Message[302] ../SpeedBus.PIC.LibV2.X/speedlibV2_main.asm 353 : Register in operand not in bank 0.  Ensure that bank bits are correct.
Message[302] ../SpeedBus.PIC.LibV2.X/speedlibV2_main.asm 359 : Register in operand not in bank 0.  Ensure that bank bits are correct.
Message[302] ../SpeedBus.PIC.LibV2.X/speedlibV2_main.asm 363 : Register in operand not in bank 0.  Ensure that bank bits are correct.
Message[302] ../SpeedBus.PIC.LibV2.X/speedlibV2_main.asm 364 : Register in operand not in bank 0.  Ensure that bank bits are correct.
Message[302] ../SpeedBus.PIC.LibV2.X/speedlibV2_main.asm 366 : Register in operand not in bank 0.  Ensure that bank bits are correct.
Message[302] ../SpeedBus.PIC.LibV2.X/speedlibV2_main.asm 371 : Register in operand not in bank 0.  Ensure that bank bits are correct.
Message[302] ../SpeedBus.PIC.LibV2.X/speedlibV2_main.asm 373 : Register in operand not in bank 0.  Ensure that bank bits are correct.
Message[302] ../SpeedBus.PIC.LibV2.X/speedlibV2_main.asm 379 : Register in operand not in bank 0.  Ensure that bank bits are correct.
Message[302] ../SpeedBus.PIC.LibV2.X/speedlibV2_main.asm 386 : Register in operand not in bank 0.  Ensure that bank bits are correct.
Message[302] ../SpeedBus.PIC.LibV2.X/speedlibV2_main.asm 396 : Register in operand not in bank 0.  Ensure that bank bits are correct.
Message[302] ../SpeedBus.PIC.LibV2.X/speedlibV2_main.asm 401 : Register in operand not in bank 0.  Ensure that bank bits are correct.
Message[302] ../SpeedBus.PIC.LibV2.X/speedlibV2_main.asm 420 : Register in operand not in bank 0.  Ensure that bank bits are correct.
Message[302] ../SpeedBus.PIC.LibV2.X/speedlibV2_main.asm 428 : Register in operand not in bank 0.  Ensure that bank bits are correct.
Message[302] ../SpeedBus.PIC.LibV2.X/speedlibV2_main.asm 446 : Register in operand not in bank 0.  Ensure that bank bits are correct.
Message[302] ../SpeedBus.PIC.LibV2.X/speedlibV2_main.asm 476 : Register in operand not in bank 0.  Ensure that bank bits are correct.
Message[302] ../SpeedBus.PIC.LibV2.X/speedlibV2_main.asm 503 : Register in operand not in bank 0.  Ensure that bank bits are correct.
Message[302] ../SpeedBus.PIC.LibV2.X/speedlibV2_main.asm 531 : Register in operand not in bank 0.  Ensure that bank bits are correct.
Message[302] ../SpeedBus.PIC.LibV2.X/speedlibV2_main.asm 536 : Register in operand not in bank 0.  Ensure that bank bits are correct.
Message[302] ../SpeedBus.PIC.LibV2.X/speedlibV2_main.asm 539 : Register in operand not in bank 0.  Ensure that bank bits are correct.
Message[302] ../SpeedBus.PIC.LibV2.X/speedlibV2_main.asm 544 : Register in operand not in bank 0.  Ensure that bank bits are correct.
Message[302] ../SpeedBus.PIC.LibV2.X/speedlibV2_main.asm 546 : Register in operand not in bank 0.  Ensure that bank bits are correct.
Message[302] ../SpeedBus.PIC.LibV2.X/speedlibV2_main.asm 551 : Register in operand not in bank 0.  Ensure that bank bits are correct.
Message[302] ../SpeedBus.PIC.LibV2.X/speedlibV2_main.asm 553 : Register in operand not in bank 0.  Ensure that bank bits are correct.
Message[302] ../SpeedBus.PIC.LibV2.X/speedlibV2_main.asm 558 : Register in operand not in bank 0.  Ensure that bank bits are correct.
Message[302] ../SpeedBus.PIC.LibV2.X/speedlibV2_main.asm 560 : Register in operand not in bank 0.  Ensure that bank bits are correct.
Message[302] ../SpeedBus.PIC.LibV2.X/speedlibV2_main.asm 576 : Register in operand not in bank 0.  Ensure that bank bits are correct.
Message[302] ../SpeedBus.PIC.LibV2.X/speedlibV2_main.asm 583 : Register in operand not in bank 0.  Ensure that bank bits are correct.
Message[302] ../SpeedBus.PIC.LibV2.X/speedlibV2_main.asm 590 : Register in operand not in bank 0.  Ensure that bank bits are correct.
Message[302] ../SpeedBus.PIC.LibV2.X/speedlibV2_main.asm 594 : Register in operand not in bank 0.  Ensure that bank bits are correct.
Message[302] ../SpeedBus.PIC.LibV2.X/speedlibV2_main.asm 596 : Register in operand not in bank 0.  Ensure that bank bits are correct.
Message[302] ../SpeedBus.PIC.LibV2.X/speedlibV2_main.asm 600 : Register in operand not in bank 0.  Ensure that bank bits are correct.
Message[302] ../SpeedBus.PIC.LibV2.X/speedlibV2_main.asm 602 : Register in operand not in bank 0.  Ensure that bank bits are correct.
Message[302] ../SpeedBus.PIC.LibV2.X/speedlibV2_main.asm 606 : Register in operand not in bank 0.  Ensure that bank bits are correct.
Message[302] ../SpeedBus.PIC.LibV2.X/speedlibV2_main.asm 610 : Register in operand not in bank 0.  Ensure that bank bits are correct.
Message[302] ../SpeedBus.PIC.LibV2.X/speedlibV2_main.asm 614 : Register in operand not in bank 0.  Ensure that bank bits are correct.
Message[302] ../SpeedBus.PIC.LibV2.X/speedlibV2_main.asm 618 : Register in operand not in bank 0.  Ensure that bank bits are correct.
Message[302] ../SpeedBus.PIC.LibV2.X/speedlibV2_main.asm 622 : Register in operand not in bank 0.  Ensure that bank bits are correct.
Message[302] ../SpeedBus.PIC.LibV2.X/speedlibV2_main.asm 624 : Register in operand not in bank 0.  Ensure that bank bits are correct.
Message[302] ../SpeedBus.PIC.LibV2.X/speedlibV2_main.asm 628 : Register in operand not in bank 0.  Ensure that bank bits are correct.
Message[302] ../SpeedBus.PIC.LibV2.X/speedlibV2_main.asm 638 : Register in operand not in bank 0.  Ensure that bank bits are correct.
Message[302] ../SpeedBus.PIC.LibV2.X/speedlibV2_main.asm 645 : Register in operand not in bank 0.  Ensure that bank bits are correct.
Message[302] ../SpeedBus.PIC.LibV2.X/speedlibV2_main.asm 652 : Register in operand not in bank 0.  Ensure that bank bits are correct.
Message[302] ../SpeedBus.PIC.LibV2.X/speedlibV2_main.asm 655 : Register in operand not in bank 0.  Ensure that bank bits are correct.
Message[302] ../SpeedBus.PIC.LibV2.X/speedlibV2_main.asm 656 : Register in operand not in bank 0.  Ensure that bank bits are correct.
Message[302] ../SpeedBus.PIC.LibV2.X/speedlibV2_main.asm 659 : Register in operand not in bank 0.  Ensure that bank bits are correct.
Message[302] ../SpeedBus.PIC.LibV2.X/speedlibV2_main.asm 660 : Register in operand not in bank 0.  Ensure that bank bits are correct.
Message[302] ../SpeedBus.PIC.LibV2.X/speedlibV2_main.asm 664 : Register in operand not in bank 0.  Ensure that bank bits are correct.
Message[302] ../SpeedBus.PIC.LibV2.X/speedlibV2_main.asm 668 : Register in operand not in bank 0.  Ensure that bank bits are correct.
Message[302] ../SpeedBus.PIC.LibV2.X/speedlibV2_main.asm 672 : Register in operand not in bank 0.  Ensure that bank bits are correct.
Message[302] ../SpeedBus.PIC.LibV2.X/speedlibV2_main.asm 676 : Register in operand not in bank 0.  Ensure that bank bits are correct.
Message[302] ../SpeedBus.PIC.LibV2.X/speedlibV2_main.asm 686 : Register in operand not in bank 0.  Ensure that bank bits are correct.
Message[302] ../SpeedBus.PIC.LibV2.X/speedlibV2_main.asm 696 : Register in operand not in bank 0.  Ensure that bank bits are correct.
Warning[208] ../SpeedBus.PIC.LibV2.X/speedlibV2_main.asm 699 : Label truncated at 32 characters. (func_is_ocupied_send_response_got_resp)
Message[302] ../SpeedBus.PIC.LibV2.X/speedlibV2_main.asm 700 : Register in operand not in bank 0.  Ensure that bank bits are correct.
Warning[208] ../SpeedBus.PIC.LibV2.X/speedlibV2_main.asm 703 : Label truncated at 32 characters. (func_is_ocupied_send_response_pack)
Message[302] ../SpeedBus.PIC.LibV2.X/speedlibV2_main.asm 704 : Register in operand not in bank 0.  Ensure that bank bits are correct.
Message[302] ../SpeedBus.PIC.LibV2.X/speedlibV2_main.asm 708 : Register in operand not in bank 0.  Ensure that bank bits are correct.
Message[302] ../SpeedBus.PIC.LibV2.X/speedlibV2_main.asm 715 : Register in operand not in bank 0.  Ensure that bank bits are correct.
Message[302] ../SpeedBus.PIC.LibV2.X/speedlibV2_main.asm 722 : Register in operand not in bank 0.  Ensure that bank bits are correct.
Message[302] ../SpeedBus.PIC.LibV2.X/speedlibV2_main.asm 725 : Register in operand not in bank 0.  Ensure that bank bits are correct.
Message[302] ../SpeedBus.PIC.LibV2.X/speedlibV2_main.asm 726 : Register in operand not in bank 0.  Ensure that bank bits are correct.
Message[302] ../SpeedBus.PIC.LibV2.X/speedlibV2_main.asm 729 : Register in operand not in bank 0.  Ensure that bank bits are correct.
Message[302] ../SpeedBus.PIC.LibV2.X/speedlibV2_main.asm 730 : Register in operand not in bank 0.  Ensure that bank bits are correct.
Message[302] ../SpeedBus.PIC.LibV2.X/speedlibV2_main.asm 734 : Register in operand not in bank 0.  Ensure that bank bits are correct.
Message[302] ../SpeedBus.PIC.LibV2.X/speedlibV2_main.asm 738 : Register in operand not in bank 0.  Ensure that bank bits are correct.
Message[302] ../SpeedBus.PIC.LibV2.X/speedlibV2_main.asm 742 : Register in operand not in bank 0.  Ensure that bank bits are correct.
Message[302] ../SpeedBus.PIC.LibV2.X/speedlibV2_main.asm 746 : Register in operand not in bank 0.  Ensure that bank bits are correct.
Message[302] ../SpeedBus.PIC.LibV2.X/speedlibV2_main.asm 800 : Register in operand not in bank 0.  Ensure that bank bits are correct.
Message[302] ../SpeedBus.PIC.LibV2.X/speedlibV2_main.asm 894 : Register in operand not in bank 0.  Ensure that bank bits are correct.
Message[302] ../SpeedBus.PIC.LibV2.X/speedlibV2_main.asm 898 : Register in operand not in bank 0.  Ensure that bank bits are correct.
Message[302] ../SpeedBus.PIC.LibV2.X/speedlibV2_main.asm 900 : Register in operand not in bank 0.  Ensure that bank bits are correct.
Message[302] ../SpeedBus.PIC.LibV2.X/speedlibV2_main.asm 904 : Register in operand not in bank 0.  Ensure that bank bits are correct.
Message[302] ../SpeedBus.PIC.LibV2.X/speedlibV2_main.asm 906 : Register in operand not in bank 0.  Ensure that bank bits are correct.
Message[302] ../SpeedBus.PIC.LibV2.X/speedlibV2_main.asm 910 : Register in operand not in bank 0.  Ensure that bank bits are correct.
Message[302] ../SpeedBus.PIC.LibV2.X/speedlibV2_main.asm 912 : Register in operand not in bank 0.  Ensure that bank bits are correct.
Message[302] ../SpeedBus.PIC.LibV2.X/speedlibV2_main.asm 916 : Register in operand not in bank 0.  Ensure that bank bits are correct.
Message[302] ../SpeedBus.PIC.LibV2.X/speedlibV2_main.asm 918 : Register in operand not in bank 0.  Ensure that bank bits are correct.
Message[302] ../SpeedBus.PIC.LibV2.X/speedlibV2_main.asm 922 : Register in operand not in bank 0.  Ensure that bank bits are correct.
Message[302] ../SpeedBus.PIC.LibV2.X/speedlibV2_main.asm 926 : Register in operand not in bank 0.  Ensure that bank bits are correct.
Message[302] ../SpeedBus.PIC.LibV2.X/speedlibV2_main.asm 930 : Register in operand not in bank 0.  Ensure that bank bits are correct.
Message[302] ../SpeedBus.PIC.LibV2.X/speedlibV2_main.asm 934 : Register in operand not in bank 0.  Ensure that bank bits are correct.
Message[302] ../SpeedBus.PIC.LibV2.X/speedlibV2_main.asm 938 : Register in operand not in bank 0.  Ensure that bank bits are correct.
Message[302] ../SpeedBus.PIC.LibV2.X/speedlibV2_main.asm 942 : Register in operand not in bank 0.  Ensure that bank bits are correct.
Message[302] ../SpeedBus.PIC.LibV2.X/speedlibV2_main.asm 946 : Register in operand not in bank 0.  Ensure that bank bits are correct.
Message[302] ../SpeedBus.PIC.LibV2.X/speedlibV2_main.asm 950 : Register in operand not in bank 0.  Ensure that bank bits are correct.
Message[302] ../SpeedBus.PIC.LibV2.X/speedlibV2_main.asm 955 : Register in operand not in bank 0.  Ensure that bank bits are correct.
Message[302] ../SpeedBus.PIC.LibV2.X/speedlibV2_main.asm 967 : Register in operand not in bank 0.  Ensure that bank bits are correct.
Message[302] ../SpeedBus.PIC.LibV2.X/speedlibV2_main.asm 971 : Register in operand not in bank 0.  Ensure that bank bits are correct.
Message[302] ../SpeedBus.PIC.LibV2.X/speedlibV2_main.asm 973 : Register in operand not in bank 0.  Ensure that bank bits are correct.
Message[302] ../SpeedBus.PIC.LibV2.X/speedlibV2_main.asm 977 : Register in operand not in bank 0.  Ensure that bank bits are correct.
Message[302] ../SpeedBus.PIC.LibV2.X/speedlibV2_main.asm 979 : Register in operand not in bank 0.  Ensure that bank bits are correct.
Message[302] ../SpeedBus.PIC.LibV2.X/speedlibV2_main.asm 983 : Register in operand not in bank 0.  Ensure that bank bits are correct.
Message[302] ../SpeedBus.PIC.LibV2.X/speedlibV2_main.asm 985 : Register in operand not in bank 0.  Ensure that bank bits are correct.
Message[302] ../SpeedBus.PIC.LibV2.X/speedlibV2_main.asm 989 : Register in operand not in bank 0.  Ensure that bank bits are correct.
Message[302] ../SpeedBus.PIC.LibV2.X/speedlibV2_main.asm 991 : Register in operand not in bank 0.  Ensure that bank bits are correct.
Message[302] ../SpeedBus.PIC.LibV2.X/speedlibV2_main.asm 995 : Register in operand not in bank 0.  Ensure that bank bits are correct.
Message[302] ../SpeedBus.PIC.LibV2.X/speedlibV2_main.asm 999 : Register in operand not in bank 0.  Ensure that bank bits are correct.
Message[302] ../SpeedBus.PIC.LibV2.X/speedlibV2_main.asm 1003 : Register in operand not in bank 0.  Ensure that bank bits are correct.
Message[302] ../SpeedBus.PIC.LibV2.X/speedlibV2_main.asm 1007 : Register in operand not in bank 0.  Ensure that bank bits are correct.
Message[302] ../SpeedBus.PIC.LibV2.X/speedlibV2_main.asm 1011 : Register in operand not in bank 0.  Ensure that bank bits are correct.
Message[302] ../SpeedBus.PIC.LibV2.X/speedlibV2_main.asm 1015 : Register in operand not in bank 0.  Ensure that bank bits are correct.
Message[302] ../SpeedBus.PIC.LibV2.X/speedlibV2_main.asm 1019 : Register in operand not in bank 0.  Ensure that bank bits are correct.
Message[302] ../SpeedBus.PIC.LibV2.X/speedlibV2_main.asm 1023 : Register in operand not in bank 0.  Ensure that bank bits are correct.
Message[302] ../SpeedBus.PIC.LibV2.X/speedlibV2_main.asm 1030 : Register in operand not in bank 0.  Ensure that bank bits are correct.
Message[302] ../SpeedBus.PIC.LibV2.X/speedlibV2_main.asm 1034 : Register in operand not in bank 0.  Ensure that bank bits are correct.
Message[302] ../SpeedBus.PIC.LibV2.X/speedlibV2_main.asm 1037 : Register in operand not in bank 0.  Ensure that bank bits are correct.
Message[302] ../SpeedBus.PIC.LibV2.X/speedlibV2_main.asm 1041 : Register in operand not in bank 0.  Ensure that bank bits are correct.
Message[302] ../SpeedBus.PIC.LibV2.X/speedlibV2_main.asm 1043 : Register in operand not in bank 0.  Ensure that bank bits are correct.
Message[302] ../SpeedBus.PIC.LibV2.X/speedlibV2_main.asm 1047 : Register in operand not in bank 0.  Ensure that bank bits are correct.
Message[302] ../SpeedBus.PIC.LibV2.X/speedlibV2_main.asm 1049 : Register in operand not in bank 0.  Ensure that bank bits are correct.
Message[302] ../SpeedBus.PIC.LibV2.X/speedlibV2_main.asm 1053 : Register in operand not in bank 0.  Ensure that bank bits are correct.
Message[302] ../SpeedBus.PIC.LibV2.X/speedlibV2_main.asm 1057 : Register in operand not in bank 0.  Ensure that bank bits are correct.
Message[302] ../SpeedBus.PIC.LibV2.X/speedlibV2_main.asm 1061 : Register in operand not in bank 0.  Ensure that bank bits are correct.
Message[302] ../SpeedBus.PIC.LibV2.X/speedlibV2_main.asm 1065 : Register in operand not in bank 0.  Ensure that bank bits are correct.
Message[302] ../SpeedBus.PIC.LibV2.X/speedlibV2_main.asm 1069 : Register in operand not in bank 0.  Ensure that bank bits are correct.
Message[302] ../SpeedBus.PIC.LibV2.X/speedlibV2_main.asm 1073 : Register in operand not in bank 0.  Ensure that bank bits are correct.
Message[302] ../SpeedBus.PIC.LibV2.X/speedlibV2_main.asm 1077 : Register in operand not in bank 0.  Ensure that bank bits are correct.
Message[302] ../SpeedBus.PIC.LibV2.X/speedlibV2_main.asm 1081 : Register in operand not in bank 0.  Ensure that bank bits are correct.
Message[302] ../SpeedBus.PIC.LibV2.X/speedlibV2_main.asm 1085 : Register in operand not in bank 0.  Ensure that bank bits are correct.
Message[302] ../SpeedBus.PIC.LibV2.X/speedlibV2_main.asm 1092 : Register in operand not in bank 0.  Ensure that bank bits are correct.
Message[302] ../SpeedBus.PIC.LibV2.X/speedlibV2_main.asm 1094 : Register in operand not in bank 0.  Ensure that bank bits are correct.
Message[302] ../SpeedBus.PIC.LibV2.X/speedlibV2_main.asm 1097 : Register in operand not in bank 0.  Ensure that bank bits are correct.
Message[302] ../SpeedBus.PIC.LibV2.X/speedlibV2_main.asm 1099 : Register in operand not in bank 0.  Ensure that bank bits are correct.
Message[302] ../SpeedBus.PIC.LibV2.X/speedlibV2_main.asm 1120 : Register in operand not in bank 0.  Ensure that bank bits are correct.
Message[302] ../SpeedBus.PIC.LibV2.X/speedlibV2_main.asm 1127 : Register in operand not in bank 0.  Ensure that bank bits are correct.
Message[302] ../SpeedBus.PIC.LibV2.X/speedlibV2_main.asm 1132 : Register in operand not in bank 0.  Ensure that bank bits are correct.
Message[302] ../SpeedBus.PIC.LibV2.X/speedlibV2_main.asm 1133 : Register in operand not in bank 0.  Ensure that bank bits are correct.
Message[302] ../SpeedBus.PIC.LibV2.X/speedlibV2_main.asm 1143 : Register in operand not in bank 0.  Ensure that bank bits are correct.
Message[302] ../SpeedBus.PIC.LibV2.X/speedlibV2_main.asm 1157 : Register in operand not in bank 0.  Ensure that bank bits are correct.
Message[302] ../SpeedBus.PIC.LibV2.X/speedlibV2_main.asm 1160 : Register in operand not in bank 0.  Ensure that bank bits are correct.
Message[302] ../SpeedBus.PIC.LibV2.X/speedlibV2_main.asm 1165 : Register in operand not in bank 0.  Ensure that bank bits are correct.
Message[302] ../SpeedBus.PIC.LibV2.X/speedlibV2_main.asm 1173 : Register in operand not in bank 0.  Ensure that bank bits are correct.
Message[302] ../SpeedBus.PIC.LibV2.X/speedlibV2_main.asm 1182 : Register in operand not in bank 0.  Ensure that bank bits are correct.
Message[302] ../SpeedBus.PIC.LibV2.X/speedlibV2_main.asm 1195 : Register in operand not in bank 0.  Ensure that bank bits are correct.
Message[302] ../SpeedBus.PIC.LibV2.X/speedlibV2_main.asm 1197 : Register in operand not in bank 0.  Ensure that bank bits are correct.
Message[302] ../SpeedBus.PIC.LibV2.X/speedlibV2_main.asm 1200 : Register in operand not in bank 0.  Ensure that bank bits are correct.
Message[302] ../SpeedBus.PIC.LibV2.X/speedlibV2_main.asm 1206 : Register in operand not in bank 0.  Ensure that bank bits are correct.
Message[302] ../SpeedBus.PIC.LibV2.X/speedlibV2_main.asm 1208 : Register in operand not in bank 0.  Ensure that bank bits are correct.
Message[302] ../SpeedBus.PIC.LibV2.X/speedlibV2_main.asm 1213 : Register in operand not in bank 0.  Ensure that bank bits are correct.
Message[302] ../SpeedBus.PIC.LibV2.X/speedlibV2_main.asm 1216 : Register in operand not in bank 0.  Ensure that bank bits are correct.
Message[302] ../SpeedBus.PIC.LibV2.X/speedlibV2_main.asm 1220 : Register in operand not in bank 0.  Ensure that bank bits are correct.
Message[302] ../SpeedBus.PIC.LibV2.X/speedlibV2_main.asm 1223 : Register in operand not in bank 0.  Ensure that bank bits are correct.
Message[302] ../SpeedBus.PIC.LibV2.X/speedlibV2_main.asm 1226 : Register in operand not in bank 0.  Ensure that bank bits are correct.
Message[302] ../SpeedBus.PIC.LibV2.X/speedlibV2_main.asm 1228 : Register in operand not in bank 0.  Ensure that bank bits are correct.
Message[302] ../SpeedBus.PIC.LibV2.X/speedlibV2_main.asm 1234 : Register in operand not in bank 0.  Ensure that bank bits are correct.
Message[302] ../SpeedBus.PIC.LibV2.X/speedlibV2_main.asm 1239 : Register in operand not in bank 0.  Ensure that bank bits are correct.
Message[302] ../SpeedBus.PIC.LibV2.X/speedlibV2_main.asm 1241 : Register in operand not in bank 0.  Ensure that bank bits are correct.
Message[302] ../SpeedBus.PIC.LibV2.X/speedlibV2_main.asm 1262 : Register in operand not in bank 0.  Ensure that bank bits are correct.
Message[302] ../SpeedBus.PIC.LibV2.X/speedlibV2_main.asm 1264 : Register in operand not in bank 0.  Ensure that bank bits are correct.
Message[302] ../SpeedBus.PIC.LibV2.X/speedlibV2_main.asm 1266 : Register in operand not in bank 0.  Ensure that bank bits are correct.
Message[302] ../SpeedBus.PIC.LibV2.X/speedlibV2_main.asm 1270 : Register in operand not in bank 0.  Ensure that bank bits are correct.
Message[302] ../SpeedBus.PIC.LibV2.X/speedlibV2_main.asm 1272 : Register in operand not in bank 0.  Ensure that bank bits are correct.
Message[302] ../SpeedBus.PIC.LibV2.X/speedlibV2_main.asm 1277 : Register in operand not in bank 0.  Ensure that bank bits are correct.
Message[302] ../SpeedBus.PIC.LibV2.X/speedlibV2_main.asm 1285 : Register in operand not in bank 0.  Ensure that bank bits are correct.
Message[302] ../SpeedBus.PIC.LibV2.X/speedlibV2_main.asm 1287 : Register in operand not in bank 0.  Ensure that bank bits are correct.
Message[302] ../SpeedBus.PIC.LibV2.X/speedlibV2_main.asm 1289 : Register in operand not in bank 0.  Ensure that bank bits are correct.
Message[302] ../SpeedBus.PIC.LibV2.X/speedlibV2_main.asm 1290 : Register in operand not in bank 0.  Ensure that bank bits are correct.
Message[302] ../SpeedBus.PIC.LibV2.X/speedlibV2_main.asm 1293 : Register in operand not in bank 0.  Ensure that bank bits are correct.
Message[302] ../SpeedBus.PIC.LibV2.X/speedlibV2_main.asm 1296 : Register in operand not in bank 0.  Ensure that bank bits are correct.
Message[302] ../SpeedBus.PIC.LibV2.X/speedlibV2_main.asm 1298 : Register in operand not in bank 0.  Ensure that bank bits are correct.
Message[302] ../SpeedBus.PIC.LibV2.X/speedlibV2_main.asm 1305 : Register in operand not in bank 0.  Ensure that bank bits are correct.
Message[302] ../SpeedBus.PIC.LibV2.X/speedlibV2_main.asm 1306 : Register in operand not in bank 0.  Ensure that bank bits are correct.
Message[302] ../SpeedBus.PIC.LibV2.X/speedlibV2_main.asm 1313 : Register in operand not in bank 0.  Ensure that bank bits are correct.
Message[302] ../SpeedBus.PIC.LibV2.X/speedlibV2_main.asm 1315 : Register in operand not in bank 0.  Ensure that bank bits are correct.
Message[302] ../SpeedBus.PIC.LibV2.X/speedlibV2_main.asm 1318 : Register in operand not in bank 0.  Ensure that bank bits are correct.
Message[302] ../SpeedBus.PIC.LibV2.X/speedlibV2_main.asm 1319 : Register in operand not in bank 0.  Ensure that bank bits are correct.
Message[302] ../SpeedBus.PIC.LibV2.X/speedlibV2_main.asm 1321 : Register in operand not in bank 0.  Ensure that bank bits are correct.
Message[302] ../SpeedBus.PIC.LibV2.X/speedlibV2_main.asm 1331 : Register in operand not in bank 0.  Ensure that bank bits are correct.
Message[302] ../SpeedBus.PIC.LibV2.X/speedlibV2_main.asm 1337 : Register in operand not in bank 0.  Ensure that bank bits are correct.
Message[302] ../SpeedBus.PIC.LibV2.X/speedlibV2_main.asm 1339 : Register in operand not in bank 0.  Ensure that bank bits are correct.
Message[302] ../SpeedBus.PIC.LibV2.X/speedlibV2_main.asm 1342 : Register in operand not in bank 0.  Ensure that bank bits are correct.
Message[302] ../SpeedBus.PIC.LibV2.X/speedlibV2_main.asm 1354 : Register in operand not in bank 0.  Ensure that bank bits are correct.
Message[302] ../SpeedBus.PIC.LibV2.X/speedlibV2_main.asm 1357 : Register in operand not in bank 0.  Ensure that bank bits are correct.
Message[302] ../SpeedBus.PIC.LibV2.X/speedlibV2_main.asm 1365 : Register in operand not in bank 0.  Ensure that bank bits are correct.
Message[302] ../SpeedBus.PIC.LibV2.X/speedlibV2_main.asm 1368 : Register in operand not in bank 0.  Ensure that bank bits are correct.
Message[302] ../SpeedBus.PIC.LibV2.X/speedlibV2_main.asm 1380 : Register in operand not in bank 0.  Ensure that bank bits are correct.
Message[302] ../SpeedBus.PIC.LibV2.X/speedlibV2_main.asm 1384 : Register in operand not in bank 0.  Ensure that bank bits are correct.
Message[302] ../SpeedBus.PIC.LibV2.X/speedlibV2_main.asm 1388 : Register in operand not in bank 0.  Ensure that bank bits are correct.
Message[302] ../SpeedBus.PIC.LibV2.X/speedlibV2_main.asm 1399 : Register in operand not in bank 0.  Ensure that bank bits are correct.
Message[302] ../SpeedBus.PIC.LibV2.X/speedlibV2_main.asm 1400 : Register in operand not in bank 0.  Ensure that bank bits are correct.
Message[302] ../SpeedBus.PIC.LibV2.X/speedlibV2_main.asm 1406 : Register in operand not in bank 0.  Ensure that bank bits are correct.
Message[302] ../SpeedBus.PIC.LibV2.X/speedlibV2_main.asm 1408 : Register in operand not in bank 0.  Ensure that bank bits are correct.
Message[302] ../SpeedBus.PIC.LibV2.X/speedlibV2_main.asm 1410 : Register in operand not in bank 0.  Ensure that bank bits are correct.
Message[302] ../SpeedBus.PIC.LibV2.X/speedlibV2_main.asm 1412 : Register in operand not in bank 0.  Ensure that bank bits are correct.
Message[302] ../SpeedBus.PIC.LibV2.X/speedlibV2_main.asm 1418 : Register in operand not in bank 0.  Ensure that bank bits are correct.
Message[302] ../SpeedBus.PIC.LibV2.X/speedlibV2_main.asm 1420 : Register in operand not in bank 0.  Ensure that bank bits are correct.
Message[302] ../SpeedBus.PIC.LibV2.X/speedlibV2_main.asm 1422 : Register in operand not in bank 0.  Ensure that bank bits are correct.
Message[302] ../SpeedBus.PIC.LibV2.X/speedlibV2_main.asm 1424 : Register in operand not in bank 0.  Ensure that bank bits are correct.
Message[302] ../SpeedBus.PIC.LibV2.X/speedlibV2_main.asm 1427 : Register in operand not in bank 0.  Ensure that bank bits are correct.
Message[302] ../SpeedBus.PIC.LibV2.X/speedlibV2_main.asm 1428 : Register in operand not in bank 0.  Ensure that bank bits are correct.
Message[302] ../SpeedBus.PIC.LibV2.X/speedlibV2_main.asm 1431 : Register in operand not in bank 0.  Ensure that bank bits are correct.
Message[302] ../SpeedBus.PIC.LibV2.X/speedlibV2_main.asm 1432 : Register in operand not in bank 0.  Ensure that bank bits are correct.
Message[302] /home/moonshine/speedbus/pic/mplabx.proj/speedlib/SpeedBusV2.Sample.X/main.asm 74 : Register in operand not in bank 0.  Ensure that bank bits are correct.
Message[302] /home/moonshine/speedbus/pic/mplabx.proj/speedlib/SpeedBusV2.Sample.X/main.asm 76 : Register in operand not in bank 0.  Ensure that bank bits are correct.
Message[302] /home/moonshine/speedbus/pic/mplabx.proj/speedlib/SpeedBusV2.Sample.X/main.asm 82 : Register in operand not in bank 0.  Ensure that bank bits are correct.
Message[302] /home/moonshine/speedbus/pic/mplabx.proj/speedlib/SpeedBusV2.Sample.X/main.asm 84 : Register in operand not in bank 0.  Ensure that bank bits are correct.
Message[302] /home/moonshine/speedbus/pic/mplabx.proj/speedlib/SpeedBusV2.Sample.X/main.asm 88 : Register in operand not in bank 0.  Ensure that bank bits are correct.
Message[302] /home/moonshine/speedbus/pic/mplabx.proj/speedlib/SpeedBusV2.Sample.X/main.asm 94 : Register in operand not in bank 0.  Ensure that bank bits are correct.
Message[302] /home/moonshine/speedbus/pic/mplabx.proj/speedlib/SpeedBusV2.Sample.X/main.asm 95 : Register in operand not in bank 0.  Ensure that bank bits are correct.
Message[302] /home/moonshine/speedbus/pic/mplabx.proj/speedlib/SpeedBusV2.Sample.X/main.asm 96 : Register in operand not in bank 0.  Ensure that bank bits are correct.
Message[302] /home/moonshine/speedbus/pic/mplabx.proj/speedlib/SpeedBusV2.Sample.X/main.asm 102 : Register in operand not in bank 0.  Ensure that bank bits are correct.
Message[302] /home/moonshine/speedbus/pic/mplabx.proj/speedlib/SpeedBusV2.Sample.X/main.asm 108 : Register in operand not in bank 0.  Ensure that bank bits are correct.
Message[302] /home/moonshine/speedbus/pic/mplabx.proj/speedlib/SpeedBusV2.Sample.X/main.asm 111 : Register in operand not in bank 0.  Ensure that bank bits are correct.
Message[302] /home/moonshine/speedbus/pic/mplabx.proj/speedlib/SpeedBusV2.Sample.X/main.asm 113 : Register in operand not in bank 0.  Ensure that bank bits are correct.
Message[302] /home/moonshine/speedbus/pic/mplabx.proj/speedlib/SpeedBusV2.Sample.X/main.asm 116 : Register in operand not in bank 0.  Ensure that bank bits are correct.
Message[302] /home/moonshine/speedbus/pic/mplabx.proj/speedlib/SpeedBusV2.Sample.X/main.asm 143 : Register in operand not in bank 0.  Ensure that bank bits are correct.
Message[302] /home/moonshine/speedbus/pic/mplabx.proj/speedlib/SpeedBusV2.Sample.X/main.asm 155 : Register in operand not in bank 0.  Ensure that bank bits are correct.
Message[302] /home/moonshine/speedbus/pic/mplabx.proj/speedlib/SpeedBusV2.Sample.X/main.asm 157 : Register in operand not in bank 0.  Ensure that bank bits are correct.
Message[302] /home/moonshine/speedbus/pic/mplabx.proj/speedlib/SpeedBusV2.Sample.X/main.asm 158 : Register in operand not in bank 0.  Ensure that bank bits are correct.
Message[302] /home/moonshine/speedbus/pic/mplabx.proj/speedlib/SpeedBusV2.Sample.X/main.asm 161 : Register in operand not in bank 0.  Ensure that bank bits are correct.
Message[302] /home/moonshine/speedbus/pic/mplabx.proj/speedlib/SpeedBusV2.Sample.X/main.asm 169 : Register in operand not in bank 0.  Ensure that bank bits are correct.
Message[302] /home/moonshine/speedbus/pic/mplabx.proj/speedlib/SpeedBusV2.Sample.X/main.asm 171 : Register in operand not in bank 0.  Ensure that bank bits are correct.
Message[302] /home/moonshine/speedbus/pic/mplabx.proj/speedlib/SpeedBusV2.Sample.X/main.asm 173 : Register in operand not in bank 0.  Ensure that bank bits are correct.
Message[302] /home/moonshine/speedbus/pic/mplabx.proj/speedlib/SpeedBusV2.Sample.X/main.asm 175 : Register in operand not in bank 0.  Ensure that bank bits are correct.
Message[302] /home/moonshine/speedbus/pic/mplabx.proj/speedlib/SpeedBusV2.Sample.X/main.asm 176 : Register in operand not in bank 0.  Ensure that bank bits are correct.
Message[302] /home/moonshine/speedbus/pic/mplabx.proj/speedlib/SpeedBusV2.Sample.X/main.asm 179 : Register in operand not in bank 0.  Ensure that bank bits are correct.
Message[302] /home/moonshine/speedbus/pic/mplabx.proj/speedlib/SpeedBusV2.Sample.X/main.asm 181 : Register in operand not in bank 0.  Ensure that bank bits are correct.
Message[302] /home/moonshine/speedbus/pic/mplabx.proj/speedlib/SpeedBusV2.Sample.X/main.asm 183 : Register in operand not in bank 0.  Ensure that bank bits are correct.
Message[302] /home/moonshine/speedbus/pic/mplabx.proj/speedlib/SpeedBusV2.Sample.X/main.asm 184 : Register in operand not in bank 0.  Ensure that bank bits are correct.
Message[302] /home/moonshine/speedbus/pic/mplabx.proj/speedlib/SpeedBusV2.Sample.X/main.asm 186 : Register in operand not in bank 0.  Ensure that bank bits are correct.
Warning[205] /home/moonshine/speedbus/pic/mplabx.proj/speedlib/SpeedBusV2.Sample.X/main.asm 193 : Found directive in column 1. (end)
