Dec 13 20:48:40 Server started.
Dec 13 20:49:01 Server started.
Dec 14 00:47:20 Server started.
Dec 14 13:07:22 Server started.
Dec 14 16:40:54 Server started.
Dec 14 16:44:50 Server started.
Dec 14 16:49:46 Server started.
Dec 14 16:50:25 Server started.
Dec 14 17:11:02 Server started.
Dec 14 17:12:21 Server started.
Dec 14 17:13:19 Server started.
Dec 14 17:14:43 Server started.
Dec 14 17:16:47 Server started.
Dec 14 17:17:34 Server started.
Dec 14 17:18:39 Server started.
Dec 14 17:21:24 Server started.
Dec 14 17:24:23 Server started.
Dec 14 17:28:40 Server started.
Dec 14 17:29:31 Server started.
Dec 14 17:30:32 Server started.
Dec 14 17:35:20 Server started.
Dec 14 17:36:29 Server started.
Dec 14 17:38:24 Server started.
Dec 14 17:41:13 Server started.
Dec 14 17:42:45 Server started.
Dec 14 17:43:20 Server started.
Dec 14 17:49:40 Server started.
Dec 14 17:50:54 Server started.
Dec 14 17:52:46 Server started.
Dec 14 17:58:06 Server started.
Dec 14 18:00:02 Server started.
Dec 14 18:02:13 Server started.
Dec 14 18:02:46 Server started.
Dec 14 18:03:24 Server started.
Dec 14 18:04:27 Server started.
Dec 14 19:16:09 Server started.
Dec 14 19:17:57 Server started.
Dec 14 22:46:40 Server started.
Dec 14 22:48:38 Server started.
Dec 14 22:49:13 Server started.
Dec 14 22:49:50 Server started.
Dec 14 22:50:51 Server started.
Dec 15 01:39:59 Server started.
Dec 15 01:40:52 Server started.
Dec 15 01:41:07 Server started.
Dec 15 13:34:51 Server started.
Dec 15 15:34:09 Server started.
Dec 15 15:35:23 Server started.
Dec 15 15:39:32 Server started.
Dec 15 15:51:53 Server started.
Dec 15 16:11:42 Server started.
Dec 15 16:13:28 Server started.
Dec 15 16:22:01 Server started.
Dec 15 16:23:37 Server started.
Dec 15 16:27:08 Server started.
Dec 15 16:27:11 Server started.
Dec 15 16:30:57 Server started.
Dec 15 16:31:37 Server started.
Dec 15 17:21:59 Server started.
Dec 15 20:24:00 Server started.
Dec 15 20:25:26 Server started.
Dec 15 22:20:46 Server started.
Dec 15 22:21:37 Server started.
Dec 15 22:23:35 Server started.
Dec 15 22:24:15 Server started.
Dec 15 22:25:30 Server started.
Dec 15 22:27:25 Server started.
Dec 15 22:37:41 Server started.
Dec 15 22:45:51 Server started.
Dec 15 22:45:53 Server started.
Dec 15 22:48:33 Server started.
Dec 15 22:49:01 Server started.
Dec 15 22:49:53 Server started.
Dec 15 22:51:40 Server started.
Dec 15 22:52:12 Server started.
Dec 15 23:18:07 Server started.
Dec 15 23:19:14 Server started.
Dec 15 23:22:48 Server started.
Dec 16 00:31:19 Server started.
Dec 16 00:37:14 Server started.
Dec 16 00:37:15 Server started.
Dec 16 00:37:28 Server started.
Dec 16 00:39:07 Server started.
Dec 16 00:46:07 Server started.
Dec 16 00:48:27 Server started.
Dec 16 00:48:30 Server started.
Dec 16 00:49:38 Server started.
Dec 16 00:50:19 Server started.
Dec 16 00:52:16 Server started.
Dec 16 00:53:26 Server started.
Dec 16 00:55:41 Server started.
Dec 16 00:56:23 Server started.
Dec 16 00:58:45 Server started.
Dec 16 00:59:52 Server started.
Dec 16 01:01:11 Server started.
Dec 16 01:01:27 Server started.
Dec 16 01:02:20 Server started.
Dec 16 01:03:13 Server started.
Dec 16 01:05:44 Server started.
Dec 16 01:06:01 Server started.
Dec 16 01:09:34 Server started.
Dec 16 01:12:13 Server started.
Dec 16 01:13:46 Server started.
Dec 16 01:16:08 Server started.
Dec 16 01:17:46 Server started.
Dec 16 01:17:51 Server started.
Dec 16 01:19:56 Server started.
Dec 16 01:21:58 Server started.
Dec 16 01:22:27 Server started.
Dec 16 01:23:06 Server started.
Dec 16 01:24:47 Server started.
Dec 16 01:30:31 Server started.
Dec 16 01:32:48 Server started.
Dec 16 01:38:43 Server started.
Dec 16 01:40:04 Server started.
Dec 16 01:41:30 Server started.
Dec 16 01:44:39 Server started.
Dec 16 01:45:19 Server started.
Dec 16 01:46:39 Server started.
Dec 16 01:46:42 Server started.
Dec 16 01:47:27 Server started.
Dec 16 01:48:00 Server started.
Dec 16 01:50:11 Server started.
Dec 16 01:50:15 Server started.
Dec 16 01:51:51 Server started.
Dec 16 01:56:55 Server started.
Dec 16 02:40:31 Server started.
Dec 16 02:41:43 Server started.
Dec 16 02:47:11 Server started.
Dec 25 01:03:25 Server started.
Dec 25 01:04:56 Server started.
Dec 25 01:05:09 Server started.
Dec 25 01:05:32 Server started.
Dec 25 01:06:24 Server started.
Dec 25 01:06:30 Server started.
Dec 25 01:06:33 Server started.
Dec 25 01:07:03 Server started.
Dec 25 01:07:07 Server started.
Dec 25 01:09:15 Server started.
Dec 25 01:12:04 Server started.
Dec 25 01:12:25 Server started.
Dec 25 01:12:38 Server started.
Dec 25 01:15:49 Server started.
Dec 25 01:16:54 Server started.
Dec 25 01:22:10 Server started.
Dec 25 01:27:03 Server started.
Dec 25 22:29:38 Server started.
Dec 25 22:31:24 Server started.
Dec 25 22:32:54 Server started.
Dec 25 22:34:10 Server started.
Dec 25 22:34:51 Server started.
Dec 25 22:36:47 Server started.
Dec 25 22:37:20 Server started.
Dec 25 22:37:32 Server started.
Dec 25 22:37:44 Server started.
Dec 25 22:46:53 Server started.
Dec 25 22:47:07 Server started.
Dec 25 22:51:36 Server started.
Dec 25 22:54:12 Server started.
Dec 25 22:54:24 Server started.
Dec 25 22:54:32 Server started.
Dec 25 22:55:21 Server started.
Dec 25 22:57:22 Server started.
Dec 25 22:58:40 Server started.
Dec 25 22:58:45 Server started.
Dec 25 23:05:23 Server started.
Dec 25 23:09:16 Server started.
Dec 25 23:09:27 Server started.
Dec 25 23:12:12 Server started.
Dec 26 18:38:01 Server started.
Dec 26 18:39:56 Server started.
Dec 26 18:48:52 Server started.
Dec 26 18:57:47 Server started.
Dec 26 19:03:17 Server started.
Dec 26 19:04:26 Server started.
Dec 26 19:11:44 Server started.
Dec 26 19:14:08 Server started.
Dec 26 19:14:34 
Dec 26 19:19:25 Server started.
Dec 26 19:23:44 Server started.
Dec 26 19:28:41 
Dec 26 19:31:41 Server started.
Dec 26 19:32:13 
Dec 26 19:34:14 Server started.
Dec 26 19:37:09 Server started.
Dec 26 19:37:49 
Dec 26 19:38:59 Server started.
Dec 26 19:39:19 
Dec 26 19:40:46 Server started.
Dec 26 19:41:09 
Dec 26 19:46:39 Server started.
Dec 26 19:47:24 
Dec 26 19:48:15 Server started.
Dec 26 19:48:39 Alarm was recieved with signal 0 at detector 0
Dec 26 19:52:57 Alarm was recieved with signal 0 at detector 0
Dec 26 19:53:18 Alarm was recieved with signal 0 at detector 0
Dec 26 19:53:34 Alarm was recieved with signal 0 at detector 0
Dec 26 19:53:37 Alarm was recieved with signal 0 at detector 0
Dec 26 19:53:38 Alarm was recieved with signal 0 at detector 0
Dec 26 19:53:38 Alarm was recieved with signal 0 at detector 0
Dec 26 19:53:38 Alarm was recieved with signal 0 at detector 0
Dec 26 19:53:38 Alarm was recieved with signal 0 at detector 0
Dec 26 19:53:38 Alarm was recieved with signal 0 at detector 0
Dec 26 19:53:38 Alarm was recieved with signal 0 at detector 0
Dec 26 19:53:38 Alarm was recieved with signal 0 at detector 0
Dec 26 19:53:39 Alarm was recieved with signal 0 at detector 0
Dec 26 19:53:39 Alarm was recieved with signal 0 at detector 0
Dec 26 19:53:39 Alarm was recieved with signal 0 at detector 0
Dec 26 19:53:39 Alarm was recieved with signal 0 at detector 0
Dec 26 19:53:39 Alarm was recieved with signal 0 at detector 0
Dec 26 19:53:39 Alarm was recieved with signal 0 at detector 0
Dec 26 19:53:39 Alarm was recieved with signal 0 at detector 0
Dec 26 19:53:39 Alarm was recieved with signal 0 at detector 0
Dec 26 19:53:39 Alarm was recieved with signal 0 at detector 0
Dec 26 19:53:39 Alarm was recieved with signal 0 at detector 0
Dec 26 19:53:39 Alarm was recieved with signal 0 at detector 0
Dec 26 19:53:39 Alarm was recieved with signal 0 at detector 0
Dec 26 19:53:39 Alarm was recieved with signal 0 at detector 0
Dec 26 19:53:39 Alarm was recieved with signal 0 at detector 0
Dec 26 19:53:39 Alarm was recieved with signal 0 at detector 0
Dec 26 19:53:39 Alarm was recieved with signal 0 at detector 0
Dec 26 19:53:39 Alarm was recieved with signal 0 at detector 0
Dec 26 19:53:39 Alarm was recieved with signal 0 at detector 0
Dec 26 19:53:39 Alarm was recieved with signal 0 at detector 0
Dec 26 19:53:41 Alarm was recieved with signal 0 at detector 0
Dec 26 19:53:44 Alarm was recieved with signal 0 at detector 0
Dec 26 20:21:23 Server started.
Dec 26 20:22:02 Alarm was recieved with signal 0 at detector 0
Dec 26 20:25:01 Server started.
Dec 26 20:25:38 Alarm was recieved with signal 0 at detector 0
Dec 26 20:26:55 Server started.
Dec 26 20:27:25 Alarm was recieved with signal 0 at detector 0
Dec 26 20:33:19 Server started.
Dec 26 20:34:06 Alarm was recieved with signal 0 at detector 0
Dec 26 20:35:37 Server started.
Dec 26 20:35:59 Alarm was recieved with signal 1 at detector 1
Dec 26 20:36:45 Alarm was recieved with signal 1 at detector 1
Dec 26 20:37:01 Alarm was recieved with signal 1 at detector 0
Dec 26 20:37:06 Alarm was recieved with signal 0 at detector 0
Dec 26 20:37:06 Alarm was recieved with signal 0 at detector 0
Dec 26 20:37:06 Alarm was recieved with signal 0 at detector 0
Dec 26 20:37:06 Alarm was recieved with signal 0 at detector 0
Dec 26 20:37:06 Alarm was recieved with signal 0 at detector 0
Dec 26 20:37:06 Alarm was recieved with signal 0 at detector 0
Dec 26 20:37:06 Alarm was recieved with signal 0 at detector 0
Dec 26 20:37:06 Alarm was recieved with signal 1 at detector 0
Dec 26 20:37:10 Alarm was recieved with signal 1 at detector 1
Dec 27 01:36:01 Server started.
Dec 27 01:37:49 Server started.
Dec 27 01:39:00 Alarm was recieved with signal 1 at detector 1
Dec 27 16:51:20 Alarm was recieved with signal 1 at detector 1
Dec 27 17:16:37 Alarm was recieved with signal 1 at detector 1
Dec 27 17:34:24 Alarm was recieved with signal 1 at detector 1
Dec 27 19:24:57 Alarm was recieved with signal 1 at detector 1
Dec 27 20:24:09 Alarm was recieved with signal 1 at detector 1
Dec 27 22:47:31 Alarm was recieved with signal 1 at detector 1
Dec 28 15:03:17 Server started.
Dec 28 15:31:28 Server started.
Dec 28 15:44:30 Server started.
Dec 28 15:47:45 Server started.
Dec 28 16:04:36 Server started.
Dec 28 18:10:19 Alarm was recieved with signal 1 at detector 1
Dec 28 18:10:32 Alarm was recieved with signal 1 at detector 1
Dec 28 18:10:44 Alarm was recieved with signal 1 at detector 1
Dec 28 18:10:56 Alarm was recieved with signal 1 at detector 1
Dec 28 18:11:05 Alarm was recieved with signal 1 at detector 1
Dec 28 18:11:18 Alarm was recieved with signal 1 at detector 1
Dec 28 18:11:28 Alarm was recieved with signal 1 at detector 1
Dec 28 18:11:34 Alarm was recieved with signal 1 at detector 1
Dec 28 18:11:41 Alarm was recieved with signal 1 at detector 1
Dec 28 18:11:59 Alarm was recieved with signal 1 at detector 1
Dec 28 18:12:09 Alarm was recieved with signal 1 at detector 1
Dec 28 18:12:12 Alarm was recieved with signal 1 at detector 1
Dec 28 18:12:16 Alarm was recieved with signal 1 at detector 1
Dec 28 18:12:27 Alarm was recieved with signal 1 at detector 1
Dec 28 18:12:34 Alarm was recieved with signal 1 at detector 1
Dec 28 18:12:36 Alarm was recieved with signal 1 at detector 1
Dec 28 18:12:43 Alarm was recieved with signal 1 at detector 1
Dec 28 18:12:52 Alarm was recieved with signal 1 at detector 1
Dec 28 18:13:02 Alarm was recieved with signal 1 at detector 1
Dec 28 18:14:15 Alarm was recieved with signal 1 at detector 1
Dec 28 18:14:30 Alarm was recieved with signal 1 at detector 1
Dec 28 18:14:36 Alarm was recieved with signal 1 at detector 1
Dec 28 18:14:43 Alarm was recieved with signal 1 at detector 1
Dec 28 18:14:44 Alarm was recieved with signal 1 at detector 1
Dec 28 18:14:54 Alarm was recieved with signal 1 at detector 1
Dec 28 18:15:04 Alarm was recieved with signal 1 at detector 1
Dec 28 18:15:12 Alarm was recieved with signal 1 at detector 1
Dec 28 18:15:16 Alarm was recieved with signal 1 at detector 1
Dec 28 18:15:19 Alarm was recieved with signal 1 at detector 1
Dec 28 18:15:30 Alarm was recieved with signal 1 at detector 1
Dec 28 18:15:38 Alarm was recieved with signal 1 at detector 1
Dec 28 18:16:50 Alarm was recieved with signal 1 at detector 1
Dec 28 18:17:04 Alarm was recieved with signal 1 at detector 1
Dec 28 18:17:16 Alarm was recieved with signal 1 at detector 1
Dec 28 18:17:32 Alarm was recieved with signal 1 at detector 1
Dec 28 18:17:34 Alarm was recieved with signal 1 at detector 1
Dec 28 18:17:38 Alarm was recieved with signal 1 at detector 1
Dec 28 18:17:48 Alarm was recieved with signal 1 at detector 1
Dec 28 18:17:59 Alarm was recieved with signal 1 at detector 1
Dec 28 18:18:08 Alarm was recieved with signal 1 at detector 1
Dec 28 18:18:12 Alarm was recieved with signal 1 at detector 1
Dec 28 18:18:34 Alarm was recieved with signal 1 at detector 1
Dec 28 18:18:44 Alarm was recieved with signal 1 at detector 1
Dec 28 18:18:48 Alarm was recieved with signal 1 at detector 1
Dec 28 18:18:55 Alarm was recieved with signal 1 at detector 1
Dec 28 18:19:08 Alarm was recieved with signal 1 at detector 1
Dec 28 18:19:19 Alarm was recieved with signal 1 at detector 1
Dec 28 18:19:46 Alarm was recieved with signal 1 at detector 1
Dec 28 18:19:52 Alarm was recieved with signal 1 at detector 1
Dec 28 18:19:54 Alarm was recieved with signal 1 at detector 1
Dec 28 18:20:03 Alarm was recieved with signal 1 at detector 1
Dec 28 18:21:01 Alarm was recieved with signal 1 at detector 1
Dec 28 18:54:13 Alarm was recieved with signal 1 at detector 1
Dec 28 18:54:26 Alarm was recieved with signal 1 at detector 0
Dec 28 18:54:35 Alarm was recieved with signal 1 at detector 0
Dec 28 18:54:38 Alarm was recieved with signal 1 at detector 1
Dec 28 19:26:24 Alarm was recieved with signal 1 at detector 1
Dec 28 19:26:31 Alarm was recieved with signal 1 at detector 1
Dec 28 23:03:49 Alarm was recieved with signal 1 at detector 1
Dec 29 00:25:01 Alarm was recieved with signal 1 at detector 1
Dec 29 00:25:09 Alarm was recieved with signal 1 at detector 1
Dec 29 02:38:09 Alarm was recieved with signal 1 at detector 1
Dec 29 04:19:17 Alarm was recieved with signal 1 at detector 1
Dec 29 05:28:24 Server started.
Dec 29 17:26:10 Alarm was recieved with signal 1 at detector 1
Dec 29 17:53:36 Alarm was recieved with signal 1 at detector 1
Dec 30 02:55:31 Server started.
Dec 30 02:58:31 Server started.
Dec 30 17:19:42 Server started.
Dec 30 18:35:26 Server started.
Dec 30 20:23:59 Server started.
Dec 30 21:19:20 Server started.
Dec 31 01:04:43 Server started.
Dec 31 17:12:24 Server started.
Dec 31 17:13:29 Server started.
Dec 31 19:05:49 Alarm was recieved with signal 1 at detector 1
Dec 31 19:05:56 Alarm was recieved with signal 1 at detector 1
Dec 31 20:55:53 Alarm was recieved with signal 1 at detector 1
Dec 31 23:18:33 Alarm was recieved with signal 1 at detector 1
Jan 02 02:41:37 Alarm was recieved with signal 1 at detector 1
Jan 02 02:42:04 Alarm was recieved with signal 1 at detector 1
Jan 02 08:33:31 Alarm was recieved with signal 1 at detector 1
Jan 02 13:37:06 Alarm was recieved with signal 1 at detector 1
Jan 02 13:51:42 Alarm was recieved with signal 1 at detector 1
Jan 03 01:43:19 Server started.
Jan 03 01:43:41 Server started.
Jan 03 14:58:10 Server started.
Jan 03 15:11:59 Server started.
Jan 03 15:12:45 Server started.
Jan 03 15:14:41 Server started.
Jan 03 15:16:48 Server started.
Jan 03 15:49:29 Server started.
Jan 03 15:50:20 Server started.
Jan 03 15:53:37 Alarm was recieved with signal 1 at detector 1
Jan 03 16:59:17 Alarm was recieved with signal 1 at detector 1
Jan 04 19:52:08 Server started.
Jan 04 20:06:35 Server started.
Jan 05 17:26:21 Server started.
Jan 05 17:30:01 Server started.
Jan 05 17:35:53 Server started.
