Warning[205] /home/moonshine/speedbus/pic/mplabx.proj/speedlib/Outdoor.Sensor.Rv1.X/main.asm 1 : Found directive in column 1. (List)
Warning[205] ../SpeedBus.PIC.LibV2.X/speedlibV2_main.inc 14 : Found directive in column 1. (endm)
Warning[205] ../SpeedBus.PIC.LibV2.X/speedlibV2_main.asm 51 : Found directive in column 1. (radix)
Message[302] ../SpeedBus.PIC.LibV2.X/speedlibV2_main.asm 141 : Register in operand not in bank 0.  Ensure that bank bits are correct.
Message[302] ../SpeedBus.PIC.LibV2.X/speedlibV2_main.asm 142 : Register in operand not in bank 0.  Ensure that bank bits are correct.
Message[302] ../SpeedBus.PIC.LibV2.X/speedlibV2_main.asm 143 : Register in operand not in bank 0.  Ensure that bank bits are correct.
Message[302] ../SpeedBus.PIC.LibV2.X/speedlibV2_main.asm 145 : Register in operand not in bank 0.  Ensure that bank bits are correct.
Message[302] ../SpeedBus.PIC.LibV2.X/speedlibV2_main.asm 152 : Register in operand not in bank 0.  Ensure that bank bits are correct.
Message[302] ../SpeedBus.PIC.LibV2.X/speedlibV2_main.asm 156 : Register in operand not in bank 0.  Ensure that bank bits are correct.
Message[302] ../SpeedBus.PIC.LibV2.X/speedlibV2_main.asm 160 : Register in operand not in bank 0.  Ensure that bank bits are correct.
Message[302] ../SpeedBus.PIC.LibV2.X/speedlibV2_main.asm 166 : Register in operand not in bank 0.  Ensure that bank bits are correct.
Message[302] ../SpeedBus.PIC.LibV2.X/speedlibV2_main.asm 171 : Register in operand not in bank 0.  Ensure that bank bits are correct.
Message[302] ../SpeedBus.PIC.LibV2.X/speedlibV2_main.asm 176 : Register in operand not in bank 0.  Ensure that bank bits are correct.
Message[302] ../SpeedBus.PIC.LibV2.X/speedlibV2_main.asm 178 : Register in operand not in bank 0.  Ensure that bank bits are correct.
Message[302] ../SpeedBus.PIC.LibV2.X/speedlibV2_main.asm 183 : Register in operand not in bank 0.  Ensure that bank bits are correct.
Message[302] ../SpeedBus.PIC.LibV2.X/speedlibV2_main.asm 185 : Register in operand not in bank 0.  Ensure that bank bits are correct.
Message[302] ../SpeedBus.PIC.LibV2.X/speedlibV2_main.asm 189 : Register in operand not in bank 0.  Ensure that bank bits are correct.
Message[302] ../SpeedBus.PIC.LibV2.X/speedlibV2_main.asm 191 : Register in operand not in bank 0.  Ensure that bank bits are correct.
Message[302] ../SpeedBus.PIC.LibV2.X/speedlibV2_main.asm 219 : Register in operand not in bank 0.  Ensure that bank bits are correct.
Message[302] ../SpeedBus.PIC.LibV2.X/speedlibV2_main.asm 222 : Register in operand not in bank 0.  Ensure that bank bits are correct.
Message[302] ../SpeedBus.PIC.LibV2.X/speedlibV2_main.asm 225 : Register in operand not in bank 0.  Ensure that bank bits are correct.
Message[302] ../SpeedBus.PIC.LibV2.X/speedlibV2_main.asm 251 : Register in operand not in bank 0.  Ensure that bank bits are correct.
Message[302] ../SpeedBus.PIC.LibV2.X/speedlibV2_main.asm 254 : Register in operand not in bank 0.  Ensure that bank bits are correct.
Message[302] ../SpeedBus.PIC.LibV2.X/speedlibV2_main.asm 257 : Register in operand not in bank 0.  Ensure that bank bits are correct.
Message[302] ../SpeedBus.PIC.LibV2.X/speedlibV2_main.asm 265 : Register in operand not in bank 0.  Ensure that bank bits are correct.
Message[302] ../SpeedBus.PIC.LibV2.X/speedlibV2_main.asm 268 : Register in operand not in bank 0.  Ensure that bank bits are correct.
Message[302] ../SpeedBus.PIC.LibV2.X/speedlibV2_main.asm 270 : Register in operand not in bank 0.  Ensure that bank bits are correct.
Message[302] ../SpeedBus.PIC.LibV2.X/speedlibV2_main.asm 279 : Register in operand not in bank 0.  Ensure that bank bits are correct.
Message[302] ../SpeedBus.PIC.LibV2.X/speedlibV2_main.asm 289 : Register in operand not in bank 0.  Ensure that bank bits are correct.
Message[302] ../SpeedBus.PIC.LibV2.X/speedlibV2_main.asm 295 : Register in operand not in bank 0.  Ensure that bank bits are correct.
Message[302] ../SpeedBus.PIC.LibV2.X/speedlibV2_main.asm 297 : Register in operand not in bank 0.  Ensure that bank bits are correct.
Message[302] ../SpeedBus.PIC.LibV2.X/speedlibV2_main.asm 299 : Register in operand not in bank 0.  Ensure that bank bits are correct.
Message[302] ../SpeedBus.PIC.LibV2.X/speedlibV2_main.asm 309 : Register in operand not in bank 0.  Ensure that bank bits are correct.
Message[302] ../SpeedBus.PIC.LibV2.X/speedlibV2_main.asm 318 : Register in operand not in bank 0.  Ensure that bank bits are correct.
Message[302] ../SpeedBus.PIC.LibV2.X/speedlibV2_main.asm 323 : Register in operand not in bank 0.  Ensure that bank bits are correct.
Message[302] ../SpeedBus.PIC.LibV2.X/speedlibV2_main.asm 344 : Register in operand not in bank 0.  Ensure that bank bits are correct.
Message[302] ../SpeedBus.PIC.LibV2.X/speedlibV2_main.asm 347 : Register in operand not in bank 0.  Ensure that bank bits are correct.
Message[302] ../SpeedBus.PIC.LibV2.X/speedlibV2_main.asm 350 : Register in operand not in bank 0.  Ensure that bank bits are correct.
Message[302] ../SpeedBus.PIC.LibV2.X/speedlibV2_main.asm 354 : Register in operand not in bank 0.  Ensure that bank bits are correct.
Message[302] ../SpeedBus.PIC.LibV2.X/speedlibV2_main.asm 360 : Register in operand not in bank 0.  Ensure that bank bits are correct.
Message[302] ../SpeedBus.PIC.LibV2.X/speedlibV2_main.asm 364 : Register in operand not in bank 0.  Ensure that bank bits are correct.
Message[302] ../SpeedBus.PIC.LibV2.X/speedlibV2_main.asm 365 : Register in operand not in bank 0.  Ensure that bank bits are correct.
Message[302] ../SpeedBus.PIC.LibV2.X/speedlibV2_main.asm 367 : Register in operand not in bank 0.  Ensure that bank bits are correct.
Message[302] ../SpeedBus.PIC.LibV2.X/speedlibV2_main.asm 372 : Register in operand not in bank 0.  Ensure that bank bits are correct.
Message[302] ../SpeedBus.PIC.LibV2.X/speedlibV2_main.asm 374 : Register in operand not in bank 0.  Ensure that bank bits are correct.
Message[302] ../SpeedBus.PIC.LibV2.X/speedlibV2_main.asm 380 : Register in operand not in bank 0.  Ensure that bank bits are correct.
Message[302] ../SpeedBus.PIC.LibV2.X/speedlibV2_main.asm 387 : Register in operand not in bank 0.  Ensure that bank bits are correct.
Message[302] ../SpeedBus.PIC.LibV2.X/speedlibV2_main.asm 397 : Register in operand not in bank 0.  Ensure that bank bits are correct.
Message[302] ../SpeedBus.PIC.LibV2.X/speedlibV2_main.asm 402 : Register in operand not in bank 0.  Ensure that bank bits are correct.
Message[302] ../SpeedBus.PIC.LibV2.X/speedlibV2_main.asm 421 : Register in operand not in bank 0.  Ensure that bank bits are correct.
Message[302] ../SpeedBus.PIC.LibV2.X/speedlibV2_main.asm 429 : Register in operand not in bank 0.  Ensure that bank bits are correct.
Message[302] ../SpeedBus.PIC.LibV2.X/speedlibV2_main.asm 447 : Register in operand not in bank 0.  Ensure that bank bits are correct.
Message[302] ../SpeedBus.PIC.LibV2.X/speedlibV2_main.asm 485 : Register in operand not in bank 0.  Ensure that bank bits are correct.
Message[302] ../SpeedBus.PIC.LibV2.X/speedlibV2_main.asm 513 : Register in operand not in bank 0.  Ensure that bank bits are correct.
Message[302] ../SpeedBus.PIC.LibV2.X/speedlibV2_main.asm 541 : Register in operand not in bank 0.  Ensure that bank bits are correct.
Message[302] ../SpeedBus.PIC.LibV2.X/speedlibV2_main.asm 546 : Register in operand not in bank 0.  Ensure that bank bits are correct.
Message[302] ../SpeedBus.PIC.LibV2.X/speedlibV2_main.asm 549 : Register in operand not in bank 0.  Ensure that bank bits are correct.
Message[302] ../SpeedBus.PIC.LibV2.X/speedlibV2_main.asm 554 : Register in operand not in bank 0.  Ensure that bank bits are correct.
Message[302] ../SpeedBus.PIC.LibV2.X/speedlibV2_main.asm 556 : Register in operand not in bank 0.  Ensure that bank bits are correct.
Message[302] ../SpeedBus.PIC.LibV2.X/speedlibV2_main.asm 561 : Register in operand not in bank 0.  Ensure that bank bits are correct.
Message[302] ../SpeedBus.PIC.LibV2.X/speedlibV2_main.asm 563 : Register in operand not in bank 0.  Ensure that bank bits are correct.
Message[302] ../SpeedBus.PIC.LibV2.X/speedlibV2_main.asm 568 : Register in operand not in bank 0.  Ensure that bank bits are correct.
Message[302] ../SpeedBus.PIC.LibV2.X/speedlibV2_main.asm 570 : Register in operand not in bank 0.  Ensure that bank bits are correct.
Message[302] ../SpeedBus.PIC.LibV2.X/speedlibV2_main.asm 586 : Register in operand not in bank 0.  Ensure that bank bits are correct.
Message[302] ../SpeedBus.PIC.LibV2.X/speedlibV2_main.asm 593 : Register in operand not in bank 0.  Ensure that bank bits are correct.
Message[302] ../SpeedBus.PIC.LibV2.X/speedlibV2_main.asm 600 : Register in operand not in bank 0.  Ensure that bank bits are correct.
Message[302] ../SpeedBus.PIC.LibV2.X/speedlibV2_main.asm 604 : Register in operand not in bank 0.  Ensure that bank bits are correct.
Message[302] ../SpeedBus.PIC.LibV2.X/speedlibV2_main.asm 606 : Register in operand not in bank 0.  Ensure that bank bits are correct.
Message[302] ../SpeedBus.PIC.LibV2.X/speedlibV2_main.asm 610 : Register in operand not in bank 0.  Ensure that bank bits are correct.
Message[302] ../SpeedBus.PIC.LibV2.X/speedlibV2_main.asm 612 : Register in operand not in bank 0.  Ensure that bank bits are correct.
Message[302] ../SpeedBus.PIC.LibV2.X/speedlibV2_main.asm 616 : Register in operand not in bank 0.  Ensure that bank bits are correct.
Message[302] ../SpeedBus.PIC.LibV2.X/speedlibV2_main.asm 620 : Register in operand not in bank 0.  Ensure that bank bits are correct.
Message[302] ../SpeedBus.PIC.LibV2.X/speedlibV2_main.asm 624 : Register in operand not in bank 0.  Ensure that bank bits are correct.
Message[302] ../SpeedBus.PIC.LibV2.X/speedlibV2_main.asm 628 : Register in operand not in bank 0.  Ensure that bank bits are correct.
Message[302] ../SpeedBus.PIC.LibV2.X/speedlibV2_main.asm 632 : Register in operand not in bank 0.  Ensure that bank bits are correct.
Message[302] ../SpeedBus.PIC.LibV2.X/speedlibV2_main.asm 634 : Register in operand not in bank 0.  Ensure that bank bits are correct.
Message[302] ../SpeedBus.PIC.LibV2.X/speedlibV2_main.asm 638 : Register in operand not in bank 0.  Ensure that bank bits are correct.
Message[302] ../SpeedBus.PIC.LibV2.X/speedlibV2_main.asm 648 : Register in operand not in bank 0.  Ensure that bank bits are correct.
Message[302] ../SpeedBus.PIC.LibV2.X/speedlibV2_main.asm 655 : Register in operand not in bank 0.  Ensure that bank bits are correct.
Message[302] ../SpeedBus.PIC.LibV2.X/speedlibV2_main.asm 662 : Register in operand not in bank 0.  Ensure that bank bits are correct.
Message[302] ../SpeedBus.PIC.LibV2.X/speedlibV2_main.asm 665 : Register in operand not in bank 0.  Ensure that bank bits are correct.
Message[302] ../SpeedBus.PIC.LibV2.X/speedlibV2_main.asm 666 : Register in operand not in bank 0.  Ensure that bank bits are correct.
Message[302] ../SpeedBus.PIC.LibV2.X/speedlibV2_main.asm 669 : Register in operand not in bank 0.  Ensure that bank bits are correct.
Message[302] ../SpeedBus.PIC.LibV2.X/speedlibV2_main.asm 670 : Register in operand not in bank 0.  Ensure that bank bits are correct.
Message[302] ../SpeedBus.PIC.LibV2.X/speedlibV2_main.asm 674 : Register in operand not in bank 0.  Ensure that bank bits are correct.
Message[302] ../SpeedBus.PIC.LibV2.X/speedlibV2_main.asm 678 : Register in operand not in bank 0.  Ensure that bank bits are correct.
Message[302] ../SpeedBus.PIC.LibV2.X/speedlibV2_main.asm 682 : Register in operand not in bank 0.  Ensure that bank bits are correct.
Message[302] ../SpeedBus.PIC.LibV2.X/speedlibV2_main.asm 686 : Register in operand not in bank 0.  Ensure that bank bits are correct.
Message[302] ../SpeedBus.PIC.LibV2.X/speedlibV2_main.asm 696 : Register in operand not in bank 0.  Ensure that bank bits are correct.
Message[302] ../SpeedBus.PIC.LibV2.X/speedlibV2_main.asm 706 : Register in operand not in bank 0.  Ensure that bank bits are correct.
Warning[208] ../SpeedBus.PIC.LibV2.X/speedlibV2_main.asm 709 : Label truncated at 32 characters. (func_is_ocupied_send_response_got_resp)
Message[302] ../SpeedBus.PIC.LibV2.X/speedlibV2_main.asm 710 : Register in operand not in bank 0.  Ensure that bank bits are correct.
Warning[208] ../SpeedBus.PIC.LibV2.X/speedlibV2_main.asm 713 : Label truncated at 32 characters. (func_is_ocupied_send_response_pack)
Message[302] ../SpeedBus.PIC.LibV2.X/speedlibV2_main.asm 714 : Register in operand not in bank 0.  Ensure that bank bits are correct.
Message[302] ../SpeedBus.PIC.LibV2.X/speedlibV2_main.asm 718 : Register in operand not in bank 0.  Ensure that bank bits are correct.
Message[302] ../SpeedBus.PIC.LibV2.X/speedlibV2_main.asm 725 : Register in operand not in bank 0.  Ensure that bank bits are correct.
Message[302] ../SpeedBus.PIC.LibV2.X/speedlibV2_main.asm 732 : Register in operand not in bank 0.  Ensure that bank bits are correct.
Message[302] ../SpeedBus.PIC.LibV2.X/speedlibV2_main.asm 735 : Register in operand not in bank 0.  Ensure that bank bits are correct.
Message[302] ../SpeedBus.PIC.LibV2.X/speedlibV2_main.asm 736 : Register in operand not in bank 0.  Ensure that bank bits are correct.
Message[302] ../SpeedBus.PIC.LibV2.X/speedlibV2_main.asm 739 : Register in operand not in bank 0.  Ensure that bank bits are correct.
Message[302] ../SpeedBus.PIC.LibV2.X/speedlibV2_main.asm 740 : Register in operand not in bank 0.  Ensure that bank bits are correct.
Message[302] ../SpeedBus.PIC.LibV2.X/speedlibV2_main.asm 744 : Register in operand not in bank 0.  Ensure that bank bits are correct.
Message[302] ../SpeedBus.PIC.LibV2.X/speedlibV2_main.asm 748 : Register in operand not in bank 0.  Ensure that bank bits are correct.
Message[302] ../SpeedBus.PIC.LibV2.X/speedlibV2_main.asm 752 : Register in operand not in bank 0.  Ensure that bank bits are correct.
Message[302] ../SpeedBus.PIC.LibV2.X/speedlibV2_main.asm 756 : Register in operand not in bank 0.  Ensure that bank bits are correct.
Message[302] ../SpeedBus.PIC.LibV2.X/speedlibV2_main.asm 810 : Register in operand not in bank 0.  Ensure that bank bits are correct.
Message[302] ../SpeedBus.PIC.LibV2.X/speedlibV2_main.asm 904 : Register in operand not in bank 0.  Ensure that bank bits are correct.
Message[302] ../SpeedBus.PIC.LibV2.X/speedlibV2_main.asm 908 : Register in operand not in bank 0.  Ensure that bank bits are correct.
Message[302] ../SpeedBus.PIC.LibV2.X/speedlibV2_main.asm 910 : Register in operand not in bank 0.  Ensure that bank bits are correct.
Message[302] ../SpeedBus.PIC.LibV2.X/speedlibV2_main.asm 914 : Register in operand not in bank 0.  Ensure that bank bits are correct.
Message[302] ../SpeedBus.PIC.LibV2.X/speedlibV2_main.asm 916 : Register in operand not in bank 0.  Ensure that bank bits are correct.
Message[302] ../SpeedBus.PIC.LibV2.X/speedlibV2_main.asm 920 : Register in operand not in bank 0.  Ensure that bank bits are correct.
Message[302] ../SpeedBus.PIC.LibV2.X/speedlibV2_main.asm 922 : Register in operand not in bank 0.  Ensure that bank bits are correct.
Message[302] ../SpeedBus.PIC.LibV2.X/speedlibV2_main.asm 926 : Register in operand not in bank 0.  Ensure that bank bits are correct.
Message[302] ../SpeedBus.PIC.LibV2.X/speedlibV2_main.asm 928 : Register in operand not in bank 0.  Ensure that bank bits are correct.
Message[302] ../SpeedBus.PIC.LibV2.X/speedlibV2_main.asm 932 : Register in operand not in bank 0.  Ensure that bank bits are correct.
Message[302] ../SpeedBus.PIC.LibV2.X/speedlibV2_main.asm 936 : Register in operand not in bank 0.  Ensure that bank bits are correct.
Message[302] ../SpeedBus.PIC.LibV2.X/speedlibV2_main.asm 940 : Register in operand not in bank 0.  Ensure that bank bits are correct.
Message[302] ../SpeedBus.PIC.LibV2.X/speedlibV2_main.asm 944 : Register in operand not in bank 0.  Ensure that bank bits are correct.
Message[302] ../SpeedBus.PIC.LibV2.X/speedlibV2_main.asm 948 : Register in operand not in bank 0.  Ensure that bank bits are correct.
Message[302] ../SpeedBus.PIC.LibV2.X/speedlibV2_main.asm 952 : Register in operand not in bank 0.  Ensure that bank bits are correct.
Message[302] ../SpeedBus.PIC.LibV2.X/speedlibV2_main.asm 956 : Register in operand not in bank 0.  Ensure that bank bits are correct.
Message[302] ../SpeedBus.PIC.LibV2.X/speedlibV2_main.asm 960 : Register in operand not in bank 0.  Ensure that bank bits are correct.
Message[302] ../SpeedBus.PIC.LibV2.X/speedlibV2_main.asm 965 : Register in operand not in bank 0.  Ensure that bank bits are correct.
Message[302] ../SpeedBus.PIC.LibV2.X/speedlibV2_main.asm 977 : Register in operand not in bank 0.  Ensure that bank bits are correct.
Message[302] ../SpeedBus.PIC.LibV2.X/speedlibV2_main.asm 981 : Register in operand not in bank 0.  Ensure that bank bits are correct.
Message[302] ../SpeedBus.PIC.LibV2.X/speedlibV2_main.asm 983 : Register in operand not in bank 0.  Ensure that bank bits are correct.
Message[302] ../SpeedBus.PIC.LibV2.X/speedlibV2_main.asm 987 : Register in operand not in bank 0.  Ensure that bank bits are correct.
Message[302] ../SpeedBus.PIC.LibV2.X/speedlibV2_main.asm 989 : Register in operand not in bank 0.  Ensure that bank bits are correct.
Message[302] ../SpeedBus.PIC.LibV2.X/speedlibV2_main.asm 993 : Register in operand not in bank 0.  Ensure that bank bits are correct.
Message[302] ../SpeedBus.PIC.LibV2.X/speedlibV2_main.asm 995 : Register in operand not in bank 0.  Ensure that bank bits are correct.
Message[302] ../SpeedBus.PIC.LibV2.X/speedlibV2_main.asm 999 : Register in operand not in bank 0.  Ensure that bank bits are correct.
Message[302] ../SpeedBus.PIC.LibV2.X/speedlibV2_main.asm 1001 : Register in operand not in bank 0.  Ensure that bank bits are correct.
Message[302] ../SpeedBus.PIC.LibV2.X/speedlibV2_main.asm 1005 : Register in operand not in bank 0.  Ensure that bank bits are correct.
Message[302] ../SpeedBus.PIC.LibV2.X/speedlibV2_main.asm 1009 : Register in operand not in bank 0.  Ensure that bank bits are correct.
Message[302] ../SpeedBus.PIC.LibV2.X/speedlibV2_main.asm 1013 : Register in operand not in bank 0.  Ensure that bank bits are correct.
Message[302] ../SpeedBus.PIC.LibV2.X/speedlibV2_main.asm 1017 : Register in operand not in bank 0.  Ensure that bank bits are correct.
Message[302] ../SpeedBus.PIC.LibV2.X/speedlibV2_main.asm 1021 : Register in operand not in bank 0.  Ensure that bank bits are correct.
Message[302] ../SpeedBus.PIC.LibV2.X/speedlibV2_main.asm 1025 : Register in operand not in bank 0.  Ensure that bank bits are correct.
Message[302] ../SpeedBus.PIC.LibV2.X/speedlibV2_main.asm 1029 : Register in operand not in bank 0.  Ensure that bank bits are correct.
Message[302] ../SpeedBus.PIC.LibV2.X/speedlibV2_main.asm 1033 : Register in operand not in bank 0.  Ensure that bank bits are correct.
Message[302] ../SpeedBus.PIC.LibV2.X/speedlibV2_main.asm 1040 : Register in operand not in bank 0.  Ensure that bank bits are correct.
Message[302] ../SpeedBus.PIC.LibV2.X/speedlibV2_main.asm 1044 : Register in operand not in bank 0.  Ensure that bank bits are correct.
Message[302] ../SpeedBus.PIC.LibV2.X/speedlibV2_main.asm 1047 : Register in operand not in bank 0.  Ensure that bank bits are correct.
Message[302] ../SpeedBus.PIC.LibV2.X/speedlibV2_main.asm 1051 : Register in operand not in bank 0.  Ensure that bank bits are correct.
Message[302] ../SpeedBus.PIC.LibV2.X/speedlibV2_main.asm 1053 : Register in operand not in bank 0.  Ensure that bank bits are correct.
Message[302] ../SpeedBus.PIC.LibV2.X/speedlibV2_main.asm 1057 : Register in operand not in bank 0.  Ensure that bank bits are correct.
Message[302] ../SpeedBus.PIC.LibV2.X/speedlibV2_main.asm 1059 : Register in operand not in bank 0.  Ensure that bank bits are correct.
Message[302] ../SpeedBus.PIC.LibV2.X/speedlibV2_main.asm 1063 : Register in operand not in bank 0.  Ensure that bank bits are correct.
Message[302] ../SpeedBus.PIC.LibV2.X/speedlibV2_main.asm 1067 : Register in operand not in bank 0.  Ensure that bank bits are correct.
Message[302] ../SpeedBus.PIC.LibV2.X/speedlibV2_main.asm 1071 : Register in operand not in bank 0.  Ensure that bank bits are correct.
Message[302] ../SpeedBus.PIC.LibV2.X/speedlibV2_main.asm 1075 : Register in operand not in bank 0.  Ensure that bank bits are correct.
Message[302] ../SpeedBus.PIC.LibV2.X/speedlibV2_main.asm 1079 : Register in operand not in bank 0.  Ensure that bank bits are correct.
Message[302] ../SpeedBus.PIC.LibV2.X/speedlibV2_main.asm 1083 : Register in operand not in bank 0.  Ensure that bank bits are correct.
Message[302] ../SpeedBus.PIC.LibV2.X/speedlibV2_main.asm 1087 : Register in operand not in bank 0.  Ensure that bank bits are correct.
Message[302] ../SpeedBus.PIC.LibV2.X/speedlibV2_main.asm 1091 : Register in operand not in bank 0.  Ensure that bank bits are correct.
Message[302] ../SpeedBus.PIC.LibV2.X/speedlibV2_main.asm 1095 : Register in operand not in bank 0.  Ensure that bank bits are correct.
Message[302] ../SpeedBus.PIC.LibV2.X/speedlibV2_main.asm 1102 : Register in operand not in bank 0.  Ensure that bank bits are correct.
Message[302] ../SpeedBus.PIC.LibV2.X/speedlibV2_main.asm 1104 : Register in operand not in bank 0.  Ensure that bank bits are correct.
Message[302] ../SpeedBus.PIC.LibV2.X/speedlibV2_main.asm 1107 : Register in operand not in bank 0.  Ensure that bank bits are correct.
Message[302] ../SpeedBus.PIC.LibV2.X/speedlibV2_main.asm 1109 : Register in operand not in bank 0.  Ensure that bank bits are correct.
Message[302] ../SpeedBus.PIC.LibV2.X/speedlibV2_main.asm 1130 : Register in operand not in bank 0.  Ensure that bank bits are correct.
Message[302] ../SpeedBus.PIC.LibV2.X/speedlibV2_main.asm 1137 : Register in operand not in bank 0.  Ensure that bank bits are correct.
Message[302] ../SpeedBus.PIC.LibV2.X/speedlibV2_main.asm 1142 : Register in operand not in bank 0.  Ensure that bank bits are correct.
Message[302] ../SpeedBus.PIC.LibV2.X/speedlibV2_main.asm 1143 : Register in operand not in bank 0.  Ensure that bank bits are correct.
Message[302] ../SpeedBus.PIC.LibV2.X/speedlibV2_main.asm 1153 : Register in operand not in bank 0.  Ensure that bank bits are correct.
Message[302] ../SpeedBus.PIC.LibV2.X/speedlibV2_main.asm 1167 : Register in operand not in bank 0.  Ensure that bank bits are correct.
Message[302] ../SpeedBus.PIC.LibV2.X/speedlibV2_main.asm 1170 : Register in operand not in bank 0.  Ensure that bank bits are correct.
Message[302] ../SpeedBus.PIC.LibV2.X/speedlibV2_main.asm 1175 : Register in operand not in bank 0.  Ensure that bank bits are correct.
Message[302] ../SpeedBus.PIC.LibV2.X/speedlibV2_main.asm 1183 : Register in operand not in bank 0.  Ensure that bank bits are correct.
Message[302] ../SpeedBus.PIC.LibV2.X/speedlibV2_main.asm 1192 : Register in operand not in bank 0.  Ensure that bank bits are correct.
Message[302] ../SpeedBus.PIC.LibV2.X/speedlibV2_main.asm 1205 : Register in operand not in bank 0.  Ensure that bank bits are correct.
Message[302] ../SpeedBus.PIC.LibV2.X/speedlibV2_main.asm 1207 : Register in operand not in bank 0.  Ensure that bank bits are correct.
Message[302] ../SpeedBus.PIC.LibV2.X/speedlibV2_main.asm 1210 : Register in operand not in bank 0.  Ensure that bank bits are correct.
Message[302] ../SpeedBus.PIC.LibV2.X/speedlibV2_main.asm 1216 : Register in operand not in bank 0.  Ensure that bank bits are correct.
Message[302] ../SpeedBus.PIC.LibV2.X/speedlibV2_main.asm 1218 : Register in operand not in bank 0.  Ensure that bank bits are correct.
Message[302] ../SpeedBus.PIC.LibV2.X/speedlibV2_main.asm 1223 : Register in operand not in bank 0.  Ensure that bank bits are correct.
Message[302] ../SpeedBus.PIC.LibV2.X/speedlibV2_main.asm 1226 : Register in operand not in bank 0.  Ensure that bank bits are correct.
Message[302] ../SpeedBus.PIC.LibV2.X/speedlibV2_main.asm 1230 : Register in operand not in bank 0.  Ensure that bank bits are correct.
Message[302] ../SpeedBus.PIC.LibV2.X/speedlibV2_main.asm 1233 : Register in operand not in bank 0.  Ensure that bank bits are correct.
Message[302] ../SpeedBus.PIC.LibV2.X/speedlibV2_main.asm 1236 : Register in operand not in bank 0.  Ensure that bank bits are correct.
Message[302] ../SpeedBus.PIC.LibV2.X/speedlibV2_main.asm 1238 : Register in operand not in bank 0.  Ensure that bank bits are correct.
Message[302] ../SpeedBus.PIC.LibV2.X/speedlibV2_main.asm 1244 : Register in operand not in bank 0.  Ensure that bank bits are correct.
Message[302] ../SpeedBus.PIC.LibV2.X/speedlibV2_main.asm 1249 : Register in operand not in bank 0.  Ensure that bank bits are correct.
Message[302] ../SpeedBus.PIC.LibV2.X/speedlibV2_main.asm 1251 : Register in operand not in bank 0.  Ensure that bank bits are correct.
Message[302] ../SpeedBus.PIC.LibV2.X/speedlibV2_main.asm 1272 : Register in operand not in bank 0.  Ensure that bank bits are correct.
Message[302] ../SpeedBus.PIC.LibV2.X/speedlibV2_main.asm 1274 : Register in operand not in bank 0.  Ensure that bank bits are correct.
Message[302] ../SpeedBus.PIC.LibV2.X/speedlibV2_main.asm 1276 : Register in operand not in bank 0.  Ensure that bank bits are correct.
Message[302] ../SpeedBus.PIC.LibV2.X/speedlibV2_main.asm 1280 : Register in operand not in bank 0.  Ensure that bank bits are correct.
Message[302] ../SpeedBus.PIC.LibV2.X/speedlibV2_main.asm 1282 : Register in operand not in bank 0.  Ensure that bank bits are correct.
Message[302] ../SpeedBus.PIC.LibV2.X/speedlibV2_main.asm 1287 : Register in operand not in bank 0.  Ensure that bank bits are correct.
Message[302] ../SpeedBus.PIC.LibV2.X/speedlibV2_main.asm 1295 : Register in operand not in bank 0.  Ensure that bank bits are correct.
Message[302] ../SpeedBus.PIC.LibV2.X/speedlibV2_main.asm 1297 : Register in operand not in bank 0.  Ensure that bank bits are correct.
Message[302] ../SpeedBus.PIC.LibV2.X/speedlibV2_main.asm 1299 : Register in operand not in bank 0.  Ensure that bank bits are correct.
Message[302] ../SpeedBus.PIC.LibV2.X/speedlibV2_main.asm 1300 : Register in operand not in bank 0.  Ensure that bank bits are correct.
Message[302] ../SpeedBus.PIC.LibV2.X/speedlibV2_main.asm 1303 : Register in operand not in bank 0.  Ensure that bank bits are correct.
Message[302] ../SpeedBus.PIC.LibV2.X/speedlibV2_main.asm 1306 : Register in operand not in bank 0.  Ensure that bank bits are correct.
Message[302] ../SpeedBus.PIC.LibV2.X/speedlibV2_main.asm 1308 : Register in operand not in bank 0.  Ensure that bank bits are correct.
Message[302] ../SpeedBus.PIC.LibV2.X/speedlibV2_main.asm 1315 : Register in operand not in bank 0.  Ensure that bank bits are correct.
Message[302] ../SpeedBus.PIC.LibV2.X/speedlibV2_main.asm 1316 : Register in operand not in bank 0.  Ensure that bank bits are correct.
Message[302] ../SpeedBus.PIC.LibV2.X/speedlibV2_main.asm 1323 : Register in operand not in bank 0.  Ensure that bank bits are correct.
Message[302] ../SpeedBus.PIC.LibV2.X/speedlibV2_main.asm 1325 : Register in operand not in bank 0.  Ensure that bank bits are correct.
Message[302] ../SpeedBus.PIC.LibV2.X/speedlibV2_main.asm 1328 : Register in operand not in bank 0.  Ensure that bank bits are correct.
Message[302] ../SpeedBus.PIC.LibV2.X/speedlibV2_main.asm 1329 : Register in operand not in bank 0.  Ensure that bank bits are correct.
Message[302] ../SpeedBus.PIC.LibV2.X/speedlibV2_main.asm 1331 : Register in operand not in bank 0.  Ensure that bank bits are correct.
Message[302] ../SpeedBus.PIC.LibV2.X/speedlibV2_main.asm 1341 : Register in operand not in bank 0.  Ensure that bank bits are correct.
Message[302] ../SpeedBus.PIC.LibV2.X/speedlibV2_main.asm 1347 : Register in operand not in bank 0.  Ensure that bank bits are correct.
Message[302] ../SpeedBus.PIC.LibV2.X/speedlibV2_main.asm 1349 : Register in operand not in bank 0.  Ensure that bank bits are correct.
Message[302] ../SpeedBus.PIC.LibV2.X/speedlibV2_main.asm 1352 : Register in operand not in bank 0.  Ensure that bank bits are correct.
Message[302] ../SpeedBus.PIC.LibV2.X/speedlibV2_main.asm 1364 : Register in operand not in bank 0.  Ensure that bank bits are correct.
Message[302] ../SpeedBus.PIC.LibV2.X/speedlibV2_main.asm 1367 : Register in operand not in bank 0.  Ensure that bank bits are correct.
Message[302] ../SpeedBus.PIC.LibV2.X/speedlibV2_main.asm 1375 : Register in operand not in bank 0.  Ensure that bank bits are correct.
Message[302] ../SpeedBus.PIC.LibV2.X/speedlibV2_main.asm 1378 : Register in operand not in bank 0.  Ensure that bank bits are correct.
Message[302] ../SpeedBus.PIC.LibV2.X/speedlibV2_main.asm 1390 : Register in operand not in bank 0.  Ensure that bank bits are correct.
Message[302] ../SpeedBus.PIC.LibV2.X/speedlibV2_main.asm 1394 : Register in operand not in bank 0.  Ensure that bank bits are correct.
Message[302] ../SpeedBus.PIC.LibV2.X/speedlibV2_main.asm 1398 : Register in operand not in bank 0.  Ensure that bank bits are correct.
Message[302] ../SpeedBus.PIC.LibV2.X/speedlibV2_main.asm 1409 : Register in operand not in bank 0.  Ensure that bank bits are correct.
Message[302] ../SpeedBus.PIC.LibV2.X/speedlibV2_main.asm 1410 : Register in operand not in bank 0.  Ensure that bank bits are correct.
Message[302] ../SpeedBus.PIC.LibV2.X/speedlibV2_main.asm 1416 : Register in operand not in bank 0.  Ensure that bank bits are correct.
Message[302] ../SpeedBus.PIC.LibV2.X/speedlibV2_main.asm 1418 : Register in operand not in bank 0.  Ensure that bank bits are correct.
Message[302] ../SpeedBus.PIC.LibV2.X/speedlibV2_main.asm 1420 : Register in operand not in bank 0.  Ensure that bank bits are correct.
Message[302] ../SpeedBus.PIC.LibV2.X/speedlibV2_main.asm 1422 : Register in operand not in bank 0.  Ensure that bank bits are correct.
Message[302] ../SpeedBus.PIC.LibV2.X/speedlibV2_main.asm 1428 : Register in operand not in bank 0.  Ensure that bank bits are correct.
Message[302] ../SpeedBus.PIC.LibV2.X/speedlibV2_main.asm 1430 : Register in operand not in bank 0.  Ensure that bank bits are correct.
Message[302] ../SpeedBus.PIC.LibV2.X/speedlibV2_main.asm 1432 : Register in operand not in bank 0.  Ensure that bank bits are correct.
Message[302] ../SpeedBus.PIC.LibV2.X/speedlibV2_main.asm 1434 : Register in operand not in bank 0.  Ensure that bank bits are correct.
Message[302] ../SpeedBus.PIC.LibV2.X/speedlibV2_main.asm 1437 : Register in operand not in bank 0.  Ensure that bank bits are correct.
Message[302] ../SpeedBus.PIC.LibV2.X/speedlibV2_main.asm 1438 : Register in operand not in bank 0.  Ensure that bank bits are correct.
Message[302] ../SpeedBus.PIC.LibV2.X/speedlibV2_main.asm 1441 : Register in operand not in bank 0.  Ensure that bank bits are correct.
Message[302] ../SpeedBus.PIC.LibV2.X/speedlibV2_main.asm 1442 : Register in operand not in bank 0.  Ensure that bank bits are correct.
Message[302] /home/moonshine/speedbus/pic/mplabx.proj/speedlib/Outdoor.Sensor.Rv1.X/main.asm 113 : Register in operand not in bank 0.  Ensure that bank bits are correct.
Message[302] /home/moonshine/speedbus/pic/mplabx.proj/speedlib/Outdoor.Sensor.Rv1.X/main.asm 114 : Register in operand not in bank 0.  Ensure that bank bits are correct.
Message[302] /home/moonshine/speedbus/pic/mplabx.proj/speedlib/Outdoor.Sensor.Rv1.X/main.asm 116 : Register in operand not in bank 0.  Ensure that bank bits are correct.
Message[302] /home/moonshine/speedbus/pic/mplabx.proj/speedlib/Outdoor.Sensor.Rv1.X/main.asm 121 : Register in operand not in bank 0.  Ensure that bank bits are correct.
Message[302] /home/moonshine/speedbus/pic/mplabx.proj/speedlib/Outdoor.Sensor.Rv1.X/main.asm 132 : Register in operand not in bank 0.  Ensure that bank bits are correct.
Message[302] /home/moonshine/speedbus/pic/mplabx.proj/speedlib/Outdoor.Sensor.Rv1.X/main.asm 134 : Register in operand not in bank 0.  Ensure that bank bits are correct.
Message[302] /home/moonshine/speedbus/pic/mplabx.proj/speedlib/Outdoor.Sensor.Rv1.X/main.asm 141 : Register in operand not in bank 0.  Ensure that bank bits are correct.
Message[302] /home/moonshine/speedbus/pic/mplabx.proj/speedlib/Outdoor.Sensor.Rv1.X/main.asm 142 : Register in operand not in bank 0.  Ensure that bank bits are correct.
Message[302] /home/moonshine/speedbus/pic/mplabx.proj/speedlib/Outdoor.Sensor.Rv1.X/main.asm 143 : Register in operand not in bank 0.  Ensure that bank bits are correct.
Message[302] /home/moonshine/speedbus/pic/mplabx.proj/speedlib/Outdoor.Sensor.Rv1.X/main.asm 151 : Register in operand not in bank 0.  Ensure that bank bits are correct.
Message[302] /home/moonshine/speedbus/pic/mplabx.proj/speedlib/Outdoor.Sensor.Rv1.X/main.asm 158 : Register in operand not in bank 0.  Ensure that bank bits are correct.
Message[302] /home/moonshine/speedbus/pic/mplabx.proj/speedlib/Outdoor.Sensor.Rv1.X/main.asm 161 : Register in operand not in bank 0.  Ensure that bank bits are correct.
Message[302] /home/moonshine/speedbus/pic/mplabx.proj/speedlib/Outdoor.Sensor.Rv1.X/main.asm 163 : Register in operand not in bank 0.  Ensure that bank bits are correct.
Message[302] /home/moonshine/speedbus/pic/mplabx.proj/speedlib/Outdoor.Sensor.Rv1.X/main.asm 172 : Register in operand not in bank 0.  Ensure that bank bits are correct.
Message[302] /home/moonshine/speedbus/pic/mplabx.proj/speedlib/Outdoor.Sensor.Rv1.X/main.asm 188 : Register in operand not in bank 0.  Ensure that bank bits are correct.
Message[302] /home/moonshine/speedbus/pic/mplabx.proj/speedlib/Outdoor.Sensor.Rv1.X/main.asm 225 : Register in operand not in bank 0.  Ensure that bank bits are correct.
Message[302] /home/moonshine/speedbus/pic/mplabx.proj/speedlib/Outdoor.Sensor.Rv1.X/main.asm 341 : Register in operand not in bank 0.  Ensure that bank bits are correct.
Message[302] /home/moonshine/speedbus/pic/mplabx.proj/speedlib/Outdoor.Sensor.Rv1.X/main.asm 350 : Register in operand not in bank 0.  Ensure that bank bits are correct.
Message[302] /home/moonshine/speedbus/pic/mplabx.proj/speedlib/Outdoor.Sensor.Rv1.X/main.asm 359 : Register in operand not in bank 0.  Ensure that bank bits are correct.
Message[302] /home/moonshine/speedbus/pic/mplabx.proj/speedlib/Outdoor.Sensor.Rv1.X/main.asm 368 : Register in operand not in bank 0.  Ensure that bank bits are correct.
Message[302] /home/moonshine/speedbus/pic/mplabx.proj/speedlib/Outdoor.Sensor.Rv1.X/main.asm 382 : Register in operand not in bank 0.  Ensure that bank bits are correct.
Message[302] /home/moonshine/speedbus/pic/mplabx.proj/speedlib/Outdoor.Sensor.Rv1.X/main.asm 384 : Register in operand not in bank 0.  Ensure that bank bits are correct.
Message[302] /home/moonshine/speedbus/pic/mplabx.proj/speedlib/Outdoor.Sensor.Rv1.X/main.asm 385 : Register in operand not in bank 0.  Ensure that bank bits are correct.
Message[302] /home/moonshine/speedbus/pic/mplabx.proj/speedlib/Outdoor.Sensor.Rv1.X/main.asm 387 : Register in operand not in bank 0.  Ensure that bank bits are correct.
Message[302] /home/moonshine/speedbus/pic/mplabx.proj/speedlib/Outdoor.Sensor.Rv1.X/main.asm 388 : Register in operand not in bank 0.  Ensure that bank bits are correct.
Message[302] /home/moonshine/speedbus/pic/mplabx.proj/speedlib/Outdoor.Sensor.Rv1.X/main.asm 391 : Register in operand not in bank 0.  Ensure that bank bits are correct.
Message[302] /home/moonshine/speedbus/pic/mplabx.proj/speedlib/Outdoor.Sensor.Rv1.X/main.asm 392 : Register in operand not in bank 0.  Ensure that bank bits are correct.
Message[302] /home/moonshine/speedbus/pic/mplabx.proj/speedlib/Outdoor.Sensor.Rv1.X/main.asm 395 : Register in operand not in bank 0.  Ensure that bank bits are correct.
Message[302] /home/moonshine/speedbus/pic/mplabx.proj/speedlib/Outdoor.Sensor.Rv1.X/main.asm 396 : Register in operand not in bank 0.  Ensure that bank bits are correct.
Message[302] /home/moonshine/speedbus/pic/mplabx.proj/speedlib/Outdoor.Sensor.Rv1.X/main.asm 400 : Register in operand not in bank 0.  Ensure that bank bits are correct.
Message[302] /home/moonshine/speedbus/pic/mplabx.proj/speedlib/Outdoor.Sensor.Rv1.X/main.asm 404 : Register in operand not in bank 0.  Ensure that bank bits are correct.
Message[302] /home/moonshine/speedbus/pic/mplabx.proj/speedlib/Outdoor.Sensor.Rv1.X/main.asm 408 : Register in operand not in bank 0.  Ensure that bank bits are correct.
Message[302] /home/moonshine/speedbus/pic/mplabx.proj/speedlib/Outdoor.Sensor.Rv1.X/main.asm 413 : Register in operand not in bank 0.  Ensure that bank bits are correct.
Message[302] /home/moonshine/speedbus/pic/mplabx.proj/speedlib/Outdoor.Sensor.Rv1.X/main.asm 419 : Register in operand not in bank 0.  Ensure that bank bits are correct.
Message[302] /home/moonshine/speedbus/pic/mplabx.proj/speedlib/Outdoor.Sensor.Rv1.X/main.asm 425 : Register in operand not in bank 0.  Ensure that bank bits are correct.
Message[302] /home/moonshine/speedbus/pic/mplabx.proj/speedlib/Outdoor.Sensor.Rv1.X/main.asm 429 : Register in operand not in bank 0.  Ensure that bank bits are correct.
Message[302] /home/moonshine/speedbus/pic/mplabx.proj/speedlib/Outdoor.Sensor.Rv1.X/main.asm 443 : Register in operand not in bank 0.  Ensure that bank bits are correct.
Message[302] /home/moonshine/speedbus/pic/mplabx.proj/speedlib/Outdoor.Sensor.Rv1.X/main.asm 445 : Register in operand not in bank 0.  Ensure that bank bits are correct.
Message[302] /home/moonshine/speedbus/pic/mplabx.proj/speedlib/Outdoor.Sensor.Rv1.X/main.asm 446 : Register in operand not in bank 0.  Ensure that bank bits are correct.
Message[302] /home/moonshine/speedbus/pic/mplabx.proj/speedlib/Outdoor.Sensor.Rv1.X/main.asm 448 : Register in operand not in bank 0.  Ensure that bank bits are correct.
Message[302] /home/moonshine/speedbus/pic/mplabx.proj/speedlib/Outdoor.Sensor.Rv1.X/main.asm 449 : Register in operand not in bank 0.  Ensure that bank bits are correct.
Message[302] /home/moonshine/speedbus/pic/mplabx.proj/speedlib/Outdoor.Sensor.Rv1.X/main.asm 452 : Register in operand not in bank 0.  Ensure that bank bits are correct.
Message[302] /home/moonshine/speedbus/pic/mplabx.proj/speedlib/Outdoor.Sensor.Rv1.X/main.asm 453 : Register in operand not in bank 0.  Ensure that bank bits are correct.
Message[302] /home/moonshine/speedbus/pic/mplabx.proj/speedlib/Outdoor.Sensor.Rv1.X/main.asm 456 : Register in operand not in bank 0.  Ensure that bank bits are correct.
Message[302] /home/moonshine/speedbus/pic/mplabx.proj/speedlib/Outdoor.Sensor.Rv1.X/main.asm 457 : Register in operand not in bank 0.  Ensure that bank bits are correct.
Message[302] /home/moonshine/speedbus/pic/mplabx.proj/speedlib/Outdoor.Sensor.Rv1.X/main.asm 461 : Register in operand not in bank 0.  Ensure that bank bits are correct.
Message[302] /home/moonshine/speedbus/pic/mplabx.proj/speedlib/Outdoor.Sensor.Rv1.X/main.asm 465 : Register in operand not in bank 0.  Ensure that bank bits are correct.
Message[302] /home/moonshine/speedbus/pic/mplabx.proj/speedlib/Outdoor.Sensor.Rv1.X/main.asm 469 : Register in operand not in bank 0.  Ensure that bank bits are correct.
Message[302] /home/moonshine/speedbus/pic/mplabx.proj/speedlib/Outdoor.Sensor.Rv1.X/main.asm 474 : Register in operand not in bank 0.  Ensure that bank bits are correct.
Message[302] /home/moonshine/speedbus/pic/mplabx.proj/speedlib/Outdoor.Sensor.Rv1.X/main.asm 480 : Register in operand not in bank 0.  Ensure that bank bits are correct.
Message[302] /home/moonshine/speedbus/pic/mplabx.proj/speedlib/Outdoor.Sensor.Rv1.X/main.asm 486 : Register in operand not in bank 0.  Ensure that bank bits are correct.
Message[302] /home/moonshine/speedbus/pic/mplabx.proj/speedlib/Outdoor.Sensor.Rv1.X/main.asm 490 : Register in operand not in bank 0.  Ensure that bank bits are correct.
Message[302] /home/moonshine/speedbus/pic/mplabx.proj/speedlib/Outdoor.Sensor.Rv1.X/main.asm 501 : Register in operand not in bank 0.  Ensure that bank bits are correct.
Message[302] /home/moonshine/speedbus/pic/mplabx.proj/speedlib/Outdoor.Sensor.Rv1.X/main.asm 504 : Register in operand not in bank 0.  Ensure that bank bits are correct.
Message[302] /home/moonshine/speedbus/pic/mplabx.proj/speedlib/Outdoor.Sensor.Rv1.X/main.asm 521 : Register in operand not in bank 0.  Ensure that bank bits are correct.
Message[302] /home/moonshine/speedbus/pic/mplabx.proj/speedlib/Outdoor.Sensor.Rv1.X/main.asm 523 : Register in operand not in bank 0.  Ensure that bank bits are correct.
Message[302] /home/moonshine/speedbus/pic/mplabx.proj/speedlib/Outdoor.Sensor.Rv1.X/main.asm 524 : Register in operand not in bank 0.  Ensure that bank bits are correct.
Message[302] /home/moonshine/speedbus/pic/mplabx.proj/speedlib/Outdoor.Sensor.Rv1.X/main.asm 526 : Register in operand not in bank 0.  Ensure that bank bits are correct.
Message[302] /home/moonshine/speedbus/pic/mplabx.proj/speedlib/Outdoor.Sensor.Rv1.X/main.asm 527 : Register in operand not in bank 0.  Ensure that bank bits are correct.
Message[302] /home/moonshine/speedbus/pic/mplabx.proj/speedlib/Outdoor.Sensor.Rv1.X/main.asm 530 : Register in operand not in bank 0.  Ensure that bank bits are correct.
Message[302] /home/moonshine/speedbus/pic/mplabx.proj/speedlib/Outdoor.Sensor.Rv1.X/main.asm 531 : Register in operand not in bank 0.  Ensure that bank bits are correct.
Message[302] /home/moonshine/speedbus/pic/mplabx.proj/speedlib/Outdoor.Sensor.Rv1.X/main.asm 534 : Register in operand not in bank 0.  Ensure that bank bits are correct.
Message[302] /home/moonshine/speedbus/pic/mplabx.proj/speedlib/Outdoor.Sensor.Rv1.X/main.asm 535 : Register in operand not in bank 0.  Ensure that bank bits are correct.
Message[302] /home/moonshine/speedbus/pic/mplabx.proj/speedlib/Outdoor.Sensor.Rv1.X/main.asm 539 : Register in operand not in bank 0.  Ensure that bank bits are correct.
Message[302] /home/moonshine/speedbus/pic/mplabx.proj/speedlib/Outdoor.Sensor.Rv1.X/main.asm 543 : Register in operand not in bank 0.  Ensure that bank bits are correct.
Message[302] /home/moonshine/speedbus/pic/mplabx.proj/speedlib/Outdoor.Sensor.Rv1.X/main.asm 547 : Register in operand not in bank 0.  Ensure that bank bits are correct.
Message[302] /home/moonshine/speedbus/pic/mplabx.proj/speedlib/Outdoor.Sensor.Rv1.X/main.asm 552 : Register in operand not in bank 0.  Ensure that bank bits are correct.
Message[302] /home/moonshine/speedbus/pic/mplabx.proj/speedlib/Outdoor.Sensor.Rv1.X/main.asm 558 : Register in operand not in bank 0.  Ensure that bank bits are correct.
Message[302] /home/moonshine/speedbus/pic/mplabx.proj/speedlib/Outdoor.Sensor.Rv1.X/main.asm 562 : Register in operand not in bank 0.  Ensure that bank bits are correct.
Message[302] /home/moonshine/speedbus/pic/mplabx.proj/speedlib/Outdoor.Sensor.Rv1.X/main.asm 564 : Register in operand not in bank 0.  Ensure that bank bits are correct.
Message[302] /home/moonshine/speedbus/pic/mplabx.proj/speedlib/Outdoor.Sensor.Rv1.X/main.asm 568 : Register in operand not in bank 0.  Ensure that bank bits are correct.
Message[302] /home/moonshine/speedbus/pic/mplabx.proj/speedlib/Outdoor.Sensor.Rv1.X/main.asm 600 : Register in operand not in bank 0.  Ensure that bank bits are correct.
Message[302] /home/moonshine/speedbus/pic/mplabx.proj/speedlib/Outdoor.Sensor.Rv1.X/main.asm 602 : Register in operand not in bank 0.  Ensure that bank bits are correct.
Message[302] /home/moonshine/speedbus/pic/mplabx.proj/speedlib/Outdoor.Sensor.Rv1.X/main.asm 603 : Register in operand not in bank 0.  Ensure that bank bits are correct.
Message[302] /home/moonshine/speedbus/pic/mplabx.proj/speedlib/Outdoor.Sensor.Rv1.X/main.asm 605 : Register in operand not in bank 0.  Ensure that bank bits are correct.
Message[302] /home/moonshine/speedbus/pic/mplabx.proj/speedlib/Outdoor.Sensor.Rv1.X/main.asm 606 : Register in operand not in bank 0.  Ensure that bank bits are correct.
Message[302] /home/moonshine/speedbus/pic/mplabx.proj/speedlib/Outdoor.Sensor.Rv1.X/main.asm 609 : Register in operand not in bank 0.  Ensure that bank bits are correct.
Message[302] /home/moonshine/speedbus/pic/mplabx.proj/speedlib/Outdoor.Sensor.Rv1.X/main.asm 610 : Register in operand not in bank 0.  Ensure that bank bits are correct.
Message[302] /home/moonshine/speedbus/pic/mplabx.proj/speedlib/Outdoor.Sensor.Rv1.X/main.asm 613 : Register in operand not in bank 0.  Ensure that bank bits are correct.
Message[302] /home/moonshine/speedbus/pic/mplabx.proj/speedlib/Outdoor.Sensor.Rv1.X/main.asm 614 : Register in operand not in bank 0.  Ensure that bank bits are correct.
Message[302] /home/moonshine/speedbus/pic/mplabx.proj/speedlib/Outdoor.Sensor.Rv1.X/main.asm 618 : Register in operand not in bank 0.  Ensure that bank bits are correct.
Message[302] /home/moonshine/speedbus/pic/mplabx.proj/speedlib/Outdoor.Sensor.Rv1.X/main.asm 622 : Register in operand not in bank 0.  Ensure that bank bits are correct.
Message[302] /home/moonshine/speedbus/pic/mplabx.proj/speedlib/Outdoor.Sensor.Rv1.X/main.asm 626 : Register in operand not in bank 0.  Ensure that bank bits are correct.
Message[302] /home/moonshine/speedbus/pic/mplabx.proj/speedlib/Outdoor.Sensor.Rv1.X/main.asm 631 : Register in operand not in bank 0.  Ensure that bank bits are correct.
Message[302] /home/moonshine/speedbus/pic/mplabx.proj/speedlib/Outdoor.Sensor.Rv1.X/main.asm 643 : Register in operand not in bank 0.  Ensure that bank bits are correct.
Message[302] /home/moonshine/speedbus/pic/mplabx.proj/speedlib/Outdoor.Sensor.Rv1.X/main.asm 649 : Register in operand not in bank 0.  Ensure that bank bits are correct.
Message[302] /home/moonshine/speedbus/pic/mplabx.proj/speedlib/Outdoor.Sensor.Rv1.X/main.asm 655 : Register in operand not in bank 0.  Ensure that bank bits are correct.
Message[302] /home/moonshine/speedbus/pic/mplabx.proj/speedlib/Outdoor.Sensor.Rv1.X/main.asm 687 : Register in operand not in bank 0.  Ensure that bank bits are correct.
Message[302] /home/moonshine/speedbus/pic/mplabx.proj/speedlib/Outdoor.Sensor.Rv1.X/main.asm 689 : Register in operand not in bank 0.  Ensure that bank bits are correct.
Message[302] /home/moonshine/speedbus/pic/mplabx.proj/speedlib/Outdoor.Sensor.Rv1.X/main.asm 690 : Register in operand not in bank 0.  Ensure that bank bits are correct.
Message[302] /home/moonshine/speedbus/pic/mplabx.proj/speedlib/Outdoor.Sensor.Rv1.X/main.asm 692 : Register in operand not in bank 0.  Ensure that bank bits are correct.
Message[302] /home/moonshine/speedbus/pic/mplabx.proj/speedlib/Outdoor.Sensor.Rv1.X/main.asm 693 : Register in operand not in bank 0.  Ensure that bank bits are correct.
Message[302] /home/moonshine/speedbus/pic/mplabx.proj/speedlib/Outdoor.Sensor.Rv1.X/main.asm 696 : Register in operand not in bank 0.  Ensure that bank bits are correct.
Message[302] /home/moonshine/speedbus/pic/mplabx.proj/speedlib/Outdoor.Sensor.Rv1.X/main.asm 697 : Register in operand not in bank 0.  Ensure that bank bits are correct.
Message[302] /home/moonshine/speedbus/pic/mplabx.proj/speedlib/Outdoor.Sensor.Rv1.X/main.asm 700 : Register in operand not in bank 0.  Ensure that bank bits are correct.
Message[302] /home/moonshine/speedbus/pic/mplabx.proj/speedlib/Outdoor.Sensor.Rv1.X/main.asm 701 : Register in operand not in bank 0.  Ensure that bank bits are correct.
Message[302] /home/moonshine/speedbus/pic/mplabx.proj/speedlib/Outdoor.Sensor.Rv1.X/main.asm 705 : Register in operand not in bank 0.  Ensure that bank bits are correct.
Message[302] /home/moonshine/speedbus/pic/mplabx.proj/speedlib/Outdoor.Sensor.Rv1.X/main.asm 709 : Register in operand not in bank 0.  Ensure that bank bits are correct.
Message[302] /home/moonshine/speedbus/pic/mplabx.proj/speedlib/Outdoor.Sensor.Rv1.X/main.asm 713 : Register in operand not in bank 0.  Ensure that bank bits are correct.
Message[302] /home/moonshine/speedbus/pic/mplabx.proj/speedlib/Outdoor.Sensor.Rv1.X/main.asm 718 : Register in operand not in bank 0.  Ensure that bank bits are correct.
Message[302] /home/moonshine/speedbus/pic/mplabx.proj/speedlib/Outdoor.Sensor.Rv1.X/main.asm 730 : Register in operand not in bank 0.  Ensure that bank bits are correct.
Message[302] /home/moonshine/speedbus/pic/mplabx.proj/speedlib/Outdoor.Sensor.Rv1.X/main.asm 736 : Register in operand not in bank 0.  Ensure that bank bits are correct.
Message[302] /home/moonshine/speedbus/pic/mplabx.proj/speedlib/Outdoor.Sensor.Rv1.X/main.asm 742 : Register in operand not in bank 0.  Ensure that bank bits are correct.
Message[302] /home/moonshine/speedbus/pic/mplabx.proj/speedlib/Outdoor.Sensor.Rv1.X/main.asm 774 : Register in operand not in bank 0.  Ensure that bank bits are correct.
Message[302] /home/moonshine/speedbus/pic/mplabx.proj/speedlib/Outdoor.Sensor.Rv1.X/main.asm 776 : Register in operand not in bank 0.  Ensure that bank bits are correct.
Message[302] /home/moonshine/speedbus/pic/mplabx.proj/speedlib/Outdoor.Sensor.Rv1.X/main.asm 777 : Register in operand not in bank 0.  Ensure that bank bits are correct.
Message[302] /home/moonshine/speedbus/pic/mplabx.proj/speedlib/Outdoor.Sensor.Rv1.X/main.asm 779 : Register in operand not in bank 0.  Ensure that bank bits are correct.
Message[302] /home/moonshine/speedbus/pic/mplabx.proj/speedlib/Outdoor.Sensor.Rv1.X/main.asm 780 : Register in operand not in bank 0.  Ensure that bank bits are correct.
Message[302] /home/moonshine/speedbus/pic/mplabx.proj/speedlib/Outdoor.Sensor.Rv1.X/main.asm 783 : Register in operand not in bank 0.  Ensure that bank bits are correct.
Message[302] /home/moonshine/speedbus/pic/mplabx.proj/speedlib/Outdoor.Sensor.Rv1.X/main.asm 784 : Register in operand not in bank 0.  Ensure that bank bits are correct.
Message[302] /home/moonshine/speedbus/pic/mplabx.proj/speedlib/Outdoor.Sensor.Rv1.X/main.asm 787 : Register in operand not in bank 0.  Ensure that bank bits are correct.
Message[302] /home/moonshine/speedbus/pic/mplabx.proj/speedlib/Outdoor.Sensor.Rv1.X/main.asm 788 : Register in operand not in bank 0.  Ensure that bank bits are correct.
Message[302] /home/moonshine/speedbus/pic/mplabx.proj/speedlib/Outdoor.Sensor.Rv1.X/main.asm 792 : Register in operand not in bank 0.  Ensure that bank bits are correct.
Message[302] /home/moonshine/speedbus/pic/mplabx.proj/speedlib/Outdoor.Sensor.Rv1.X/main.asm 796 : Register in operand not in bank 0.  Ensure that bank bits are correct.
Message[302] /home/moonshine/speedbus/pic/mplabx.proj/speedlib/Outdoor.Sensor.Rv1.X/main.asm 800 : Register in operand not in bank 0.  Ensure that bank bits are correct.
Message[302] /home/moonshine/speedbus/pic/mplabx.proj/speedlib/Outdoor.Sensor.Rv1.X/main.asm 805 : Register in operand not in bank 0.  Ensure that bank bits are correct.
Message[302] /home/moonshine/speedbus/pic/mplabx.proj/speedlib/Outdoor.Sensor.Rv1.X/main.asm 817 : Register in operand not in bank 0.  Ensure that bank bits are correct.
Message[302] /home/moonshine/speedbus/pic/mplabx.proj/speedlib/Outdoor.Sensor.Rv1.X/main.asm 823 : Register in operand not in bank 0.  Ensure that bank bits are correct.
Message[302] /home/moonshine/speedbus/pic/mplabx.proj/speedlib/Outdoor.Sensor.Rv1.X/main.asm 829 : Register in operand not in bank 0.  Ensure that bank bits are correct.
Message[302] /home/moonshine/speedbus/pic/mplabx.proj/speedlib/Outdoor.Sensor.Rv1.X/main.asm 862 : Register in operand not in bank 0.  Ensure that bank bits are correct.
Message[302] /home/moonshine/speedbus/pic/mplabx.proj/speedlib/Outdoor.Sensor.Rv1.X/main.asm 864 : Register in operand not in bank 0.  Ensure that bank bits are correct.
Message[302] /home/moonshine/speedbus/pic/mplabx.proj/speedlib/Outdoor.Sensor.Rv1.X/main.asm 865 : Register in operand not in bank 0.  Ensure that bank bits are correct.
Message[302] /home/moonshine/speedbus/pic/mplabx.proj/speedlib/Outdoor.Sensor.Rv1.X/main.asm 867 : Register in operand not in bank 0.  Ensure that bank bits are correct.
Message[302] /home/moonshine/speedbus/pic/mplabx.proj/speedlib/Outdoor.Sensor.Rv1.X/main.asm 868 : Register in operand not in bank 0.  Ensure that bank bits are correct.
Message[302] /home/moonshine/speedbus/pic/mplabx.proj/speedlib/Outdoor.Sensor.Rv1.X/main.asm 871 : Register in operand not in bank 0.  Ensure that bank bits are correct.
Message[302] /home/moonshine/speedbus/pic/mplabx.proj/speedlib/Outdoor.Sensor.Rv1.X/main.asm 872 : Register in operand not in bank 0.  Ensure that bank bits are correct.
Message[302] /home/moonshine/speedbus/pic/mplabx.proj/speedlib/Outdoor.Sensor.Rv1.X/main.asm 875 : Register in operand not in bank 0.  Ensure that bank bits are correct.
Message[302] /home/moonshine/speedbus/pic/mplabx.proj/speedlib/Outdoor.Sensor.Rv1.X/main.asm 876 : Register in operand not in bank 0.  Ensure that bank bits are correct.
Message[302] /home/moonshine/speedbus/pic/mplabx.proj/speedlib/Outdoor.Sensor.Rv1.X/main.asm 880 : Register in operand not in bank 0.  Ensure that bank bits are correct.
Message[302] /home/moonshine/speedbus/pic/mplabx.proj/speedlib/Outdoor.Sensor.Rv1.X/main.asm 884 : Register in operand not in bank 0.  Ensure that bank bits are correct.
Message[302] /home/moonshine/speedbus/pic/mplabx.proj/speedlib/Outdoor.Sensor.Rv1.X/main.asm 888 : Register in operand not in bank 0.  Ensure that bank bits are correct.
Message[302] /home/moonshine/speedbus/pic/mplabx.proj/speedlib/Outdoor.Sensor.Rv1.X/main.asm 893 : Register in operand not in bank 0.  Ensure that bank bits are correct.
Message[302] /home/moonshine/speedbus/pic/mplabx.proj/speedlib/Outdoor.Sensor.Rv1.X/main.asm 905 : Register in operand not in bank 0.  Ensure that bank bits are correct.
Message[302] /home/moonshine/speedbus/pic/mplabx.proj/speedlib/Outdoor.Sensor.Rv1.X/main.asm 911 : Register in operand not in bank 0.  Ensure that bank bits are correct.
Message[302] /home/moonshine/speedbus/pic/mplabx.proj/speedlib/Outdoor.Sensor.Rv1.X/main.asm 917 : Register in operand not in bank 0.  Ensure that bank bits are correct.
Message[302] /home/moonshine/speedbus/pic/mplabx.proj/speedlib/Outdoor.Sensor.Rv1.X/main.asm 930 : Register in operand not in bank 0.  Ensure that bank bits are correct.
Message[302] /home/moonshine/speedbus/pic/mplabx.proj/speedlib/Outdoor.Sensor.Rv1.X/main.asm 938 : Register in operand not in bank 0.  Ensure that bank bits are correct.
Message[305] /home/moonshine/speedbus/pic/mplabx.proj/speedlib/Outdoor.Sensor.Rv1.X/main.asm 1028 : Using default destination of 1 (file).
Message[305] /home/moonshine/speedbus/pic/mplabx.proj/speedlib/Outdoor.Sensor.Rv1.X/main.asm 1030 : Using default destination of 1 (file).
Message[305] /home/moonshine/speedbus/pic/mplabx.proj/speedlib/Outdoor.Sensor.Rv1.X/main.asm 1032 : Using default destination of 1 (file).
Message[305] /home/moonshine/speedbus/pic/mplabx.proj/speedlib/Outdoor.Sensor.Rv1.X/main.asm 1034 : Using default destination of 1 (file).
Message[302] /home/moonshine/speedbus/pic/mplabx.proj/speedlib/Outdoor.Sensor.Rv1.X/main.asm 1134 : Register in operand not in bank 0.  Ensure that bank bits are correct.
Message[302] /home/moonshine/speedbus/pic/mplabx.proj/speedlib/Outdoor.Sensor.Rv1.X/main.asm 1137 : Register in operand not in bank 0.  Ensure that bank bits are correct.
Message[302] /home/moonshine/speedbus/pic/mplabx.proj/speedlib/Outdoor.Sensor.Rv1.X/main.asm 1140 : Register in operand not in bank 0.  Ensure that bank bits are correct.
Message[302] /home/moonshine/speedbus/pic/mplabx.proj/speedlib/Outdoor.Sensor.Rv1.X/main.asm 1143 : Register in operand not in bank 0.  Ensure that bank bits are correct.
Message[302] /home/moonshine/speedbus/pic/mplabx.proj/speedlib/Outdoor.Sensor.Rv1.X/main.asm 1144 : Register in operand not in bank 0.  Ensure that bank bits are correct.
Message[302] /home/moonshine/speedbus/pic/mplabx.proj/speedlib/Outdoor.Sensor.Rv1.X/main.asm 1147 : Register in operand not in bank 0.  Ensure that bank bits are correct.
Message[302] /home/moonshine/speedbus/pic/mplabx.proj/speedlib/Outdoor.Sensor.Rv1.X/main.asm 1148 : Register in operand not in bank 0.  Ensure that bank bits are correct.
Message[302] /home/moonshine/speedbus/pic/mplabx.proj/speedlib/Outdoor.Sensor.Rv1.X/main.asm 1152 : Register in operand not in bank 0.  Ensure that bank bits are correct.
Message[302] /home/moonshine/speedbus/pic/mplabx.proj/speedlib/Outdoor.Sensor.Rv1.X/main.asm 1156 : Register in operand not in bank 0.  Ensure that bank bits are correct.
Message[302] /home/moonshine/speedbus/pic/mplabx.proj/speedlib/Outdoor.Sensor.Rv1.X/main.asm 1160 : Register in operand not in bank 0.  Ensure that bank bits are correct.
Message[302] /home/moonshine/speedbus/pic/mplabx.proj/speedlib/Outdoor.Sensor.Rv1.X/main.asm 1166 : Register in operand not in bank 0.  Ensure that bank bits are correct.
Message[302] /home/moonshine/speedbus/pic/mplabx.proj/speedlib/Outdoor.Sensor.Rv1.X/main.asm 1172 : Register in operand not in bank 0.  Ensure that bank bits are correct.
Message[302] /home/moonshine/speedbus/pic/mplabx.proj/speedlib/Outdoor.Sensor.Rv1.X/main.asm 1178 : Register in operand not in bank 0.  Ensure that bank bits are correct.
Message[302] /home/moonshine/speedbus/pic/mplabx.proj/speedlib/Outdoor.Sensor.Rv1.X/main.asm 1184 : Register in operand not in bank 0.  Ensure that bank bits are correct.
Message[302] /home/moonshine/speedbus/pic/mplabx.proj/speedlib/Outdoor.Sensor.Rv1.X/main.asm 1188 : Register in operand not in bank 0.  Ensure that bank bits are correct.
Message[305] /home/moonshine/speedbus/pic/mplabx.proj/speedlib/Outdoor.Sensor.Rv1.X/main.asm 1216 : Using default destination of 1 (file).
Message[305] /home/moonshine/speedbus/pic/mplabx.proj/speedlib/Outdoor.Sensor.Rv1.X/main.asm 1217 : Using default destination of 1 (file).
Message[305] /home/moonshine/speedbus/pic/mplabx.proj/speedlib/Outdoor.Sensor.Rv1.X/main.asm 1218 : Using default destination of 1 (file).
Message[305] /home/moonshine/speedbus/pic/mplabx.proj/speedlib/Outdoor.Sensor.Rv1.X/main.asm 1219 : Using default destination of 1 (file).
Message[305] /home/moonshine/speedbus/pic/mplabx.proj/speedlib/Outdoor.Sensor.Rv1.X/main.asm 1220 : Using default destination of 1 (file).
Message[305] /home/moonshine/speedbus/pic/mplabx.proj/speedlib/Outdoor.Sensor.Rv1.X/main.asm 1221 : Using default destination of 1 (file).
Message[305] /home/moonshine/speedbus/pic/mplabx.proj/speedlib/Outdoor.Sensor.Rv1.X/main.asm 1237 : Using default destination of 1 (file).
Message[305] /home/moonshine/speedbus/pic/mplabx.proj/speedlib/Outdoor.Sensor.Rv1.X/main.asm 1240 : Using default destination of 1 (file).
Message[305] /home/moonshine/speedbus/pic/mplabx.proj/speedlib/Outdoor.Sensor.Rv1.X/main.asm 1242 : Using default destination of 1 (file).
Message[305] /home/moonshine/speedbus/pic/mplabx.proj/speedlib/Outdoor.Sensor.Rv1.X/main.asm 1246 : Using default destination of 1 (file).
Message[302] /home/moonshine/speedbus/pic/mplabx.proj/speedlib/Outdoor.Sensor.Rv1.X/main.asm 1257 : Register in operand not in bank 0.  Ensure that bank bits are correct.
Message[302] /home/moonshine/speedbus/pic/mplabx.proj/speedlib/Outdoor.Sensor.Rv1.X/main.asm 1259 : Register in operand not in bank 0.  Ensure that bank bits are correct.
Message[302] /home/moonshine/speedbus/pic/mplabx.proj/speedlib/Outdoor.Sensor.Rv1.X/main.asm 1260 : Register in operand not in bank 0.  Ensure that bank bits are correct.
Message[302] /home/moonshine/speedbus/pic/mplabx.proj/speedlib/Outdoor.Sensor.Rv1.X/main.asm 1263 : Register in operand not in bank 0.  Ensure that bank bits are correct.
Message[302] /home/moonshine/speedbus/pic/mplabx.proj/speedlib/Outdoor.Sensor.Rv1.X/main.asm 1269 : Register in operand not in bank 0.  Ensure that bank bits are correct.
Message[302] /home/moonshine/speedbus/pic/mplabx.proj/speedlib/Outdoor.Sensor.Rv1.X/main.asm 1271 : Register in operand not in bank 0.  Ensure that bank bits are correct.
Message[302] /home/moonshine/speedbus/pic/mplabx.proj/speedlib/Outdoor.Sensor.Rv1.X/main.asm 1273 : Register in operand not in bank 0.  Ensure that bank bits are correct.
Message[302] /home/moonshine/speedbus/pic/mplabx.proj/speedlib/Outdoor.Sensor.Rv1.X/main.asm 1275 : Register in operand not in bank 0.  Ensure that bank bits are correct.
Message[302] /home/moonshine/speedbus/pic/mplabx.proj/speedlib/Outdoor.Sensor.Rv1.X/main.asm 1276 : Register in operand not in bank 0.  Ensure that bank bits are correct.
Message[302] /home/moonshine/speedbus/pic/mplabx.proj/speedlib/Outdoor.Sensor.Rv1.X/main.asm 1280 : Register in operand not in bank 0.  Ensure that bank bits are correct.
Message[302] /home/moonshine/speedbus/pic/mplabx.proj/speedlib/Outdoor.Sensor.Rv1.X/main.asm 1282 : Register in operand not in bank 0.  Ensure that bank bits are correct.
Message[302] /home/moonshine/speedbus/pic/mplabx.proj/speedlib/Outdoor.Sensor.Rv1.X/main.asm 1283 : Register in operand not in bank 0.  Ensure that bank bits are correct.
Message[302] /home/moonshine/speedbus/pic/mplabx.proj/speedlib/Outdoor.Sensor.Rv1.X/main.asm 1286 : Register in operand not in bank 0.  Ensure that bank bits are correct.
Message[302] /home/moonshine/speedbus/pic/mplabx.proj/speedlib/Outdoor.Sensor.Rv1.X/main.asm 1290 : Register in operand not in bank 0.  Ensure that bank bits are correct.
Warning[205] /home/moonshine/speedbus/pic/mplabx.proj/speedlib/Outdoor.Sensor.Rv1.X/main.asm 1313 : Found directive in column 1. (end)
