Warning[205] /home/moonshine/speedbus/pic/mplabx.proj/speedlib/LCD.Screen.DMF5005N.X/main.asm 1 : Found directive in column 1. (List)
Warning[205] /home/moonshine/speedbus/pic/mplabx.proj/speedlib/LCD.Screen.DMF5005N.X/main.asm 2 : Found directive in column 1. (radix)
Warning[205] ../SpeedBus.PIC.LibV2.X/speedlibV2_main.asm 50 : Found directive in column 1. (radix)
Message[302] ../SpeedBus.PIC.LibV2.X/speedlibV2_main.asm 140 : Register in operand not in bank 0.  Ensure that bank bits are correct.
Message[302] ../SpeedBus.PIC.LibV2.X/speedlibV2_main.asm 141 : Register in operand not in bank 0.  Ensure that bank bits are correct.
Message[302] ../SpeedBus.PIC.LibV2.X/speedlibV2_main.asm 142 : Register in operand not in bank 0.  Ensure that bank bits are correct.
Message[302] ../SpeedBus.PIC.LibV2.X/speedlibV2_main.asm 144 : Register in operand not in bank 0.  Ensure that bank bits are correct.
Message[302] ../SpeedBus.PIC.LibV2.X/speedlibV2_main.asm 151 : Register in operand not in bank 0.  Ensure that bank bits are correct.
Message[302] ../SpeedBus.PIC.LibV2.X/speedlibV2_main.asm 155 : Register in operand not in bank 0.  Ensure that bank bits are correct.
Message[302] ../SpeedBus.PIC.LibV2.X/speedlibV2_main.asm 159 : Register in operand not in bank 0.  Ensure that bank bits are correct.
Message[302] ../SpeedBus.PIC.LibV2.X/speedlibV2_main.asm 165 : Register in operand not in bank 0.  Ensure that bank bits are correct.
Message[302] ../SpeedBus.PIC.LibV2.X/speedlibV2_main.asm 170 : Register in operand not in bank 0.  Ensure that bank bits are correct.
Message[302] ../SpeedBus.PIC.LibV2.X/speedlibV2_main.asm 175 : Register in operand not in bank 0.  Ensure that bank bits are correct.
Message[302] ../SpeedBus.PIC.LibV2.X/speedlibV2_main.asm 177 : Register in operand not in bank 0.  Ensure that bank bits are correct.
Message[302] ../SpeedBus.PIC.LibV2.X/speedlibV2_main.asm 182 : Register in operand not in bank 0.  Ensure that bank bits are correct.
Message[302] ../SpeedBus.PIC.LibV2.X/speedlibV2_main.asm 184 : Register in operand not in bank 0.  Ensure that bank bits are correct.
Message[302] ../SpeedBus.PIC.LibV2.X/speedlibV2_main.asm 188 : Register in operand not in bank 0.  Ensure that bank bits are correct.
Message[302] ../SpeedBus.PIC.LibV2.X/speedlibV2_main.asm 190 : Register in operand not in bank 0.  Ensure that bank bits are correct.
Message[302] ../SpeedBus.PIC.LibV2.X/speedlibV2_main.asm 218 : Register in operand not in bank 0.  Ensure that bank bits are correct.
Message[302] ../SpeedBus.PIC.LibV2.X/speedlibV2_main.asm 221 : Register in operand not in bank 0.  Ensure that bank bits are correct.
Message[302] ../SpeedBus.PIC.LibV2.X/speedlibV2_main.asm 224 : Register in operand not in bank 0.  Ensure that bank bits are correct.
Message[302] ../SpeedBus.PIC.LibV2.X/speedlibV2_main.asm 250 : Register in operand not in bank 0.  Ensure that bank bits are correct.
Message[302] ../SpeedBus.PIC.LibV2.X/speedlibV2_main.asm 253 : Register in operand not in bank 0.  Ensure that bank bits are correct.
Message[302] ../SpeedBus.PIC.LibV2.X/speedlibV2_main.asm 256 : Register in operand not in bank 0.  Ensure that bank bits are correct.
Message[302] ../SpeedBus.PIC.LibV2.X/speedlibV2_main.asm 264 : Register in operand not in bank 0.  Ensure that bank bits are correct.
Message[302] ../SpeedBus.PIC.LibV2.X/speedlibV2_main.asm 267 : Register in operand not in bank 0.  Ensure that bank bits are correct.
Message[302] ../SpeedBus.PIC.LibV2.X/speedlibV2_main.asm 269 : Register in operand not in bank 0.  Ensure that bank bits are correct.
Message[302] ../SpeedBus.PIC.LibV2.X/speedlibV2_main.asm 278 : Register in operand not in bank 0.  Ensure that bank bits are correct.
Message[302] ../SpeedBus.PIC.LibV2.X/speedlibV2_main.asm 288 : Register in operand not in bank 0.  Ensure that bank bits are correct.
Message[302] ../SpeedBus.PIC.LibV2.X/speedlibV2_main.asm 294 : Register in operand not in bank 0.  Ensure that bank bits are correct.
Message[302] ../SpeedBus.PIC.LibV2.X/speedlibV2_main.asm 296 : Register in operand not in bank 0.  Ensure that bank bits are correct.
Message[302] ../SpeedBus.PIC.LibV2.X/speedlibV2_main.asm 298 : Register in operand not in bank 0.  Ensure that bank bits are correct.
Message[302] ../SpeedBus.PIC.LibV2.X/speedlibV2_main.asm 308 : Register in operand not in bank 0.  Ensure that bank bits are correct.
Message[302] ../SpeedBus.PIC.LibV2.X/speedlibV2_main.asm 317 : Register in operand not in bank 0.  Ensure that bank bits are correct.
Message[302] ../SpeedBus.PIC.LibV2.X/speedlibV2_main.asm 322 : Register in operand not in bank 0.  Ensure that bank bits are correct.
Message[302] ../SpeedBus.PIC.LibV2.X/speedlibV2_main.asm 343 : Register in operand not in bank 0.  Ensure that bank bits are correct.
Message[302] ../SpeedBus.PIC.LibV2.X/speedlibV2_main.asm 346 : Register in operand not in bank 0.  Ensure that bank bits are correct.
Message[302] ../SpeedBus.PIC.LibV2.X/speedlibV2_main.asm 349 : Register in operand not in bank 0.  Ensure that bank bits are correct.
Message[302] ../SpeedBus.PIC.LibV2.X/speedlibV2_main.asm 353 : Register in operand not in bank 0.  Ensure that bank bits are correct.
Message[302] ../SpeedBus.PIC.LibV2.X/speedlibV2_main.asm 359 : Register in operand not in bank 0.  Ensure that bank bits are correct.
Message[302] ../SpeedBus.PIC.LibV2.X/speedlibV2_main.asm 363 : Register in operand not in bank 0.  Ensure that bank bits are correct.
Message[302] ../SpeedBus.PIC.LibV2.X/speedlibV2_main.asm 364 : Register in operand not in bank 0.  Ensure that bank bits are correct.
Message[302] ../SpeedBus.PIC.LibV2.X/speedlibV2_main.asm 366 : Register in operand not in bank 0.  Ensure that bank bits are correct.
Message[302] ../SpeedBus.PIC.LibV2.X/speedlibV2_main.asm 371 : Register in operand not in bank 0.  Ensure that bank bits are correct.
Message[302] ../SpeedBus.PIC.LibV2.X/speedlibV2_main.asm 373 : Register in operand not in bank 0.  Ensure that bank bits are correct.
Message[302] ../SpeedBus.PIC.LibV2.X/speedlibV2_main.asm 379 : Register in operand not in bank 0.  Ensure that bank bits are correct.
Message[302] ../SpeedBus.PIC.LibV2.X/speedlibV2_main.asm 386 : Register in operand not in bank 0.  Ensure that bank bits are correct.
Message[302] ../SpeedBus.PIC.LibV2.X/speedlibV2_main.asm 396 : Register in operand not in bank 0.  Ensure that bank bits are correct.
Message[302] ../SpeedBus.PIC.LibV2.X/speedlibV2_main.asm 401 : Register in operand not in bank 0.  Ensure that bank bits are correct.
Message[302] ../SpeedBus.PIC.LibV2.X/speedlibV2_main.asm 420 : Register in operand not in bank 0.  Ensure that bank bits are correct.
Message[302] ../SpeedBus.PIC.LibV2.X/speedlibV2_main.asm 428 : Register in operand not in bank 0.  Ensure that bank bits are correct.
Message[302] ../SpeedBus.PIC.LibV2.X/speedlibV2_main.asm 446 : Register in operand not in bank 0.  Ensure that bank bits are correct.
Message[302] ../SpeedBus.PIC.LibV2.X/speedlibV2_main.asm 484 : Register in operand not in bank 0.  Ensure that bank bits are correct.
Message[302] ../SpeedBus.PIC.LibV2.X/speedlibV2_main.asm 512 : Register in operand not in bank 0.  Ensure that bank bits are correct.
Message[302] ../SpeedBus.PIC.LibV2.X/speedlibV2_main.asm 540 : Register in operand not in bank 0.  Ensure that bank bits are correct.
Message[302] ../SpeedBus.PIC.LibV2.X/speedlibV2_main.asm 545 : Register in operand not in bank 0.  Ensure that bank bits are correct.
Message[302] ../SpeedBus.PIC.LibV2.X/speedlibV2_main.asm 548 : Register in operand not in bank 0.  Ensure that bank bits are correct.
Message[302] ../SpeedBus.PIC.LibV2.X/speedlibV2_main.asm 553 : Register in operand not in bank 0.  Ensure that bank bits are correct.
Message[302] ../SpeedBus.PIC.LibV2.X/speedlibV2_main.asm 555 : Register in operand not in bank 0.  Ensure that bank bits are correct.
Message[302] ../SpeedBus.PIC.LibV2.X/speedlibV2_main.asm 560 : Register in operand not in bank 0.  Ensure that bank bits are correct.
Message[302] ../SpeedBus.PIC.LibV2.X/speedlibV2_main.asm 562 : Register in operand not in bank 0.  Ensure that bank bits are correct.
Message[302] ../SpeedBus.PIC.LibV2.X/speedlibV2_main.asm 567 : Register in operand not in bank 0.  Ensure that bank bits are correct.
Message[302] ../SpeedBus.PIC.LibV2.X/speedlibV2_main.asm 569 : Register in operand not in bank 0.  Ensure that bank bits are correct.
Message[302] ../SpeedBus.PIC.LibV2.X/speedlibV2_main.asm 585 : Register in operand not in bank 0.  Ensure that bank bits are correct.
Message[302] ../SpeedBus.PIC.LibV2.X/speedlibV2_main.asm 592 : Register in operand not in bank 0.  Ensure that bank bits are correct.
Message[302] ../SpeedBus.PIC.LibV2.X/speedlibV2_main.asm 599 : Register in operand not in bank 0.  Ensure that bank bits are correct.
Message[302] ../SpeedBus.PIC.LibV2.X/speedlibV2_main.asm 603 : Register in operand not in bank 0.  Ensure that bank bits are correct.
Message[302] ../SpeedBus.PIC.LibV2.X/speedlibV2_main.asm 605 : Register in operand not in bank 0.  Ensure that bank bits are correct.
Message[302] ../SpeedBus.PIC.LibV2.X/speedlibV2_main.asm 609 : Register in operand not in bank 0.  Ensure that bank bits are correct.
Message[302] ../SpeedBus.PIC.LibV2.X/speedlibV2_main.asm 611 : Register in operand not in bank 0.  Ensure that bank bits are correct.
Message[302] ../SpeedBus.PIC.LibV2.X/speedlibV2_main.asm 615 : Register in operand not in bank 0.  Ensure that bank bits are correct.
Message[302] ../SpeedBus.PIC.LibV2.X/speedlibV2_main.asm 619 : Register in operand not in bank 0.  Ensure that bank bits are correct.
Message[302] ../SpeedBus.PIC.LibV2.X/speedlibV2_main.asm 623 : Register in operand not in bank 0.  Ensure that bank bits are correct.
Message[302] ../SpeedBus.PIC.LibV2.X/speedlibV2_main.asm 627 : Register in operand not in bank 0.  Ensure that bank bits are correct.
Message[302] ../SpeedBus.PIC.LibV2.X/speedlibV2_main.asm 631 : Register in operand not in bank 0.  Ensure that bank bits are correct.
Message[302] ../SpeedBus.PIC.LibV2.X/speedlibV2_main.asm 633 : Register in operand not in bank 0.  Ensure that bank bits are correct.
Message[302] ../SpeedBus.PIC.LibV2.X/speedlibV2_main.asm 637 : Register in operand not in bank 0.  Ensure that bank bits are correct.
Message[302] ../SpeedBus.PIC.LibV2.X/speedlibV2_main.asm 647 : Register in operand not in bank 0.  Ensure that bank bits are correct.
Message[302] ../SpeedBus.PIC.LibV2.X/speedlibV2_main.asm 654 : Register in operand not in bank 0.  Ensure that bank bits are correct.
Message[302] ../SpeedBus.PIC.LibV2.X/speedlibV2_main.asm 661 : Register in operand not in bank 0.  Ensure that bank bits are correct.
Message[302] ../SpeedBus.PIC.LibV2.X/speedlibV2_main.asm 664 : Register in operand not in bank 0.  Ensure that bank bits are correct.
Message[302] ../SpeedBus.PIC.LibV2.X/speedlibV2_main.asm 665 : Register in operand not in bank 0.  Ensure that bank bits are correct.
Message[302] ../SpeedBus.PIC.LibV2.X/speedlibV2_main.asm 668 : Register in operand not in bank 0.  Ensure that bank bits are correct.
Message[302] ../SpeedBus.PIC.LibV2.X/speedlibV2_main.asm 669 : Register in operand not in bank 0.  Ensure that bank bits are correct.
Message[302] ../SpeedBus.PIC.LibV2.X/speedlibV2_main.asm 673 : Register in operand not in bank 0.  Ensure that bank bits are correct.
Message[302] ../SpeedBus.PIC.LibV2.X/speedlibV2_main.asm 677 : Register in operand not in bank 0.  Ensure that bank bits are correct.
Message[302] ../SpeedBus.PIC.LibV2.X/speedlibV2_main.asm 681 : Register in operand not in bank 0.  Ensure that bank bits are correct.
Message[302] ../SpeedBus.PIC.LibV2.X/speedlibV2_main.asm 685 : Register in operand not in bank 0.  Ensure that bank bits are correct.
Message[302] ../SpeedBus.PIC.LibV2.X/speedlibV2_main.asm 695 : Register in operand not in bank 0.  Ensure that bank bits are correct.
Message[302] ../SpeedBus.PIC.LibV2.X/speedlibV2_main.asm 705 : Register in operand not in bank 0.  Ensure that bank bits are correct.
Warning[208] ../SpeedBus.PIC.LibV2.X/speedlibV2_main.asm 708 : Label truncated at 32 characters. (func_is_ocupied_send_response_got_resp)
Message[302] ../SpeedBus.PIC.LibV2.X/speedlibV2_main.asm 709 : Register in operand not in bank 0.  Ensure that bank bits are correct.
Warning[208] ../SpeedBus.PIC.LibV2.X/speedlibV2_main.asm 712 : Label truncated at 32 characters. (func_is_ocupied_send_response_pack)
Message[302] ../SpeedBus.PIC.LibV2.X/speedlibV2_main.asm 713 : Register in operand not in bank 0.  Ensure that bank bits are correct.
Message[302] ../SpeedBus.PIC.LibV2.X/speedlibV2_main.asm 717 : Register in operand not in bank 0.  Ensure that bank bits are correct.
Message[302] ../SpeedBus.PIC.LibV2.X/speedlibV2_main.asm 724 : Register in operand not in bank 0.  Ensure that bank bits are correct.
Message[302] ../SpeedBus.PIC.LibV2.X/speedlibV2_main.asm 731 : Register in operand not in bank 0.  Ensure that bank bits are correct.
Message[302] ../SpeedBus.PIC.LibV2.X/speedlibV2_main.asm 734 : Register in operand not in bank 0.  Ensure that bank bits are correct.
Message[302] ../SpeedBus.PIC.LibV2.X/speedlibV2_main.asm 735 : Register in operand not in bank 0.  Ensure that bank bits are correct.
Message[302] ../SpeedBus.PIC.LibV2.X/speedlibV2_main.asm 738 : Register in operand not in bank 0.  Ensure that bank bits are correct.
Message[302] ../SpeedBus.PIC.LibV2.X/speedlibV2_main.asm 739 : Register in operand not in bank 0.  Ensure that bank bits are correct.
Message[302] ../SpeedBus.PIC.LibV2.X/speedlibV2_main.asm 743 : Register in operand not in bank 0.  Ensure that bank bits are correct.
Message[302] ../SpeedBus.PIC.LibV2.X/speedlibV2_main.asm 747 : Register in operand not in bank 0.  Ensure that bank bits are correct.
Message[302] ../SpeedBus.PIC.LibV2.X/speedlibV2_main.asm 751 : Register in operand not in bank 0.  Ensure that bank bits are correct.
Message[302] ../SpeedBus.PIC.LibV2.X/speedlibV2_main.asm 755 : Register in operand not in bank 0.  Ensure that bank bits are correct.
Message[302] ../SpeedBus.PIC.LibV2.X/speedlibV2_main.asm 809 : Register in operand not in bank 0.  Ensure that bank bits are correct.
Message[302] ../SpeedBus.PIC.LibV2.X/speedlibV2_main.asm 903 : Register in operand not in bank 0.  Ensure that bank bits are correct.
Message[302] ../SpeedBus.PIC.LibV2.X/speedlibV2_main.asm 907 : Register in operand not in bank 0.  Ensure that bank bits are correct.
Message[302] ../SpeedBus.PIC.LibV2.X/speedlibV2_main.asm 909 : Register in operand not in bank 0.  Ensure that bank bits are correct.
Message[302] ../SpeedBus.PIC.LibV2.X/speedlibV2_main.asm 913 : Register in operand not in bank 0.  Ensure that bank bits are correct.
Message[302] ../SpeedBus.PIC.LibV2.X/speedlibV2_main.asm 915 : Register in operand not in bank 0.  Ensure that bank bits are correct.
Message[302] ../SpeedBus.PIC.LibV2.X/speedlibV2_main.asm 919 : Register in operand not in bank 0.  Ensure that bank bits are correct.
Message[302] ../SpeedBus.PIC.LibV2.X/speedlibV2_main.asm 921 : Register in operand not in bank 0.  Ensure that bank bits are correct.
Message[302] ../SpeedBus.PIC.LibV2.X/speedlibV2_main.asm 925 : Register in operand not in bank 0.  Ensure that bank bits are correct.
Message[302] ../SpeedBus.PIC.LibV2.X/speedlibV2_main.asm 927 : Register in operand not in bank 0.  Ensure that bank bits are correct.
Message[302] ../SpeedBus.PIC.LibV2.X/speedlibV2_main.asm 931 : Register in operand not in bank 0.  Ensure that bank bits are correct.
Message[302] ../SpeedBus.PIC.LibV2.X/speedlibV2_main.asm 935 : Register in operand not in bank 0.  Ensure that bank bits are correct.
Message[302] ../SpeedBus.PIC.LibV2.X/speedlibV2_main.asm 939 : Register in operand not in bank 0.  Ensure that bank bits are correct.
Message[302] ../SpeedBus.PIC.LibV2.X/speedlibV2_main.asm 943 : Register in operand not in bank 0.  Ensure that bank bits are correct.
Message[302] ../SpeedBus.PIC.LibV2.X/speedlibV2_main.asm 947 : Register in operand not in bank 0.  Ensure that bank bits are correct.
Message[302] ../SpeedBus.PIC.LibV2.X/speedlibV2_main.asm 951 : Register in operand not in bank 0.  Ensure that bank bits are correct.
Message[302] ../SpeedBus.PIC.LibV2.X/speedlibV2_main.asm 955 : Register in operand not in bank 0.  Ensure that bank bits are correct.
Message[302] ../SpeedBus.PIC.LibV2.X/speedlibV2_main.asm 959 : Register in operand not in bank 0.  Ensure that bank bits are correct.
Message[302] ../SpeedBus.PIC.LibV2.X/speedlibV2_main.asm 964 : Register in operand not in bank 0.  Ensure that bank bits are correct.
Message[302] ../SpeedBus.PIC.LibV2.X/speedlibV2_main.asm 976 : Register in operand not in bank 0.  Ensure that bank bits are correct.
Message[302] ../SpeedBus.PIC.LibV2.X/speedlibV2_main.asm 980 : Register in operand not in bank 0.  Ensure that bank bits are correct.
Message[302] ../SpeedBus.PIC.LibV2.X/speedlibV2_main.asm 982 : Register in operand not in bank 0.  Ensure that bank bits are correct.
Message[302] ../SpeedBus.PIC.LibV2.X/speedlibV2_main.asm 986 : Register in operand not in bank 0.  Ensure that bank bits are correct.
Message[302] ../SpeedBus.PIC.LibV2.X/speedlibV2_main.asm 988 : Register in operand not in bank 0.  Ensure that bank bits are correct.
Message[302] ../SpeedBus.PIC.LibV2.X/speedlibV2_main.asm 992 : Register in operand not in bank 0.  Ensure that bank bits are correct.
Message[302] ../SpeedBus.PIC.LibV2.X/speedlibV2_main.asm 994 : Register in operand not in bank 0.  Ensure that bank bits are correct.
Message[302] ../SpeedBus.PIC.LibV2.X/speedlibV2_main.asm 998 : Register in operand not in bank 0.  Ensure that bank bits are correct.
Message[302] ../SpeedBus.PIC.LibV2.X/speedlibV2_main.asm 1000 : Register in operand not in bank 0.  Ensure that bank bits are correct.
Message[302] ../SpeedBus.PIC.LibV2.X/speedlibV2_main.asm 1004 : Register in operand not in bank 0.  Ensure that bank bits are correct.
Message[302] ../SpeedBus.PIC.LibV2.X/speedlibV2_main.asm 1008 : Register in operand not in bank 0.  Ensure that bank bits are correct.
Message[302] ../SpeedBus.PIC.LibV2.X/speedlibV2_main.asm 1012 : Register in operand not in bank 0.  Ensure that bank bits are correct.
Message[302] ../SpeedBus.PIC.LibV2.X/speedlibV2_main.asm 1016 : Register in operand not in bank 0.  Ensure that bank bits are correct.
Message[302] ../SpeedBus.PIC.LibV2.X/speedlibV2_main.asm 1020 : Register in operand not in bank 0.  Ensure that bank bits are correct.
Message[302] ../SpeedBus.PIC.LibV2.X/speedlibV2_main.asm 1024 : Register in operand not in bank 0.  Ensure that bank bits are correct.
Message[302] ../SpeedBus.PIC.LibV2.X/speedlibV2_main.asm 1028 : Register in operand not in bank 0.  Ensure that bank bits are correct.
Message[302] ../SpeedBus.PIC.LibV2.X/speedlibV2_main.asm 1032 : Register in operand not in bank 0.  Ensure that bank bits are correct.
Message[302] ../SpeedBus.PIC.LibV2.X/speedlibV2_main.asm 1039 : Register in operand not in bank 0.  Ensure that bank bits are correct.
Message[302] ../SpeedBus.PIC.LibV2.X/speedlibV2_main.asm 1043 : Register in operand not in bank 0.  Ensure that bank bits are correct.
Message[302] ../SpeedBus.PIC.LibV2.X/speedlibV2_main.asm 1046 : Register in operand not in bank 0.  Ensure that bank bits are correct.
Message[302] ../SpeedBus.PIC.LibV2.X/speedlibV2_main.asm 1050 : Register in operand not in bank 0.  Ensure that bank bits are correct.
Message[302] ../SpeedBus.PIC.LibV2.X/speedlibV2_main.asm 1052 : Register in operand not in bank 0.  Ensure that bank bits are correct.
Message[302] ../SpeedBus.PIC.LibV2.X/speedlibV2_main.asm 1056 : Register in operand not in bank 0.  Ensure that bank bits are correct.
Message[302] ../SpeedBus.PIC.LibV2.X/speedlibV2_main.asm 1058 : Register in operand not in bank 0.  Ensure that bank bits are correct.
Message[302] ../SpeedBus.PIC.LibV2.X/speedlibV2_main.asm 1062 : Register in operand not in bank 0.  Ensure that bank bits are correct.
Message[302] ../SpeedBus.PIC.LibV2.X/speedlibV2_main.asm 1066 : Register in operand not in bank 0.  Ensure that bank bits are correct.
Message[302] ../SpeedBus.PIC.LibV2.X/speedlibV2_main.asm 1070 : Register in operand not in bank 0.  Ensure that bank bits are correct.
Message[302] ../SpeedBus.PIC.LibV2.X/speedlibV2_main.asm 1074 : Register in operand not in bank 0.  Ensure that bank bits are correct.
Message[302] ../SpeedBus.PIC.LibV2.X/speedlibV2_main.asm 1078 : Register in operand not in bank 0.  Ensure that bank bits are correct.
Message[302] ../SpeedBus.PIC.LibV2.X/speedlibV2_main.asm 1082 : Register in operand not in bank 0.  Ensure that bank bits are correct.
Message[302] ../SpeedBus.PIC.LibV2.X/speedlibV2_main.asm 1086 : Register in operand not in bank 0.  Ensure that bank bits are correct.
Message[302] ../SpeedBus.PIC.LibV2.X/speedlibV2_main.asm 1090 : Register in operand not in bank 0.  Ensure that bank bits are correct.
Message[302] ../SpeedBus.PIC.LibV2.X/speedlibV2_main.asm 1094 : Register in operand not in bank 0.  Ensure that bank bits are correct.
Message[302] ../SpeedBus.PIC.LibV2.X/speedlibV2_main.asm 1101 : Register in operand not in bank 0.  Ensure that bank bits are correct.
Message[302] ../SpeedBus.PIC.LibV2.X/speedlibV2_main.asm 1103 : Register in operand not in bank 0.  Ensure that bank bits are correct.
Message[302] ../SpeedBus.PIC.LibV2.X/speedlibV2_main.asm 1106 : Register in operand not in bank 0.  Ensure that bank bits are correct.
Message[302] ../SpeedBus.PIC.LibV2.X/speedlibV2_main.asm 1108 : Register in operand not in bank 0.  Ensure that bank bits are correct.
Message[302] ../SpeedBus.PIC.LibV2.X/speedlibV2_main.asm 1129 : Register in operand not in bank 0.  Ensure that bank bits are correct.
Message[302] ../SpeedBus.PIC.LibV2.X/speedlibV2_main.asm 1136 : Register in operand not in bank 0.  Ensure that bank bits are correct.
Message[302] ../SpeedBus.PIC.LibV2.X/speedlibV2_main.asm 1141 : Register in operand not in bank 0.  Ensure that bank bits are correct.
Message[302] ../SpeedBus.PIC.LibV2.X/speedlibV2_main.asm 1142 : Register in operand not in bank 0.  Ensure that bank bits are correct.
Message[302] ../SpeedBus.PIC.LibV2.X/speedlibV2_main.asm 1152 : Register in operand not in bank 0.  Ensure that bank bits are correct.
Message[302] ../SpeedBus.PIC.LibV2.X/speedlibV2_main.asm 1166 : Register in operand not in bank 0.  Ensure that bank bits are correct.
Message[302] ../SpeedBus.PIC.LibV2.X/speedlibV2_main.asm 1169 : Register in operand not in bank 0.  Ensure that bank bits are correct.
Message[302] ../SpeedBus.PIC.LibV2.X/speedlibV2_main.asm 1174 : Register in operand not in bank 0.  Ensure that bank bits are correct.
Message[302] ../SpeedBus.PIC.LibV2.X/speedlibV2_main.asm 1182 : Register in operand not in bank 0.  Ensure that bank bits are correct.
Message[302] ../SpeedBus.PIC.LibV2.X/speedlibV2_main.asm 1191 : Register in operand not in bank 0.  Ensure that bank bits are correct.
Message[302] ../SpeedBus.PIC.LibV2.X/speedlibV2_main.asm 1204 : Register in operand not in bank 0.  Ensure that bank bits are correct.
Message[302] ../SpeedBus.PIC.LibV2.X/speedlibV2_main.asm 1206 : Register in operand not in bank 0.  Ensure that bank bits are correct.
Message[302] ../SpeedBus.PIC.LibV2.X/speedlibV2_main.asm 1209 : Register in operand not in bank 0.  Ensure that bank bits are correct.
Message[302] ../SpeedBus.PIC.LibV2.X/speedlibV2_main.asm 1215 : Register in operand not in bank 0.  Ensure that bank bits are correct.
Message[302] ../SpeedBus.PIC.LibV2.X/speedlibV2_main.asm 1217 : Register in operand not in bank 0.  Ensure that bank bits are correct.
Message[302] ../SpeedBus.PIC.LibV2.X/speedlibV2_main.asm 1222 : Register in operand not in bank 0.  Ensure that bank bits are correct.
Message[302] ../SpeedBus.PIC.LibV2.X/speedlibV2_main.asm 1225 : Register in operand not in bank 0.  Ensure that bank bits are correct.
Message[302] ../SpeedBus.PIC.LibV2.X/speedlibV2_main.asm 1229 : Register in operand not in bank 0.  Ensure that bank bits are correct.
Message[302] ../SpeedBus.PIC.LibV2.X/speedlibV2_main.asm 1232 : Register in operand not in bank 0.  Ensure that bank bits are correct.
Message[302] ../SpeedBus.PIC.LibV2.X/speedlibV2_main.asm 1235 : Register in operand not in bank 0.  Ensure that bank bits are correct.
Message[302] ../SpeedBus.PIC.LibV2.X/speedlibV2_main.asm 1237 : Register in operand not in bank 0.  Ensure that bank bits are correct.
Message[302] ../SpeedBus.PIC.LibV2.X/speedlibV2_main.asm 1243 : Register in operand not in bank 0.  Ensure that bank bits are correct.
Message[302] ../SpeedBus.PIC.LibV2.X/speedlibV2_main.asm 1248 : Register in operand not in bank 0.  Ensure that bank bits are correct.
Message[302] ../SpeedBus.PIC.LibV2.X/speedlibV2_main.asm 1250 : Register in operand not in bank 0.  Ensure that bank bits are correct.
Message[302] ../SpeedBus.PIC.LibV2.X/speedlibV2_main.asm 1271 : Register in operand not in bank 0.  Ensure that bank bits are correct.
Message[302] ../SpeedBus.PIC.LibV2.X/speedlibV2_main.asm 1273 : Register in operand not in bank 0.  Ensure that bank bits are correct.
Message[302] ../SpeedBus.PIC.LibV2.X/speedlibV2_main.asm 1275 : Register in operand not in bank 0.  Ensure that bank bits are correct.
Message[302] ../SpeedBus.PIC.LibV2.X/speedlibV2_main.asm 1279 : Register in operand not in bank 0.  Ensure that bank bits are correct.
Message[302] ../SpeedBus.PIC.LibV2.X/speedlibV2_main.asm 1281 : Register in operand not in bank 0.  Ensure that bank bits are correct.
Message[302] ../SpeedBus.PIC.LibV2.X/speedlibV2_main.asm 1286 : Register in operand not in bank 0.  Ensure that bank bits are correct.
Message[302] ../SpeedBus.PIC.LibV2.X/speedlibV2_main.asm 1294 : Register in operand not in bank 0.  Ensure that bank bits are correct.
Message[302] ../SpeedBus.PIC.LibV2.X/speedlibV2_main.asm 1296 : Register in operand not in bank 0.  Ensure that bank bits are correct.
Message[302] ../SpeedBus.PIC.LibV2.X/speedlibV2_main.asm 1298 : Register in operand not in bank 0.  Ensure that bank bits are correct.
Message[302] ../SpeedBus.PIC.LibV2.X/speedlibV2_main.asm 1299 : Register in operand not in bank 0.  Ensure that bank bits are correct.
Message[302] ../SpeedBus.PIC.LibV2.X/speedlibV2_main.asm 1302 : Register in operand not in bank 0.  Ensure that bank bits are correct.
Message[302] ../SpeedBus.PIC.LibV2.X/speedlibV2_main.asm 1305 : Register in operand not in bank 0.  Ensure that bank bits are correct.
Message[302] ../SpeedBus.PIC.LibV2.X/speedlibV2_main.asm 1307 : Register in operand not in bank 0.  Ensure that bank bits are correct.
Message[302] ../SpeedBus.PIC.LibV2.X/speedlibV2_main.asm 1314 : Register in operand not in bank 0.  Ensure that bank bits are correct.
Message[302] ../SpeedBus.PIC.LibV2.X/speedlibV2_main.asm 1315 : Register in operand not in bank 0.  Ensure that bank bits are correct.
Message[302] ../SpeedBus.PIC.LibV2.X/speedlibV2_main.asm 1322 : Register in operand not in bank 0.  Ensure that bank bits are correct.
Message[302] ../SpeedBus.PIC.LibV2.X/speedlibV2_main.asm 1324 : Register in operand not in bank 0.  Ensure that bank bits are correct.
Message[302] ../SpeedBus.PIC.LibV2.X/speedlibV2_main.asm 1327 : Register in operand not in bank 0.  Ensure that bank bits are correct.
Message[302] ../SpeedBus.PIC.LibV2.X/speedlibV2_main.asm 1328 : Register in operand not in bank 0.  Ensure that bank bits are correct.
Message[302] ../SpeedBus.PIC.LibV2.X/speedlibV2_main.asm 1330 : Register in operand not in bank 0.  Ensure that bank bits are correct.
Message[302] ../SpeedBus.PIC.LibV2.X/speedlibV2_main.asm 1340 : Register in operand not in bank 0.  Ensure that bank bits are correct.
Message[302] ../SpeedBus.PIC.LibV2.X/speedlibV2_main.asm 1346 : Register in operand not in bank 0.  Ensure that bank bits are correct.
Message[302] ../SpeedBus.PIC.LibV2.X/speedlibV2_main.asm 1348 : Register in operand not in bank 0.  Ensure that bank bits are correct.
Message[302] ../SpeedBus.PIC.LibV2.X/speedlibV2_main.asm 1351 : Register in operand not in bank 0.  Ensure that bank bits are correct.
Message[302] ../SpeedBus.PIC.LibV2.X/speedlibV2_main.asm 1363 : Register in operand not in bank 0.  Ensure that bank bits are correct.
Message[302] ../SpeedBus.PIC.LibV2.X/speedlibV2_main.asm 1366 : Register in operand not in bank 0.  Ensure that bank bits are correct.
Message[302] ../SpeedBus.PIC.LibV2.X/speedlibV2_main.asm 1374 : Register in operand not in bank 0.  Ensure that bank bits are correct.
Message[302] ../SpeedBus.PIC.LibV2.X/speedlibV2_main.asm 1377 : Register in operand not in bank 0.  Ensure that bank bits are correct.
Message[302] ../SpeedBus.PIC.LibV2.X/speedlibV2_main.asm 1389 : Register in operand not in bank 0.  Ensure that bank bits are correct.
Message[302] ../SpeedBus.PIC.LibV2.X/speedlibV2_main.asm 1393 : Register in operand not in bank 0.  Ensure that bank bits are correct.
Message[302] ../SpeedBus.PIC.LibV2.X/speedlibV2_main.asm 1397 : Register in operand not in bank 0.  Ensure that bank bits are correct.
Message[302] ../SpeedBus.PIC.LibV2.X/speedlibV2_main.asm 1408 : Register in operand not in bank 0.  Ensure that bank bits are correct.
Message[302] ../SpeedBus.PIC.LibV2.X/speedlibV2_main.asm 1409 : Register in operand not in bank 0.  Ensure that bank bits are correct.
Message[302] ../SpeedBus.PIC.LibV2.X/speedlibV2_main.asm 1415 : Register in operand not in bank 0.  Ensure that bank bits are correct.
Message[302] ../SpeedBus.PIC.LibV2.X/speedlibV2_main.asm 1417 : Register in operand not in bank 0.  Ensure that bank bits are correct.
Message[302] ../SpeedBus.PIC.LibV2.X/speedlibV2_main.asm 1419 : Register in operand not in bank 0.  Ensure that bank bits are correct.
Message[302] ../SpeedBus.PIC.LibV2.X/speedlibV2_main.asm 1421 : Register in operand not in bank 0.  Ensure that bank bits are correct.
Message[302] ../SpeedBus.PIC.LibV2.X/speedlibV2_main.asm 1427 : Register in operand not in bank 0.  Ensure that bank bits are correct.
Message[302] ../SpeedBus.PIC.LibV2.X/speedlibV2_main.asm 1429 : Register in operand not in bank 0.  Ensure that bank bits are correct.
Message[302] ../SpeedBus.PIC.LibV2.X/speedlibV2_main.asm 1431 : Register in operand not in bank 0.  Ensure that bank bits are correct.
Message[302] ../SpeedBus.PIC.LibV2.X/speedlibV2_main.asm 1433 : Register in operand not in bank 0.  Ensure that bank bits are correct.
Message[302] ../SpeedBus.PIC.LibV2.X/speedlibV2_main.asm 1436 : Register in operand not in bank 0.  Ensure that bank bits are correct.
Message[302] ../SpeedBus.PIC.LibV2.X/speedlibV2_main.asm 1437 : Register in operand not in bank 0.  Ensure that bank bits are correct.
Message[302] ../SpeedBus.PIC.LibV2.X/speedlibV2_main.asm 1440 : Register in operand not in bank 0.  Ensure that bank bits are correct.
Message[302] ../SpeedBus.PIC.LibV2.X/speedlibV2_main.asm 1441 : Register in operand not in bank 0.  Ensure that bank bits are correct.
Message[302] /home/moonshine/speedbus/pic/mplabx.proj/speedlib/LCD.Screen.DMF5005N.X/main.asm 78 : Register in operand not in bank 0.  Ensure that bank bits are correct.
Message[302] /home/moonshine/speedbus/pic/mplabx.proj/speedlib/LCD.Screen.DMF5005N.X/main.asm 80 : Register in operand not in bank 0.  Ensure that bank bits are correct.
Message[302] /home/moonshine/speedbus/pic/mplabx.proj/speedlib/LCD.Screen.DMF5005N.X/main.asm 86 : Register in operand not in bank 0.  Ensure that bank bits are correct.
Message[302] /home/moonshine/speedbus/pic/mplabx.proj/speedlib/LCD.Screen.DMF5005N.X/main.asm 88 : Register in operand not in bank 0.  Ensure that bank bits are correct.
Message[302] /home/moonshine/speedbus/pic/mplabx.proj/speedlib/LCD.Screen.DMF5005N.X/main.asm 92 : Register in operand not in bank 0.  Ensure that bank bits are correct.
Message[302] /home/moonshine/speedbus/pic/mplabx.proj/speedlib/LCD.Screen.DMF5005N.X/main.asm 98 : Register in operand not in bank 0.  Ensure that bank bits are correct.
Message[302] /home/moonshine/speedbus/pic/mplabx.proj/speedlib/LCD.Screen.DMF5005N.X/main.asm 99 : Register in operand not in bank 0.  Ensure that bank bits are correct.
Message[302] /home/moonshine/speedbus/pic/mplabx.proj/speedlib/LCD.Screen.DMF5005N.X/main.asm 100 : Register in operand not in bank 0.  Ensure that bank bits are correct.
Message[302] /home/moonshine/speedbus/pic/mplabx.proj/speedlib/LCD.Screen.DMF5005N.X/main.asm 106 : Register in operand not in bank 0.  Ensure that bank bits are correct.
Message[302] /home/moonshine/speedbus/pic/mplabx.proj/speedlib/LCD.Screen.DMF5005N.X/main.asm 112 : Register in operand not in bank 0.  Ensure that bank bits are correct.
Message[302] /home/moonshine/speedbus/pic/mplabx.proj/speedlib/LCD.Screen.DMF5005N.X/main.asm 115 : Register in operand not in bank 0.  Ensure that bank bits are correct.
Message[302] /home/moonshine/speedbus/pic/mplabx.proj/speedlib/LCD.Screen.DMF5005N.X/main.asm 117 : Register in operand not in bank 0.  Ensure that bank bits are correct.
Message[302] /home/moonshine/speedbus/pic/mplabx.proj/speedlib/LCD.Screen.DMF5005N.X/main.asm 120 : Register in operand not in bank 0.  Ensure that bank bits are correct.
Message[302] /home/moonshine/speedbus/pic/mplabx.proj/speedlib/LCD.Screen.DMF5005N.X/main.asm 238 : Register in operand not in bank 0.  Ensure that bank bits are correct.
Message[302] /home/moonshine/speedbus/pic/mplabx.proj/speedlib/LCD.Screen.DMF5005N.X/main.asm 615 : Register in operand not in bank 0.  Ensure that bank bits are correct.
Message[302] /home/moonshine/speedbus/pic/mplabx.proj/speedlib/LCD.Screen.DMF5005N.X/main.asm 617 : Register in operand not in bank 0.  Ensure that bank bits are correct.
Message[302] /home/moonshine/speedbus/pic/mplabx.proj/speedlib/LCD.Screen.DMF5005N.X/main.asm 618 : Register in operand not in bank 0.  Ensure that bank bits are correct.
Message[302] /home/moonshine/speedbus/pic/mplabx.proj/speedlib/LCD.Screen.DMF5005N.X/main.asm 621 : Register in operand not in bank 0.  Ensure that bank bits are correct.
Message[302] /home/moonshine/speedbus/pic/mplabx.proj/speedlib/LCD.Screen.DMF5005N.X/main.asm 629 : Register in operand not in bank 0.  Ensure that bank bits are correct.
Message[302] /home/moonshine/speedbus/pic/mplabx.proj/speedlib/LCD.Screen.DMF5005N.X/main.asm 631 : Register in operand not in bank 0.  Ensure that bank bits are correct.
Message[302] /home/moonshine/speedbus/pic/mplabx.proj/speedlib/LCD.Screen.DMF5005N.X/main.asm 633 : Register in operand not in bank 0.  Ensure that bank bits are correct.
Message[302] /home/moonshine/speedbus/pic/mplabx.proj/speedlib/LCD.Screen.DMF5005N.X/main.asm 635 : Register in operand not in bank 0.  Ensure that bank bits are correct.
Message[302] /home/moonshine/speedbus/pic/mplabx.proj/speedlib/LCD.Screen.DMF5005N.X/main.asm 636 : Register in operand not in bank 0.  Ensure that bank bits are correct.
Message[302] /home/moonshine/speedbus/pic/mplabx.proj/speedlib/LCD.Screen.DMF5005N.X/main.asm 639 : Register in operand not in bank 0.  Ensure that bank bits are correct.
Message[302] /home/moonshine/speedbus/pic/mplabx.proj/speedlib/LCD.Screen.DMF5005N.X/main.asm 641 : Register in operand not in bank 0.  Ensure that bank bits are correct.
Message[302] /home/moonshine/speedbus/pic/mplabx.proj/speedlib/LCD.Screen.DMF5005N.X/main.asm 643 : Register in operand not in bank 0.  Ensure that bank bits are correct.
Message[302] /home/moonshine/speedbus/pic/mplabx.proj/speedlib/LCD.Screen.DMF5005N.X/main.asm 644 : Register in operand not in bank 0.  Ensure that bank bits are correct.
Message[302] /home/moonshine/speedbus/pic/mplabx.proj/speedlib/LCD.Screen.DMF5005N.X/main.asm 646 : Register in operand not in bank 0.  Ensure that bank bits are correct.
Message[302] /home/moonshine/speedbus/pic/mplabx.proj/speedlib/LCD.Screen.DMF5005N.X/main.asm 658 : Register in operand not in bank 0.  Ensure that bank bits are correct.
Message[302] /home/moonshine/speedbus/pic/mplabx.proj/speedlib/LCD.Screen.DMF5005N.X/main.asm 660 : Register in operand not in bank 0.  Ensure that bank bits are correct.
Message[302] /home/moonshine/speedbus/pic/mplabx.proj/speedlib/LCD.Screen.DMF5005N.X/main.asm 662 : Register in operand not in bank 0.  Ensure that bank bits are correct.
Message[302] /home/moonshine/speedbus/pic/mplabx.proj/speedlib/LCD.Screen.DMF5005N.X/main.asm 664 : Register in operand not in bank 0.  Ensure that bank bits are correct.
Message[302] /home/moonshine/speedbus/pic/mplabx.proj/speedlib/LCD.Screen.DMF5005N.X/main.asm 675 : Register in operand not in bank 0.  Ensure that bank bits are correct.
Message[302] /home/moonshine/speedbus/pic/mplabx.proj/speedlib/LCD.Screen.DMF5005N.X/main.asm 677 : Register in operand not in bank 0.  Ensure that bank bits are correct.
Message[302] /home/moonshine/speedbus/pic/mplabx.proj/speedlib/LCD.Screen.DMF5005N.X/main.asm 679 : Register in operand not in bank 0.  Ensure that bank bits are correct.
Message[302] /home/moonshine/speedbus/pic/mplabx.proj/speedlib/LCD.Screen.DMF5005N.X/main.asm 681 : Register in operand not in bank 0.  Ensure that bank bits are correct.
Warning[205] /home/moonshine/speedbus/pic/mplabx.proj/speedlib/LCD.Screen.DMF5005N.X/main.asm 686 : Found directive in column 1. (end)
